# JRE version: Java(TM) SE Runtime Environment (8.0_45-b14) (build 1.8.0_45-b14)
# Java VM: Java HotSpot(TM) 64-Bit Server VM (25.45-b02 mixed mode bsd-amd64 compressed oops)
Heap:
 PSYoungGen      total 370688K, used 144586K [0x0000000795580000, 0x00000007b2d00000, 0x00000007c0000000)
  eden space 356864K, 40% used [0x0000000795580000,0x000000079e1ea338,0x00000007ab200000)
  from space 13824K, 5% used [0x00000007ab200000,0x00000007ab2c85c0,0x00000007abf80000)
  to   space 13312K, 0% used [0x00000007b2000000,0x00000007b2000000,0x00000007b2d00000)
 ParOldGen       total 113152K, used 41666K [0x0000000740000000, 0x0000000746e80000, 0x0000000795580000)
  object space 113152K, 36% used [0x0000000740000000,0x00000007428b0910,0x0000000746e80000)
 Metaspace       used 35221K, capacity 36888K, committed 37040K, reserved 1081344K
  class space    used 4404K, capacity 4980K, committed 5040K, reserved 1048576K
GC Heap History (10 events):
Event: 18.435 GC heap before
{Heap before GC invocations=15 (full 2):
 PSYoungGen      total 179200K, used 179151K [0x0000000795580000, 0x00000007a1880000, 0x00000007c0000000)
  eden space 166400K, 100% used [0x0000000795580000,0x000000079f800000,0x000000079f800000)
  from space 12800K, 99% used [0x00000007a0700000,0x00000007a1373eb0,0x00000007a1380000)
  to   space 15360K, 0% used [0x000000079f800000,0x000000079f800000,0x00000007a0700000)
 ParOldGen       total 113152K, used 24906K [0x0000000740000000, 0x0000000746e80000, 0x0000000795580000)
  object space 113152K, 22% used [0x0000000740000000,0x00000007418529a8,0x0000000746e80000)
 Metaspace       used 34459K, capacity 36172K, committed 36528K, reserved 1081344K
  class space    used 4369K, capacity 4942K, committed 5040K, reserved 1048576K
Event: 18.447 GC heap after
Heap after GC invocations=15 (full 2):
 PSYoungGen      total 181760K, used 393K [0x0000000795580000, 0x00000007a6600000, 0x00000007c0000000)
  eden space 166400K, 0% used [0x0000000795580000,0x0000000795580000,0x000000079f800000)
  from space 15360K, 2% used [0x000000079f800000,0x000000079f862778,0x00000007a0700000)
  to   space 15360K, 0% used [0x00000007a5700000,0x00000007a5700000,0x00000007a6600000)
 ParOldGen       total 113152K, used 38525K [0x0000000740000000, 0x0000000746e80000, 0x0000000795580000)
  object space 113152K, 34% used [0x0000000740000000,0x000000074259f5e8,0x0000000746e80000)
 Metaspace       used 34459K, capacity 36172K, committed 36528K, reserved 1081344K
  class space    used 4369K, capacity 4942K, committed 5040K, reserved 1048576K
}
Event: 18.554 GC heap before
{Heap before GC invocations=16 (full 2):
 PSYoungGen      total 181760K, used 166788K [0x0000000795580000, 0x00000007a6600000, 0x00000007c0000000)
  eden space 166400K, 99% used [0x0000000795580000,0x000000079f7fea98,0x000000079f800000)
  from space 15360K, 2% used [0x000000079f800000,0x000000079f862778,0x00000007a0700000)
  to   space 15360K, 0% used [0x00000007a5700000,0x00000007a5700000,0x00000007a6600000)
 ParOldGen       total 113152K, used 38525K [0x0000000740000000, 0x0000000746e80000, 0x0000000795580000)
  object space 113152K, 34% used [0x0000000740000000,0x000000074259f5e8,0x0000000746e80000)
 Metaspace       used 34468K, capacity 36172K, committed 36528K, reserved 1081344K
  class space    used 4369K, capacity 4942K, committed 5040K, reserved 1048576K
Event: 18.558 GC heap after
Heap after GC invocations=16 (full 2):
 PSYoungGen      total 258560K, used 307K [0x0000000795580000, 0x00000007a6300000, 0x00000007c0000000)
  eden space 246272K, 0% used [0x0000000795580000,0x0000000795580000,0x00000007a4600000)
  from space 12288K, 2% used [0x00000007a5700000,0x00000007a574cf88,0x00000007a6300000)
  to   space 14848K, 0% used [0x00000007a4600000,0x00000007a4600000,0x00000007a5480000)
 ParOldGen       total 113152K, used 38637K [0x0000000740000000, 0x0000000746e80000, 0x0000000795580000)
  object space 113152K, 34% used [0x0000000740000000,0x00000007425bb5e8,0x0000000746e80000)
 Metaspace       used 34468K, capacity 36172K, committed 36528K, reserved 1081344K
  class space    used 4369K, capacity 4942K, committed 5040K, reserved 1048576K
}
Event: 22.957 GC heap before
{Heap before GC invocations=17 (full 2):
 PSYoungGen      total 258560K, used 246579K [0x0000000795580000, 0x00000007a6300000, 0x00000007c0000000)
  eden space 246272K, 100% used [0x0000000795580000,0x00000007a4600000,0x00000007a4600000)
  from space 12288K, 2% used [0x00000007a5700000,0x00000007a574cf88,0x00000007a6300000)
  to   space 14848K, 0% used [0x00000007a4600000,0x00000007a4600000,0x00000007a5480000)
 ParOldGen       total 113152K, used 38637K [0x0000000740000000, 0x0000000746e80000, 0x0000000795580000)
  object space 113152K, 34% used [0x0000000740000000,0x00000007425bb5e8,0x0000000746e80000)
 Metaspace       used 34993K, capacity 36626K, committed 36784K, reserved 1081344K
  class space    used 4402K, capacity 4979K, committed 5040K, reserved 1048576K
Event: 22.965 GC heap after
Heap after GC invocations=17 (full 2):
 PSYoungGen      total 261120K, used 3153K [0x0000000795580000, 0x00000007acd00000, 0x00000007c0000000)
  eden space 246272K, 0% used [0x0000000795580000,0x0000000795580000,0x00000007a4600000)
  from space 14848K, 21% used [0x00000007a4600000,0x00000007a4914560,0x00000007a5480000)
  to   space 13824K, 0% used [0x00000007abf80000,0x00000007abf80000,0x00000007acd00000)
 ParOldGen       total 113152K, used 38836K [0x0000000740000000, 0x0000000746e80000, 0x0000000795580000)
  object space 113152K, 34% used [0x0000000740000000,0x00000007425ed298,0x0000000746e80000)
 Metaspace       used 34993K, capacity 36626K, committed 36784K, reserved 1081344K
  class space    used 4402K, capacity 4979K, committed 5040K, reserved 1048576K
}
Event: 23.082 GC heap before
{Heap before GC invocations=18 (full 2):
 PSYoungGen      total 261120K, used 249425K [0x0000000795580000, 0x00000007acd00000, 0x00000007c0000000)
  eden space 246272K, 100% used [0x0000000795580000,0x00000007a4600000,0x00000007a4600000)
  from space 14848K, 21% used [0x00000007a4600000,0x00000007a4914560,0x00000007a5480000)
  to   space 13824K, 0% used [0x00000007abf80000,0x00000007abf80000,0x00000007acd00000)
 ParOldGen       total 113152K, used 38836K [0x0000000740000000, 0x0000000746e80000, 0x0000000795580000)
  object space 113152K, 34% used [0x0000000740000000,0x00000007425ed298,0x0000000746e80000)
 Metaspace       used 34998K, capacity 36632K, committed 36784K, reserved 1081344K
  class space    used 4403K, capacity 4980K, committed 5040K, reserved 1048576K
Event: 23.087 GC heap after
Heap after GC invocations=18 (full 2):
 PSYoungGen      total 370688K, used 418K [0x0000000795580000, 0x00000007acd80000, 0x00000007c0000000)
  eden space 356864K, 0% used [0x0000000795580000,0x0000000795580000,0x00000007ab200000)
  from space 13824K, 3% used [0x00000007abf80000,0x00000007abfe8970,0x00000007acd00000)
  to   space 13824K, 0% used [0x00000007ab200000,0x00000007ab200000,0x00000007abf80000)
 ParOldGen       total 113152K, used 41593K [0x0000000740000000, 0x0000000746e80000, 0x0000000795580000)
  object space 113152K, 36% used [0x0000000740000000,0x000000074289e780,0x0000000746e80000)
 Metaspace       used 34998K, capacity 36632K, committed 36784K, reserved 1081344K
  class space    used 4403K, capacity 4980K, committed 5040K, reserved 1048576K
}
Event: 25.297 GC heap before
{Heap before GC invocations=19 (full 2):
 PSYoungGen      total 370688K, used 357282K [0x0000000795580000, 0x00000007acd80000, 0x00000007c0000000)
  eden space 356864K, 100% used [0x0000000795580000,0x00000007ab200000,0x00000007ab200000)
  from space 13824K, 3% used [0x00000007abf80000,0x00000007abfe8970,0x00000007acd00000)
  to   space 13824K, 0% used [0x00000007ab200000,0x00000007ab200000,0x00000007abf80000)
 ParOldGen       total 113152K, used 41593K [0x0000000740000000, 0x0000000746e80000, 0x0000000795580000)
  object space 113152K, 36% used [0x0000000740000000,0x000000074289e780,0x0000000746e80000)
 Metaspace       used 35025K, capacity 36696K, committed 37040K, reserved 1081344K
  class space    used 4403K, capacity 4980K, committed 5040K, reserved 1048576K
Event: 25.301 GC heap after
Heap after GC invocations=19 (full 2):
 PSYoungGen      total 370688K, used 801K [0x0000000795580000, 0x00000007b2d00000, 0x00000007c0000000)
  eden space 356864K, 0% used [0x0000000795580000,0x0000000795580000,0x00000007ab200000)
  from space 13824K, 5% used [0x00000007ab200000,0x00000007ab2c85c0,0x00000007abf80000)
  to   space 13312K, 0% used [0x00000007b2000000,0x00000007b2000000,0x00000007b2d00000)
 ParOldGen       total 113152K, used 41666K [0x0000000740000000, 0x0000000746e80000, 0x0000000795580000)
  object space 113152K, 36% used [0x0000000740000000,0x00000007428b0910,0x0000000746e80000)
 Metaspace       used 35025K, capacity 36696K, committed 37040K, reserved 1081344K
  class space    used 4403K, capacity 4980K, committed 5040K, reserved 1048576K
}

