# JRE version: Java(TM) SE Runtime Environment (8.0_131-b11) (build 1.8.0_131-b11)
# Java VM: Java HotSpot(TM) 64-Bit Server VM (25.131-b11 mixed mode linux-amd64 compressed oops)
Heap:
 PSYoungGen      total 979456K, used 275150K [0x0000000782180000, 0x00000007c0000000, 0x00000007c0000000)
  eden space 949760K, 28% used [0x0000000782180000,0x0000000792deee20,0x00000007bc100000)
  from space 29696K, 0% used [0x00000007bc100000,0x00000007bc144d98,0x00000007bde00000)
  to   space 28672K, 0% used [0x00000007be400000,0x00000007be400000,0x00000007c0000000)
 ParOldGen       total 204288K, used 79613K [0x0000000706400000, 0x0000000712b80000, 0x0000000782180000)
  object space 204288K, 38% used [0x0000000706400000,0x000000070b1bf688,0x0000000712b80000)
 Metaspace       used 34806K, capacity 36320K, committed 36520K, reserved 1081344K
  class space    used 4302K, capacity 4774K, committed 4864K, reserved 1048576K
GC Heap History (10 events):
Event: 5,310 GC heap before
{Heap before GC invocations=19 (full 2):
 PSYoungGen      total 914432K, used 898048K [0x0000000782180000, 0x00000007bea80000, 0x00000007c0000000)
  eden space 898048K, 100% used [0x0000000782180000,0x00000007b8e80000,0x00000007b8e80000)
  from space 16384K, 0% used [0x00000007bb080000,0x00000007bb080000,0x00000007bc080000)
  to   space 34816K, 0% used [0x00000007b8e80000,0x00000007b8e80000,0x00000007bb080000)
 ParOldGen       total 204288K, used 75608K [0x0000000706400000, 0x0000000712b80000, 0x0000000782180000)
  object space 204288K, 37% used [0x0000000706400000,0x000000070add6098,0x0000000712b80000)
 Metaspace       used 34095K, capacity 35578K, committed 35880K, reserved 1081344K
  class space    used 4199K, capacity 4677K, committed 4736K, reserved 1048576K
Event: 5,313 GC heap after
Heap after GC invocations=19 (full 2):
 PSYoungGen      total 932864K, used 922K [0x0000000782180000, 0x00000007c0000000, 0x00000007c0000000)
  eden space 898048K, 0% used [0x0000000782180000,0x0000000782180000,0x00000007b8e80000)
  from space 34816K, 2% used [0x00000007b8e80000,0x00000007b8f669c0,0x00000007bb080000)
  to   space 33792K, 0% used [0x00000007bdf00000,0x00000007bdf00000,0x00000007c0000000)
 ParOldGen       total 204288K, used 75616K [0x0000000706400000, 0x0000000712b80000, 0x0000000782180000)
  object space 204288K, 37% used [0x0000000706400000,0x000000070add8098,0x0000000712b80000)
 Metaspace       used 34095K, capacity 35578K, committed 35880K, reserved 1081344K
  class space    used 4199K, capacity 4677K, committed 4736K, reserved 1048576K
}
Event: 5,584 GC heap before
{Heap before GC invocations=20 (full 2):
 PSYoungGen      total 932864K, used 898970K [0x0000000782180000, 0x00000007c0000000, 0x00000007c0000000)
  eden space 898048K, 100% used [0x0000000782180000,0x00000007b8e80000,0x00000007b8e80000)
  from space 34816K, 2% used [0x00000007b8e80000,0x00000007b8f669c0,0x00000007bb080000)
  to   space 33792K, 0% used [0x00000007bdf00000,0x00000007bdf00000,0x00000007c0000000)
 ParOldGen       total 204288K, used 75616K [0x0000000706400000, 0x0000000712b80000, 0x0000000782180000)
  object space 204288K, 37% used [0x0000000706400000,0x000000070add8098,0x0000000712b80000)
 Metaspace       used 34654K, capacity 36256K, committed 36520K, reserved 1081344K
  class space    used 4282K, capacity 4774K, committed 4864K, reserved 1048576K
Event: 5,590 GC heap after
Heap after GC invocations=20 (full 2):
 PSYoungGen      total 976384K, used 1002K [0x0000000782180000, 0x00000007bfd00000, 0x00000007c0000000)
  eden space 945664K, 0% used [0x0000000782180000,0x0000000782180000,0x00000007bbd00000)
  from space 30720K, 3% used [0x00000007bdf00000,0x00000007bdffa990,0x00000007bfd00000)
  to   space 32768K, 0% used [0x00000007bbd00000,0x00000007bbd00000,0x00000007bdd00000)
 ParOldGen       total 204288K, used 76316K [0x0000000706400000, 0x0000000712b80000, 0x0000000782180000)
  object space 204288K, 37% used [0x0000000706400000,0x000000070ae870a8,0x0000000712b80000)
 Metaspace       used 34654K, capacity 36256K, committed 36520K, reserved 1081344K
  class space    used 4282K, capacity 4774K, committed 4864K, reserved 1048576K
}
Event: 5,774 GC heap before
{Heap before GC invocations=21 (full 2):
 PSYoungGen      total 976384K, used 946666K [0x0000000782180000, 0x00000007bfd00000, 0x00000007c0000000)
  eden space 945664K, 100% used [0x0000000782180000,0x00000007bbd00000,0x00000007bbd00000)
  from space 30720K, 3% used [0x00000007bdf00000,0x00000007bdffa990,0x00000007bfd00000)
  to   space 32768K, 0% used [0x00000007bbd00000,0x00000007bbd00000,0x00000007bdd00000)
 ParOldGen       total 204288K, used 76316K [0x0000000706400000, 0x0000000712b80000, 0x0000000782180000)
  object space 204288K, 37% used [0x0000000706400000,0x000000070ae870a8,0x0000000712b80000)
 Metaspace       used 34654K, capacity 36256K, committed 36520K, reserved 1081344K
  class space    used 4282K, capacity 4774K, committed 4864K, reserved 1048576K
Event: 5,776 GC heap after
Heap after GC invocations=21 (full 2):
 PSYoungGen      total 978432K, used 286K [0x0000000782180000, 0x00000007c0000000, 0x00000007c0000000)
  eden space 945664K, 0% used [0x0000000782180000,0x0000000782180000,0x00000007bbd00000)
  from space 32768K, 0% used [0x00000007bbd00000,0x00000007bbd47b08,0x00000007bdd00000)
  to   space 31744K, 0% used [0x00000007be100000,0x00000007be100000,0x00000007c0000000)
 ParOldGen       total 204288K, used 77113K [0x0000000706400000, 0x0000000712b80000, 0x0000000782180000)
  object space 204288K, 37% used [0x0000000706400000,0x000000070af4e550,0x0000000712b80000)
 Metaspace       used 34654K, capacity 36256K, committed 36520K, reserved 1081344K
  class space    used 4282K, capacity 4774K, committed 4864K, reserved 1048576K
}
Event: 6,047 GC heap before
{Heap before GC invocations=22 (full 2):
 PSYoungGen      total 978432K, used 945950K [0x0000000782180000, 0x00000007c0000000, 0x00000007c0000000)
  eden space 945664K, 100% used [0x0000000782180000,0x00000007bbd00000,0x00000007bbd00000)
  from space 32768K, 0% used [0x00000007bbd00000,0x00000007bbd47b08,0x00000007bdd00000)
  to   space 31744K, 0% used [0x00000007be100000,0x00000007be100000,0x00000007c0000000)
 ParOldGen       total 204288K, used 77113K [0x0000000706400000, 0x0000000712b80000, 0x0000000782180000)
  object space 204288K, 37% used [0x0000000706400000,0x000000070af4e550,0x0000000712b80000)
 Metaspace       used 34783K, capacity 36320K, committed 36520K, reserved 1081344K
  class space    used 4300K, capacity 4774K, committed 4864K, reserved 1048576K
Event: 6,051 GC heap after
Heap after GC invocations=22 (full 2):
 PSYoungGen      total 976384K, used 2650K [0x0000000782180000, 0x00000007bfb00000, 0x00000007c0000000)
  eden space 949760K, 0% used [0x0000000782180000,0x0000000782180000,0x00000007bc100000)
  from space 26624K, 9% used [0x00000007be100000,0x00000007be396840,0x00000007bfb00000)
  to   space 29696K, 0% used [0x00000007bc100000,0x00000007bc100000,0x00000007bde00000)
 ParOldGen       total 204288K, used 77121K [0x0000000706400000, 0x0000000712b80000, 0x0000000782180000)
  object space 204288K, 37% used [0x0000000706400000,0x000000070af50550,0x0000000712b80000)
 Metaspace       used 34783K, capacity 36320K, committed 36520K, reserved 1081344K
  class space    used 4300K, capacity 4774K, committed 4864K, reserved 1048576K
}
Event: 6,215 GC heap before
{Heap before GC invocations=23 (full 2):
 PSYoungGen      total 976384K, used 952410K [0x0000000782180000, 0x00000007bfb00000, 0x00000007c0000000)
  eden space 949760K, 100% used [0x0000000782180000,0x00000007bc100000,0x00000007bc100000)
  from space 26624K, 9% used [0x00000007be100000,0x00000007be396840,0x00000007bfb00000)
  to   space 29696K, 0% used [0x00000007bc100000,0x00000007bc100000,0x00000007bde00000)
 ParOldGen       total 204288K, used 77121K [0x0000000706400000, 0x0000000712b80000, 0x0000000782180000)
  object space 204288K, 37% used [0x0000000706400000,0x000000070af50550,0x0000000712b80000)
 Metaspace       used 34803K, capacity 36320K, committed 36520K, reserved 1081344K
  class space    used 4302K, capacity 4774K, committed 4864K, reserved 1048576K
Event: 6,218 GC heap after
Heap after GC invocations=23 (full 2):
 PSYoungGen      total 979456K, used 275K [0x0000000782180000, 0x00000007c0000000, 0x00000007c0000000)
  eden space 949760K, 0% used [0x0000000782180000,0x0000000782180000,0x00000007bc100000)
  from space 29696K, 0% used [0x00000007bc100000,0x00000007bc144d98,0x00000007bde00000)
  to   space 28672K, 0% used [0x00000007be400000,0x00000007be400000,0x00000007c0000000)
 ParOldGen       total 204288K, used 79613K [0x0000000706400000, 0x0000000712b80000, 0x0000000782180000)
  object space 204288K, 38% used [0x0000000706400000,0x000000070b1bf688,0x0000000712b80000)
 Metaspace       used 34803K, capacity 36320K, committed 36520K, reserved 1081344K
  class space    used 4302K, capacity 4774K, committed 4864K, reserved 1048576K
}

