# JRE version: Java(TM) SE Runtime Environment (8.0_45-b14) (build 1.8.0_45-b14)
# Java VM: Java HotSpot(TM) 64-Bit Server VM (25.45-b02 mixed mode bsd-amd64 compressed oops)
Heap:
 PSYoungGen      total 654848K, used 328215K [0x0000000795580000, 0x00000007bf380000, 0x00000007c0000000)
  eden space 643072K, 49% used [0x0000000795580000,0x00000007a8a8dce0,0x00000007bc980000)
  from space 11776K, 99% used [0x00000007be780000,0x00000007bf2f8288,0x00000007bf300000)
  to   space 512K, 0% used [0x00000007bf300000,0x00000007bf300000,0x00000007bf380000)
 ParOldGen       total 104448K, used 44908K [0x0000000740000000, 0x0000000746600000, 0x0000000795580000)
  object space 104448K, 42% used [0x0000000740000000,0x0000000742bdb3c8,0x0000000746600000)
 Metaspace       used 35367K, capacity 37036K, committed 37248K, reserved 1081344K
  class space    used 4341K, capacity 4916K, committed 4992K, reserved 1048576K
GC Heap History (10 events):
Event: 118.924 GC heap before
{Heap before GC invocations=23 (full 2):
 PSYoungGen      total 683520K, used 670822K [0x0000000795580000, 0x00000007bfe80000, 0x00000007c0000000)
  eden space 669696K, 100% used [0x0000000795580000,0x00000007be380000,0x00000007be380000)
  from space 13824K, 8% used [0x00000007bf100000,0x00000007bf2198e8,0x00000007bfe80000)
  to   space 13824K, 0% used [0x00000007be380000,0x00000007be380000,0x00000007bf100000)
 ParOldGen       total 104448K, used 39377K [0x0000000740000000, 0x0000000746600000, 0x0000000795580000)
  object space 104448K, 37% used [0x0000000740000000,0x0000000742674518,0x0000000746600000)
 Metaspace       used 34699K, capacity 36338K, committed 36480K, reserved 1081344K
  class space    used 4319K, capacity 4879K, committed 4992K, reserved 1048576K
Event: 118.932 GC heap after
Heap after GC invocations=23 (full 2):
 PSYoungGen      total 683520K, used 754K [0x0000000795580000, 0x00000007bff00000, 0x00000007c0000000)
  eden space 669696K, 0% used [0x0000000795580000,0x0000000795580000,0x00000007be380000)
  from space 13824K, 5% used [0x00000007be380000,0x00000007be43c8b8,0x00000007bf100000)
  to   space 13312K, 0% used [0x00000007bf200000,0x00000007bf200000,0x00000007bff00000)
 ParOldGen       total 104448K, used 39901K [0x0000000740000000, 0x0000000746600000, 0x0000000795580000)
  object space 104448K, 38% used [0x0000000740000000,0x00000007426f7448,0x0000000746600000)
 Metaspace       used 34699K, capacity 36338K, committed 36480K, reserved 1081344K
  class space    used 4319K, capacity 4879K, committed 4992K, reserved 1048576K
}
Event: 121.773 GC heap before
{Heap before GC invocations=24 (full 2):
 PSYoungGen      total 683520K, used 670450K [0x0000000795580000, 0x00000007bff00000, 0x00000007c0000000)
  eden space 669696K, 100% used [0x0000000795580000,0x00000007be380000,0x00000007be380000)
  from space 13824K, 5% used [0x00000007be380000,0x00000007be43c8b8,0x00000007bf100000)
  to   space 13312K, 0% used [0x00000007bf200000,0x00000007bf200000,0x00000007bff00000)
 ParOldGen       total 104448K, used 39901K [0x0000000740000000, 0x0000000746600000, 0x0000000795580000)
  object space 104448K, 38% used [0x0000000740000000,0x00000007426f7448,0x0000000746600000)
 Metaspace       used 34747K, capacity 36466K, committed 36736K, reserved 1081344K
  class space    used 4319K, capacity 4879K, committed 4992K, reserved 1048576K
Event: 121.776 GC heap after
Heap after GC invocations=24 (full 2):
 PSYoungGen      total 684544K, used 797K [0x0000000795580000, 0x00000007bfe80000, 0x00000007c0000000)
  eden space 671744K, 0% used [0x0000000795580000,0x0000000795580000,0x00000007be580000)
  from space 12800K, 6% used [0x00000007bf200000,0x00000007bf2c7628,0x00000007bfe80000)
  to   space 12800K, 0% used [0x00000007be580000,0x00000007be580000,0x00000007bf200000)
 ParOldGen       total 104448K, used 39909K [0x0000000740000000, 0x0000000746600000, 0x0000000795580000)
  object space 104448K, 38% used [0x0000000740000000,0x00000007426f9448,0x0000000746600000)
 Metaspace       used 34747K, capacity 36466K, committed 36736K, reserved 1081344K
  class space    used 4319K, capacity 4879K, committed 4992K, reserved 1048576K
}
Event: 141.104 GC heap before
{Heap before GC invocations=25 (full 2):
 PSYoungGen      total 684544K, used 672541K [0x0000000795580000, 0x00000007bfe80000, 0x00000007c0000000)
  eden space 671744K, 100% used [0x0000000795580000,0x00000007be580000,0x00000007be580000)
  from space 12800K, 6% used [0x00000007bf200000,0x00000007bf2c7628,0x00000007bfe80000)
  to   space 12800K, 0% used [0x00000007be580000,0x00000007be580000,0x00000007bf200000)
 ParOldGen       total 104448K, used 39909K [0x0000000740000000, 0x0000000746600000, 0x0000000795580000)
  object space 104448K, 38% used [0x0000000740000000,0x00000007426f9448,0x0000000746600000)
 Metaspace       used 34795K, capacity 36466K, committed 36736K, reserved 1081344K
  class space    used 4319K, capacity 4879K, committed 4992K, reserved 1048576K
Event: 141.107 GC heap after
Heap after GC invocations=25 (full 2):
 PSYoungGen      total 684544K, used 1388K [0x0000000795580000, 0x00000007bff00000, 0x00000007c0000000)
  eden space 671744K, 0% used [0x0000000795580000,0x0000000795580000,0x00000007be580000)
  from space 12800K, 10% used [0x00000007be580000,0x00000007be6db100,0x00000007bf200000)
  to   space 12288K, 0% used [0x00000007bf300000,0x00000007bf300000,0x00000007bff00000)
 ParOldGen       total 104448K, used 39917K [0x0000000740000000, 0x0000000746600000, 0x0000000795580000)
  object space 104448K, 38% used [0x0000000740000000,0x00000007426fb448,0x0000000746600000)
 Metaspace       used 34795K, capacity 36466K, committed 36736K, reserved 1081344K
  class space    used 4319K, capacity 4879K, committed 4992K, reserved 1048576K
}
Event: 164.949 GC heap before
{Heap before GC invocations=26 (full 2):
 PSYoungGen      total 684544K, used 673132K [0x0000000795580000, 0x00000007bff00000, 0x00000007c0000000)
  eden space 671744K, 100% used [0x0000000795580000,0x00000007be580000,0x00000007be580000)
  from space 12800K, 10% used [0x00000007be580000,0x00000007be6db100,0x00000007bf200000)
  to   space 12288K, 0% used [0x00000007bf300000,0x00000007bf300000,0x00000007bff00000)
 ParOldGen       total 104448K, used 39917K [0x0000000740000000, 0x0000000746600000, 0x0000000795580000)
  object space 104448K, 38% used [0x0000000740000000,0x00000007426fb448,0x0000000746600000)
 Metaspace       used 34826K, capacity 36530K, committed 36736K, reserved 1081344K
  class space    used 4319K, capacity 4879K, committed 4992K, reserved 1048576K
Event: 164.952 GC heap after
Heap after GC invocations=26 (full 2):
 PSYoungGen      total 685568K, used 1759K [0x0000000795580000, 0x00000007bfe80000, 0x00000007c0000000)
  eden space 673792K, 0% used [0x0000000795580000,0x0000000795580000,0x00000007be780000)
  from space 11776K, 14% used [0x00000007bf300000,0x00000007bf4b7fb8,0x00000007bfe80000)
  to   space 11776K, 0% used [0x00000007be780000,0x00000007be780000,0x00000007bf300000)
 ParOldGen       total 104448K, used 39925K [0x0000000740000000, 0x0000000746600000, 0x0000000795580000)
  object space 104448K, 38% used [0x0000000740000000,0x00000007426fd448,0x0000000746600000)
 Metaspace       used 34826K, capacity 36530K, committed 36736K, reserved 1081344K
  class space    used 4319K, capacity 4879K, committed 4992K, reserved 1048576K
}
Event: 2457.642 GC heap before
{Heap before GC invocations=27 (full 2):
 PSYoungGen      total 685568K, used 675551K [0x0000000795580000, 0x00000007bfe80000, 0x00000007c0000000)
  eden space 673792K, 100% used [0x0000000795580000,0x00000007be780000,0x00000007be780000)
  from space 11776K, 14% used [0x00000007bf300000,0x00000007bf4b7fb8,0x00000007bfe80000)
  to   space 11776K, 0% used [0x00000007be780000,0x00000007be780000,0x00000007bf300000)
 ParOldGen       total 104448K, used 39925K [0x0000000740000000, 0x0000000746600000, 0x0000000795580000)
  object space 104448K, 38% used [0x0000000740000000,0x00000007426fd448,0x0000000746600000)
 Metaspace       used 35152K, capacity 36838K, committed 36992K, reserved 1081344K
  class space    used 4339K, capacity 4915K, committed 4992K, reserved 1048576K
Event: 2457.657 GC heap after
Heap after GC invocations=27 (full 2):
 PSYoungGen      total 654848K, used 11744K [0x0000000795580000, 0x00000007bf380000, 0x00000007c0000000)
  eden space 643072K, 0% used [0x0000000795580000,0x0000000795580000,0x00000007bc980000)
  from space 11776K, 99% used [0x00000007be780000,0x00000007bf2f8288,0x00000007bf300000)
  to   space 512K, 0% used [0x00000007bf300000,0x00000007bf300000,0x00000007bf380000)
 ParOldGen       total 104448K, used 44908K [0x0000000740000000, 0x0000000746600000, 0x0000000795580000)
  object space 104448K, 42% used [0x0000000740000000,0x0000000742bdb3c8,0x0000000746600000)
 Metaspace       used 35152K, capacity 36838K, committed 36992K, reserved 1081344K
  class space    used 4339K, capacity 4915K, committed 4992K, reserved 1048576K
}

