# JRE version: Java(TM) SE Runtime Environment (8.0_121-b13) (build 1.8.0_121-b13)
# Java VM: Java HotSpot(TM) 64-Bit Server VM (25.121-b13 mixed mode linux-amd64 compressed oops)
Heap:
 PSYoungGen      total 642048K, used 320469K [0x00000000d6d80000, 0x00000000ffc00000, 0x0000000100000000)
  eden space 617984K, 51% used [0x00000000d6d80000,0x00000000ea4c6e38,0x00000000fc900000)
  from space 24064K, 7% used [0x00000000fe480000,0x00000000fe62e828,0x00000000ffc00000)
  to   space 26112K, 0% used [0x00000000fc900000,0x00000000fc900000,0x00000000fe280000)
 ParOldGen       total 194048K, used 83164K [0x0000000084800000, 0x0000000090580000, 0x00000000d6d80000)
  object space 194048K, 42% used [0x0000000084800000,0x00000000899370b8,0x0000000090580000)
 Metaspace       used 34932K, capacity 36494K, committed 36824K, reserved 1081344K
  class space    used 4290K, capacity 4807K, committed 4864K, reserved 1048576K
GC Heap History (10 events):
Event: 10,250 GC heap before
{Heap before GC invocations=21 (full 3):
 PSYoungGen      total 642048K, used 234K [0x00000000d6d80000, 0x0000000100000000, 0x0000000100000000)
  eden space 612864K, 0% used [0x00000000d6d80000,0x00000000d6d80000,0x00000000fc400000)
  from space 29184K, 0% used [0x00000000fe380000,0x00000000fe3ba8c0,0x0000000100000000)
  to   space 30720K, 0% used [0x00000000fc400000,0x00000000fc400000,0x00000000fe200000)
 ParOldGen       total 113664K, used 92112K [0x0000000084800000, 0x000000008b700000, 0x00000000d6d80000)
  object space 113664K, 81% used [0x0000000084800000,0x000000008a1f42d0,0x000000008b700000)
 Metaspace       used 34858K, capacity 36422K, committed 36568K, reserved 1081344K
  class space    used 4290K, capacity 4807K, committed 4864K, reserved 1048576K
Event: 10,368 GC heap after
Heap after GC invocations=21 (full 3):
 PSYoungGen      total 642048K, used 0K [0x00000000d6d80000, 0x0000000100000000, 0x0000000100000000)
  eden space 612864K, 0% used [0x00000000d6d80000,0x00000000d6d80000,0x00000000fc400000)
  from space 29184K, 0% used [0x00000000fe380000,0x00000000fe380000,0x0000000100000000)
  to   space 30720K, 0% used [0x00000000fc400000,0x00000000fc400000,0x00000000fe200000)
 ParOldGen       total 194048K, used 77374K [0x0000000084800000, 0x0000000090580000, 0x00000000d6d80000)
  object space 194048K, 39% used [0x0000000084800000,0x000000008938fab8,0x0000000090580000)
 Metaspace       used 34858K, capacity 36422K, committed 36568K, reserved 1081344K
  class space    used 4290K, capacity 4807K, committed 4864K, reserved 1048576K
}
Event: 10,517 GC heap before
{Heap before GC invocations=22 (full 3):
 PSYoungGen      total 642048K, used 612864K [0x00000000d6d80000, 0x0000000100000000, 0x0000000100000000)
  eden space 612864K, 100% used [0x00000000d6d80000,0x00000000fc400000,0x00000000fc400000)
  from space 29184K, 0% used [0x00000000fe380000,0x00000000fe380000,0x0000000100000000)
  to   space 30720K, 0% used [0x00000000fc400000,0x00000000fc400000,0x00000000fe200000)
 ParOldGen       total 194048K, used 77374K [0x0000000084800000, 0x0000000090580000, 0x00000000d6d80000)
  object space 194048K, 39% used [0x0000000084800000,0x000000008938fab8,0x0000000090580000)
 Metaspace       used 34879K, capacity 36422K, committed 36568K, reserved 1081344K
  class space    used 4290K, capacity 4807K, committed 4864K, reserved 1048576K
Event: 10,519 GC heap after
Heap after GC invocations=22 (full 3):
 PSYoungGen      total 643584K, used 225K [0x00000000d6d80000, 0x00000000fff80000, 0x0000000100000000)
  eden space 612864K, 0% used [0x00000000d6d80000,0x00000000d6d80000,0x00000000fc400000)
  from space 30720K, 0% used [0x00000000fc400000,0x00000000fc4387b8,0x00000000fe200000)
  to   space 29696K, 0% used [0x00000000fe280000,0x00000000fe280000,0x00000000fff80000)
 ParOldGen       total 194048K, used 77374K [0x0000000084800000, 0x0000000090580000, 0x00000000d6d80000)
  object space 194048K, 39% used [0x0000000084800000,0x000000008938fab8,0x0000000090580000)
 Metaspace       used 34879K, capacity 36422K, committed 36568K, reserved 1081344K
  class space    used 4290K, capacity 4807K, committed 4864K, reserved 1048576K
}
Event: 10,646 GC heap before
{Heap before GC invocations=23 (full 3):
 PSYoungGen      total 643584K, used 613089K [0x00000000d6d80000, 0x00000000fff80000, 0x0000000100000000)
  eden space 612864K, 100% used [0x00000000d6d80000,0x00000000fc400000,0x00000000fc400000)
  from space 30720K, 0% used [0x00000000fc400000,0x00000000fc4387b8,0x00000000fe200000)
  to   space 29696K, 0% used [0x00000000fe280000,0x00000000fe280000,0x00000000fff80000)
 ParOldGen       total 194048K, used 77374K [0x0000000084800000, 0x0000000090580000, 0x00000000d6d80000)
  object space 194048K, 39% used [0x0000000084800000,0x000000008938fab8,0x0000000090580000)
 Metaspace       used 34879K, capacity 36422K, committed 36568K, reserved 1081344K
  class space    used 4290K, capacity 4807K, committed 4864K, reserved 1048576K
Event: 10,648 GC heap after
Heap after GC invocations=23 (full 3):
 PSYoungGen      total 641024K, used 214K [0x00000000d6d80000, 0x00000000ffd00000, 0x0000000100000000)
  eden space 613888K, 0% used [0x00000000d6d80000,0x00000000d6d80000,0x00000000fc500000)
  from space 27136K, 0% used [0x00000000fe280000,0x00000000fe2b5918,0x00000000ffd00000)
  to   space 28672K, 0% used [0x00000000fc500000,0x00000000fc500000,0x00000000fe100000)
 ParOldGen       total 194048K, used 77416K [0x0000000084800000, 0x0000000090580000, 0x00000000d6d80000)
  object space 194048K, 39% used [0x0000000084800000,0x000000008939a0d8,0x0000000090580000)
 Metaspace       used 34879K, capacity 36422K, committed 36568K, reserved 1081344K
  class space    used 4290K, capacity 4807K, committed 4864K, reserved 1048576K
}
Event: 10,788 GC heap before
{Heap before GC invocations=24 (full 3):
 PSYoungGen      total 641024K, used 614102K [0x00000000d6d80000, 0x00000000ffd00000, 0x0000000100000000)
  eden space 613888K, 100% used [0x00000000d6d80000,0x00000000fc500000,0x00000000fc500000)
  from space 27136K, 0% used [0x00000000fe280000,0x00000000fe2b5918,0x00000000ffd00000)
  to   space 28672K, 0% used [0x00000000fc500000,0x00000000fc500000,0x00000000fe100000)
 ParOldGen       total 194048K, used 77416K [0x0000000084800000, 0x0000000090580000, 0x00000000d6d80000)
  object space 194048K, 39% used [0x0000000084800000,0x000000008939a0d8,0x0000000090580000)
 Metaspace       used 34890K, capacity 36422K, committed 36568K, reserved 1081344K
  class space    used 4290K, capacity 4807K, committed 4864K, reserved 1048576K
Event: 10,790 GC heap after
Heap after GC invocations=24 (full 3):
 PSYoungGen      total 642560K, used 263K [0x00000000d6d80000, 0x00000000fff80000, 0x0000000100000000)
  eden space 613888K, 0% used [0x00000000d6d80000,0x00000000d6d80000,0x00000000fc500000)
  from space 28672K, 0% used [0x00000000fc500000,0x00000000fc541fe0,0x00000000fe100000)
  to   space 27648K, 0% used [0x00000000fe480000,0x00000000fe480000,0x00000000fff80000)
 ParOldGen       total 194048K, used 77424K [0x0000000084800000, 0x0000000090580000, 0x00000000d6d80000)
  object space 194048K, 39% used [0x0000000084800000,0x000000008939c0d8,0x0000000090580000)
 Metaspace       used 34890K, capacity 36422K, committed 36568K, reserved 1081344K
  class space    used 4290K, capacity 4807K, committed 4864K, reserved 1048576K
}
Event: 11,066 GC heap before
{Heap before GC invocations=25 (full 3):
 PSYoungGen      total 642560K, used 614151K [0x00000000d6d80000, 0x00000000fff80000, 0x0000000100000000)
  eden space 613888K, 100% used [0x00000000d6d80000,0x00000000fc500000,0x00000000fc500000)
  from space 28672K, 0% used [0x00000000fc500000,0x00000000fc541fe0,0x00000000fe100000)
  to   space 27648K, 0% used [0x00000000fe480000,0x00000000fe480000,0x00000000fff80000)
 ParOldGen       total 194048K, used 83131K [0x0000000084800000, 0x0000000090580000, 0x00000000d6d80000)
  object space 194048K, 42% used [0x0000000084800000,0x000000008992efb0,0x0000000090580000)
 Metaspace       used 34930K, capacity 36494K, committed 36824K, reserved 1081344K
  class space    used 4290K, capacity 4807K, committed 4864K, reserved 1048576K
Event: 11,070 GC heap after
Heap after GC invocations=25 (full 3):
 PSYoungGen      total 642048K, used 1722K [0x00000000d6d80000, 0x00000000ffc00000, 0x0000000100000000)
  eden space 617984K, 0% used [0x00000000d6d80000,0x00000000d6d80000,0x00000000fc900000)
  from space 24064K, 7% used [0x00000000fe480000,0x00000000fe62e828,0x00000000ffc00000)
  to   space 26112K, 0% used [0x00000000fc900000,0x00000000fc900000,0x00000000fe280000)
 ParOldGen       total 194048K, used 83164K [0x0000000084800000, 0x0000000090580000, 0x00000000d6d80000)
  object space 194048K, 42% used [0x0000000084800000,0x00000000899370b8,0x0000000090580000)
 Metaspace       used 34930K, capacity 36494K, committed 36824K, reserved 1081344K
  class space    used 4290K, capacity 4807K, committed 4864K, reserved 1048576K
}

