# JRE version: Java(TM) SE Runtime Environment (8.0_45-b14) (build 1.8.0_45-b14)
# Java VM: Java HotSpot(TM) 64-Bit Server VM (25.45-b02 mixed mode bsd-amd64 compressed oops)
Heap:
 PSYoungGen      total 660480K, used 234958K [0x0000000795580000, 0x00000007bfa80000, 0x00000007c0000000)
  eden space 633856K, 36% used [0x0000000795580000,0x00000007a3830198,0x00000007bc080000)
  from space 26624K, 10% used [0x00000007be080000,0x00000007be343748,0x00000007bfa80000)
  to   space 29696K, 0% used [0x00000007bc080000,0x00000007bc080000,0x00000007bdd80000)
 ParOldGen       total 196096K, used 83066K [0x0000000740000000, 0x000000074bf80000, 0x0000000795580000)
  object space 196096K, 42% used [0x0000000740000000,0x000000074511e8d8,0x000000074bf80000)
 Metaspace       used 35407K, capacity 37198K, committed 37296K, reserved 1081344K
  class space    used 4412K, capacity 4989K, committed 5040K, reserved 1048576K
GC Heap History (10 events):
Event: 34.101 GC heap before
{Heap before GC invocations=27 (full 3):
 PSYoungGen      total 660480K, used 623485K [0x0000000795580000, 0x00000007c0000000, 0x00000007c0000000)
  eden space 622080K, 100% used [0x0000000795580000,0x00000007bb500000,0x00000007bb500000)
  from space 38400K, 3% used [0x00000007bb500000,0x00000007bb65f6e8,0x00000007bda80000)
  to   space 37376K, 0% used [0x00000007bdb80000,0x00000007bdb80000,0x00000007c0000000)
 ParOldGen       total 196096K, used 81031K [0x0000000740000000, 0x000000074bf80000, 0x0000000795580000)
  object space 196096K, 41% used [0x0000000740000000,0x0000000744f21d90,0x000000074bf80000)
 Metaspace       used 35384K, capacity 37192K, committed 37296K, reserved 1081344K
  class space    used 4411K, capacity 4988K, committed 5040K, reserved 1048576K
Event: 34.105 GC heap after
Heap after GC invocations=27 (full 3):
 PSYoungGen      total 656384K, used 267K [0x0000000795580000, 0x00000007bfc00000, 0x00000007c0000000)
  eden space 623104K, 0% used [0x0000000795580000,0x0000000795580000,0x00000007bb600000)
  from space 33280K, 0% used [0x00000007bdb80000,0x00000007bdbc2dd0,0x00000007bfc00000)
  to   space 35840K, 0% used [0x00000007bb600000,0x00000007bb600000,0x00000007bd900000)
 ParOldGen       total 196096K, used 82180K [0x0000000740000000, 0x000000074bf80000, 0x0000000795580000)
  object space 196096K, 41% used [0x0000000740000000,0x00000007450411b0,0x000000074bf80000)
 Metaspace       used 35384K, capacity 37192K, committed 37296K, reserved 1081344K
  class space    used 4411K, capacity 4988K, committed 5040K, reserved 1048576K
}
Event: 34.424 GC heap before
{Heap before GC invocations=28 (full 3):
 PSYoungGen      total 656384K, used 623371K [0x0000000795580000, 0x00000007bfc00000, 0x00000007c0000000)
  eden space 623104K, 100% used [0x0000000795580000,0x00000007bb600000,0x00000007bb600000)
  from space 33280K, 0% used [0x00000007bdb80000,0x00000007bdbc2dd0,0x00000007bfc00000)
  to   space 35840K, 0% used [0x00000007bb600000,0x00000007bb600000,0x00000007bd900000)
 ParOldGen       total 196096K, used 82180K [0x0000000740000000, 0x000000074bf80000, 0x0000000795580000)
  object space 196096K, 41% used [0x0000000740000000,0x00000007450411b0,0x000000074bf80000)
 Metaspace       used 35384K, capacity 37192K, committed 37296K, reserved 1081344K
  class space    used 4411K, capacity 4988K, committed 5040K, reserved 1048576K
Event: 34.427 GC heap after
Heap after GC invocations=28 (full 3):
 PSYoungGen      total 658944K, used 227K [0x0000000795580000, 0x00000007c0000000, 0x00000007c0000000)
  eden space 623104K, 0% used [0x0000000795580000,0x0000000795580000,0x00000007bb600000)
  from space 35840K, 0% used [0x00000007bb600000,0x00000007bb638e48,0x00000007bd900000)
  to   space 34816K, 0% used [0x00000007bde00000,0x00000007bde00000,0x00000007c0000000)
 ParOldGen       total 196096K, used 82204K [0x0000000740000000, 0x000000074bf80000, 0x0000000795580000)
  object space 196096K, 41% used [0x0000000740000000,0x00000007450471b0,0x000000074bf80000)
 Metaspace       used 35384K, capacity 37192K, committed 37296K, reserved 1081344K
  class space    used 4411K, capacity 4988K, committed 5040K, reserved 1048576K
}
Event: 34.701 GC heap before
{Heap before GC invocations=29 (full 3):
 PSYoungGen      total 658944K, used 623331K [0x0000000795580000, 0x00000007c0000000, 0x00000007c0000000)
  eden space 623104K, 100% used [0x0000000795580000,0x00000007bb600000,0x00000007bb600000)
  from space 35840K, 0% used [0x00000007bb600000,0x00000007bb638e48,0x00000007bd900000)
  to   space 34816K, 0% used [0x00000007bde00000,0x00000007bde00000,0x00000007c0000000)
 ParOldGen       total 196096K, used 82204K [0x0000000740000000, 0x000000074bf80000, 0x0000000795580000)
  object space 196096K, 41% used [0x0000000740000000,0x00000007450471b0,0x000000074bf80000)
 Metaspace       used 35384K, capacity 37192K, committed 37296K, reserved 1081344K
  class space    used 4411K, capacity 4988K, committed 5040K, reserved 1048576K
Event: 34.704 GC heap after
Heap after GC invocations=29 (full 3):
 PSYoungGen      total 658944K, used 247K [0x0000000795580000, 0x00000007bfc00000, 0x00000007c0000000)
  eden space 628224K, 0% used [0x0000000795580000,0x0000000795580000,0x00000007bbb00000)
  from space 30720K, 0% used [0x00000007bde00000,0x00000007bde3df98,0x00000007bfc00000)
  to   space 33280K, 0% used [0x00000007bbb00000,0x00000007bbb00000,0x00000007bdb80000)
 ParOldGen       total 196096K, used 82220K [0x0000000740000000, 0x000000074bf80000, 0x0000000795580000)
  object space 196096K, 41% used [0x0000000740000000,0x000000074504b1b0,0x000000074bf80000)
 Metaspace       used 35384K, capacity 37192K, committed 37296K, reserved 1081344K
  class space    used 4411K, capacity 4988K, committed 5040K, reserved 1048576K
}
Event: 35.103 GC heap before
{Heap before GC invocations=30 (full 3):
 PSYoungGen      total 658944K, used 628471K [0x0000000795580000, 0x00000007bfc00000, 0x00000007c0000000)
  eden space 628224K, 100% used [0x0000000795580000,0x00000007bbb00000,0x00000007bbb00000)
  from space 30720K, 0% used [0x00000007bde00000,0x00000007bde3df98,0x00000007bfc00000)
  to   space 33280K, 0% used [0x00000007bbb00000,0x00000007bbb00000,0x00000007bdb80000)
 ParOldGen       total 196096K, used 82220K [0x0000000740000000, 0x000000074bf80000, 0x0000000795580000)
  object space 196096K, 41% used [0x0000000740000000,0x000000074504b1b0,0x000000074bf80000)
 Metaspace       used 35388K, capacity 37192K, committed 37296K, reserved 1081344K
  class space    used 4411K, capacity 4988K, committed 5040K, reserved 1048576K
Event: 35.111 GC heap after
Heap after GC invocations=30 (full 3):
 PSYoungGen      total 661504K, used 1139K [0x0000000795580000, 0x00000007bff80000, 0x00000007c0000000)
  eden space 628224K, 0% used [0x0000000795580000,0x0000000795580000,0x00000007bbb00000)
  from space 33280K, 3% used [0x00000007bbb00000,0x00000007bbc1ce58,0x00000007bdb80000)
  to   space 31744K, 0% used [0x00000007be080000,0x00000007be080000,0x00000007bff80000)
 ParOldGen       total 196096K, used 82228K [0x0000000740000000, 0x000000074bf80000, 0x0000000795580000)
  object space 196096K, 41% used [0x0000000740000000,0x000000074504d1b0,0x000000074bf80000)
 Metaspace       used 35388K, capacity 37192K, committed 37296K, reserved 1081344K
  class space    used 4411K, capacity 4988K, committed 5040K, reserved 1048576K
}
Event: 35.672 GC heap before
{Heap before GC invocations=31 (full 3):
 PSYoungGen      total 661504K, used 629363K [0x0000000795580000, 0x00000007bff80000, 0x00000007c0000000)
  eden space 628224K, 100% used [0x0000000795580000,0x00000007bbb00000,0x00000007bbb00000)
  from space 33280K, 3% used [0x00000007bbb00000,0x00000007bbc1ce58,0x00000007bdb80000)
  to   space 31744K, 0% used [0x00000007be080000,0x00000007be080000,0x00000007bff80000)
 ParOldGen       total 196096K, used 82228K [0x0000000740000000, 0x000000074bf80000, 0x0000000795580000)
  object space 196096K, 41% used [0x0000000740000000,0x000000074504d1b0,0x000000074bf80000)
 Metaspace       used 35400K, capacity 37192K, committed 37296K, reserved 1081344K
  class space    used 4411K, capacity 4988K, committed 5040K, reserved 1048576K
Event: 35.679 GC heap after
Heap after GC invocations=31 (full 3):
 PSYoungGen      total 660480K, used 2829K [0x0000000795580000, 0x00000007bfa80000, 0x00000007c0000000)
  eden space 633856K, 0% used [0x0000000795580000,0x0000000795580000,0x00000007bc080000)
  from space 26624K, 10% used [0x00000007be080000,0x00000007be343748,0x00000007bfa80000)
  to   space 29696K, 0% used [0x00000007bc080000,0x00000007bc080000,0x00000007bdd80000)
 ParOldGen       total 196096K, used 83066K [0x0000000740000000, 0x000000074bf80000, 0x0000000795580000)
  object space 196096K, 42% used [0x0000000740000000,0x000000074511e8d8,0x000000074bf80000)
 Metaspace       used 35400K, capacity 37192K, committed 37296K, reserved 1081344K
  class space    used 4411K, capacity 4988K, committed 5040K, reserved 1048576K
}

