# JRE version: Java(TM) SE Runtime Environment (8.0_131-b11) (build 1.8.0_131-b11)
# Java VM: Java HotSpot(TM) 64-Bit Server VM (25.131-b11 mixed mode linux-amd64 compressed oops)
Heap:
 PSYoungGen      total 984576K, used 251054K [0x0000000782180000, 0x00000007bfd00000, 0x00000007c0000000)
  eden space 958464K, 26% used [0x0000000782180000,0x000000079167a788,0x00000007bc980000)
  from space 26112K, 0% used [0x00000007bc980000,0x00000007bc9b11c8,0x00000007be300000)
  to   space 25088K, 0% used [0x00000007be480000,0x00000007be480000,0x00000007bfd00000)
 ParOldGen       total 200192K, used 78734K [0x0000000706400000, 0x0000000712780000, 0x0000000782180000)
  object space 200192K, 39% used [0x0000000706400000,0x000000070b0e3be0,0x0000000712780000)
 Metaspace       used 34846K, capacity 36352K, committed 36468K, reserved 1081344K
  class space    used 4300K, capacity 4806K, committed 4864K, reserved 1048576K
GC Heap History (10 events):
Event: 5,986 GC heap before
{Heap before GC invocations=19 (full 2):
 PSYoungGen      total 939008K, used 21795K [0x0000000782180000, 0x00000007c0000000, 0x00000007c0000000)
  eden space 913920K, 0% used [0x0000000782180000,0x0000000782180000,0x00000007b9e00000)
  from space 25088K, 86% used [0x00000007b9e00000,0x00000007bb348ed0,0x00000007bb680000)
  to   space 28672K, 0% used [0x00000007be400000,0x00000007be400000,0x00000007c0000000)
 ParOldGen       total 88576K, used 60533K [0x0000000706400000, 0x000000070ba80000, 0x0000000782180000)
  object space 88576K, 68% used [0x0000000706400000,0x0000000709f1d728,0x000000070ba80000)
 Metaspace       used 34243K, capacity 35738K, committed 35828K, reserved 1081344K
  class space    used 4221K, capacity 4709K, committed 4736K, reserved 1048576K
Event: 6,102 GC heap after
Heap after GC invocations=19 (full 2):
 PSYoungGen      total 939008K, used 0K [0x0000000782180000, 0x00000007c0000000, 0x00000007c0000000)
  eden space 913920K, 0% used [0x0000000782180000,0x0000000782180000,0x00000007b9e00000)
  from space 25088K, 0% used [0x00000007b9e00000,0x00000007b9e00000,0x00000007bb680000)
  to   space 28672K, 0% used [0x00000007be400000,0x00000007be400000,0x00000007c0000000)
 ParOldGen       total 200192K, used 76088K [0x0000000706400000, 0x0000000712780000, 0x0000000782180000)
  object space 200192K, 38% used [0x0000000706400000,0x000000070ae4e100,0x0000000712780000)
 Metaspace       used 34243K, capacity 35738K, committed 35828K, reserved 1081344K
  class space    used 4221K, capacity 4709K, committed 4736K, reserved 1048576K
}
Event: 6,392 GC heap before
{Heap before GC invocations=20 (full 2):
 PSYoungGen      total 939008K, used 913920K [0x0000000782180000, 0x00000007c0000000, 0x00000007c0000000)
  eden space 913920K, 100% used [0x0000000782180000,0x00000007b9e00000,0x00000007b9e00000)
  from space 25088K, 0% used [0x00000007b9e00000,0x00000007b9e00000,0x00000007bb680000)
  to   space 28672K, 0% used [0x00000007be400000,0x00000007be400000,0x00000007c0000000)
 ParOldGen       total 200192K, used 76088K [0x0000000706400000, 0x0000000712780000, 0x0000000782180000)
  object space 200192K, 38% used [0x0000000706400000,0x000000070ae4e100,0x0000000712780000)
 Metaspace       used 34713K, capacity 36256K, committed 36468K, reserved 1081344K
  class space    used 4283K, capacity 4774K, committed 4864K, reserved 1048576K
Event: 6,396 GC heap after
Heap after GC invocations=20 (full 2):
 PSYoungGen      total 986112K, used 746K [0x0000000782180000, 0x00000007c0000000, 0x00000007c0000000)
  eden space 957440K, 0% used [0x0000000782180000,0x0000000782180000,0x00000007bc880000)
  from space 28672K, 2% used [0x00000007be400000,0x00000007be4ba818,0x00000007c0000000)
  to   space 28160K, 0% used [0x00000007bc880000,0x00000007bc880000,0x00000007be400000)
 ParOldGen       total 200192K, used 76096K [0x0000000706400000, 0x0000000712780000, 0x0000000782180000)
  object space 200192K, 38% used [0x0000000706400000,0x000000070ae50100,0x0000000712780000)
 Metaspace       used 34713K, capacity 36256K, committed 36468K, reserved 1081344K
  class space    used 4283K, capacity 4774K, committed 4864K, reserved 1048576K
}
Event: 6,598 GC heap before
{Heap before GC invocations=21 (full 2):
 PSYoungGen      total 986112K, used 958186K [0x0000000782180000, 0x00000007c0000000, 0x00000007c0000000)
  eden space 957440K, 100% used [0x0000000782180000,0x00000007bc880000,0x00000007bc880000)
  from space 28672K, 2% used [0x00000007be400000,0x00000007be4ba818,0x00000007c0000000)
  to   space 28160K, 0% used [0x00000007bc880000,0x00000007bc880000,0x00000007be400000)
 ParOldGen       total 200192K, used 76096K [0x0000000706400000, 0x0000000712780000, 0x0000000782180000)
  object space 200192K, 38% used [0x0000000706400000,0x000000070ae50100,0x0000000712780000)
 Metaspace       used 34730K, capacity 36256K, committed 36468K, reserved 1081344K
  class space    used 4283K, capacity 4774K, committed 4864K, reserved 1048576K
Event: 6,601 GC heap after
Heap after GC invocations=21 (full 2):
 PSYoungGen      total 957952K, used 262K [0x0000000782180000, 0x00000007bfd80000, 0x00000007c0000000)
  eden space 957440K, 0% used [0x0000000782180000,0x0000000782180000,0x00000007bc880000)
  from space 512K, 51% used [0x00000007bc880000,0x00000007bc8c1888,0x00000007bc900000)
  to   space 27136K, 0% used [0x00000007be300000,0x00000007be300000,0x00000007bfd80000)
 ParOldGen       total 200192K, used 76677K [0x0000000706400000, 0x0000000712780000, 0x0000000782180000)
  object space 200192K, 38% used [0x0000000706400000,0x000000070aee15a8,0x0000000712780000)
 Metaspace       used 34730K, capacity 36256K, committed 36468K, reserved 1081344K
  class space    used 4283K, capacity 4774K, committed 4864K, reserved 1048576K
}
Event: 6,841 GC heap before
{Heap before GC invocations=22 (full 2):
 PSYoungGen      total 957952K, used 957702K [0x0000000782180000, 0x00000007bfd80000, 0x00000007c0000000)
  eden space 957440K, 100% used [0x0000000782180000,0x00000007bc880000,0x00000007bc880000)
  from space 512K, 51% used [0x00000007bc880000,0x00000007bc8c1888,0x00000007bc900000)
  to   space 27136K, 0% used [0x00000007be300000,0x00000007be300000,0x00000007bfd80000)
 ParOldGen       total 200192K, used 76677K [0x0000000706400000, 0x0000000712780000, 0x0000000782180000)
  object space 200192K, 38% used [0x0000000706400000,0x000000070aee15a8,0x0000000712780000)
 Metaspace       used 34771K, capacity 36320K, committed 36468K, reserved 1081344K
  class space    used 4283K, capacity 4774K, committed 4864K, reserved 1048576K
Event: 6,844 GC heap after
Heap after GC invocations=22 (full 2):
 PSYoungGen      total 985600K, used 2112K [0x0000000782180000, 0x00000007c0000000, 0x00000007c0000000)
  eden space 958464K, 0% used [0x0000000782180000,0x0000000782180000,0x00000007bc980000)
  from space 27136K, 7% used [0x00000007be300000,0x00000007be5102a0,0x00000007bfd80000)
  to   space 26112K, 0% used [0x00000007bc980000,0x00000007bc980000,0x00000007be300000)
 ParOldGen       total 200192K, used 76717K [0x0000000706400000, 0x0000000712780000, 0x0000000782180000)
  object space 200192K, 38% used [0x0000000706400000,0x000000070aeeb6b0,0x0000000712780000)
 Metaspace       used 34771K, capacity 36320K, committed 36468K, reserved 1081344K
  class space    used 4283K, capacity 4774K, committed 4864K, reserved 1048576K
}
Event: 7,055 GC heap before
{Heap before GC invocations=23 (full 2):
 PSYoungGen      total 985600K, used 960576K [0x0000000782180000, 0x00000007c0000000, 0x00000007c0000000)
  eden space 958464K, 100% used [0x0000000782180000,0x00000007bc980000,0x00000007bc980000)
  from space 27136K, 7% used [0x00000007be300000,0x00000007be5102a0,0x00000007bfd80000)
  to   space 26112K, 0% used [0x00000007bc980000,0x00000007bc980000,0x00000007be300000)
 ParOldGen       total 200192K, used 76717K [0x0000000706400000, 0x0000000712780000, 0x0000000782180000)
  object space 200192K, 38% used [0x0000000706400000,0x000000070aeeb6b0,0x0000000712780000)
 Metaspace       used 34778K, capacity 36320K, committed 36468K, reserved 1081344K
  class space    used 4283K, capacity 4774K, committed 4864K, reserved 1048576K
Event: 7,059 GC heap after
Heap after GC invocations=23 (full 2):
 PSYoungGen      total 984576K, used 196K [0x0000000782180000, 0x00000007bfd00000, 0x00000007c0000000)
  eden space 958464K, 0% used [0x0000000782180000,0x0000000782180000,0x00000007bc980000)
  from space 26112K, 0% used [0x00000007bc980000,0x00000007bc9b11c8,0x00000007be300000)
  to   space 25088K, 0% used [0x00000007be480000,0x00000007be480000,0x00000007bfd00000)
 ParOldGen       total 200192K, used 78734K [0x0000000706400000, 0x0000000712780000, 0x0000000782180000)
  object space 200192K, 39% used [0x0000000706400000,0x000000070b0e3be0,0x0000000712780000)
 Metaspace       used 34778K, capacity 36320K, committed 36468K, reserved 1081344K
  class space    used 4283K, capacity 4774K, committed 4864K, reserved 1048576K
}

