# JRE version: Java(TM) SE Runtime Environment (8.0_121-b13) (build 1.8.0_121-b13)
# Java VM: Java HotSpot(TM) 64-Bit Server VM (25.121-b13 mixed mode linux-amd64 compressed oops)
Heap:
 PSYoungGen      total 508416K, used 14175K [0x00000000d6d80000, 0x00000000f7b80000, 0x0000000100000000)
  eden space 499712K, 1% used [0x00000000d6d80000,0x00000000d771bac8,0x00000000f5580000)
  from space 8704K, 49% used [0x00000000f7300000,0x00000000f773c1e0,0x00000000f7b80000)
  to   space 19456K, 0% used [0x00000000f5580000,0x00000000f5580000,0x00000000f6880000)
 ParOldGen       total 120320K, used 55331K [0x0000000084800000, 0x000000008bd80000, 0x00000000d6d80000)
  object space 120320K, 45% used [0x0000000084800000,0x0000000087e08df8,0x000000008bd80000)
 Metaspace       used 36481K, capacity 38034K, committed 38232K, reserved 1083392K
  class space    used 4438K, capacity 4945K, committed 4992K, reserved 1048576K
GC Heap History (10 events):
Event: 9,741 GC heap before
{Heap before GC invocations=10 (full 2):
 PSYoungGen      total 145920K, used 145913K [0x00000000d6d80000, 0x00000000e6e00000, 0x0000000100000000)
  eden space 132608K, 100% used [0x00000000d6d80000,0x00000000def00000,0x00000000def00000)
  from space 13312K, 99% used [0x00000000def00000,0x00000000dfbfe6b0,0x00000000dfc00000)
  to   space 15360K, 0% used [0x00000000e5f00000,0x00000000e5f00000,0x00000000e6e00000)
 ParOldGen       total 120320K, used 29461K [0x0000000084800000, 0x000000008bd80000, 0x00000000d6d80000)
  object space 120320K, 24% used [0x0000000084800000,0x00000000864c5710,0x000000008bd80000)
 Metaspace       used 35221K, capacity 36728K, committed 36952K, reserved 1081344K
  class space    used 4371K, capacity 4904K, committed 4992K, reserved 1048576K
Event: 9,753 GC heap after
Heap after GC invocations=10 (full 2):
 PSYoungGen      total 246272K, used 11649K [0x00000000d6d80000, 0x00000000e7e00000, 0x0000000100000000)
  eden space 230912K, 0% used [0x00000000d6d80000,0x00000000d6d80000,0x00000000e4f00000)
  from space 15360K, 75% used [0x00000000e5f00000,0x00000000e6a60690,0x00000000e6e00000)
  to   space 16384K, 0% used [0x00000000e4f00000,0x00000000e4f00000,0x00000000e5f00000)
 ParOldGen       total 120320K, used 29461K [0x0000000084800000, 0x000000008bd80000, 0x00000000d6d80000)
  object space 120320K, 24% used [0x0000000084800000,0x00000000864c5710,0x000000008bd80000)
 Metaspace       used 35221K, capacity 36728K, committed 36952K, reserved 1081344K
  class space    used 4371K, capacity 4904K, committed 4992K, reserved 1048576K
}
Event: 10,018 GC heap before
{Heap before GC invocations=11 (full 2):
 PSYoungGen      total 246272K, used 242546K [0x00000000d6d80000, 0x00000000e7e00000, 0x0000000100000000)
  eden space 230912K, 99% used [0x00000000d6d80000,0x00000000e4efc2c0,0x00000000e4f00000)
  from space 15360K, 75% used [0x00000000e5f00000,0x00000000e6a60690,0x00000000e6e00000)
  to   space 16384K, 0% used [0x00000000e4f00000,0x00000000e4f00000,0x00000000e5f00000)
 ParOldGen       total 120320K, used 29461K [0x0000000084800000, 0x000000008bd80000, 0x00000000d6d80000)
  object space 120320K, 24% used [0x0000000084800000,0x00000000864c5710,0x000000008bd80000)
 Metaspace       used 35369K, capacity 36862K, committed 37208K, reserved 1081344K
  class space    used 4382K, capacity 4905K, committed 4992K, reserved 1048576K
Event: 10,036 GC heap after
Heap after GC invocations=11 (full 2):
 PSYoungGen      total 247296K, used 14353K [0x00000000d6d80000, 0x00000000ee400000, 0x0000000100000000)
  eden space 230912K, 0% used [0x00000000d6d80000,0x00000000d6d80000,0x00000000e4f00000)
  from space 16384K, 87% used [0x00000000e4f00000,0x00000000e5d04420,0x00000000e5f00000)
  to   space 17920K, 0% used [0x00000000ed280000,0x00000000ed280000,0x00000000ee400000)
 ParOldGen       total 120320K, used 38398K [0x0000000084800000, 0x000000008bd80000, 0x00000000d6d80000)
  object space 120320K, 31% used [0x0000000084800000,0x0000000086d7fb60,0x000000008bd80000)
 Metaspace       used 35369K, capacity 36862K, committed 37208K, reserved 1081344K
  class space    used 4382K, capacity 4905K, committed 4992K, reserved 1048576K
}
Event: 10,174 GC heap before
{Heap before GC invocations=12 (full 2):
 PSYoungGen      total 247296K, used 245236K [0x00000000d6d80000, 0x00000000ee400000, 0x0000000100000000)
  eden space 230912K, 99% used [0x00000000d6d80000,0x00000000e4ef8f70,0x00000000e4f00000)
  from space 16384K, 87% used [0x00000000e4f00000,0x00000000e5d04420,0x00000000e5f00000)
  to   space 17920K, 0% used [0x00000000ed280000,0x00000000ed280000,0x00000000ee400000)
 ParOldGen       total 120320K, used 38398K [0x0000000084800000, 0x000000008bd80000, 0x00000000d6d80000)
  object space 120320K, 31% used [0x0000000084800000,0x0000000086d7fb60,0x000000008bd80000)
 Metaspace       used 35390K, capacity 36870K, committed 37208K, reserved 1081344K
  class space    used 4382K, capacity 4905K, committed 4992K, reserved 1048576K
Event: 10,185 GC heap after
Heap after GC invocations=12 (full 2):
 PSYoungGen      total 364032K, used 15329K [0x00000000d6d80000, 0x00000000ee600000, 0x0000000100000000)
  eden space 346112K, 0% used [0x00000000d6d80000,0x00000000d6d80000,0x00000000ebf80000)
  from space 17920K, 85% used [0x00000000ed280000,0x00000000ee178708,0x00000000ee400000)
  to   space 19456K, 0% used [0x00000000ebf80000,0x00000000ebf80000,0x00000000ed280000)
 ParOldGen       total 120320K, used 38406K [0x0000000084800000, 0x000000008bd80000, 0x00000000d6d80000)
  object space 120320K, 31% used [0x0000000084800000,0x0000000086d81b60,0x000000008bd80000)
 Metaspace       used 35390K, capacity 36870K, committed 37208K, reserved 1081344K
  class space    used 4382K, capacity 4905K, committed 4992K, reserved 1048576K
}
Event: 16,576 GC heap before
{Heap before GC invocations=13 (full 2):
 PSYoungGen      total 364032K, used 361441K [0x00000000d6d80000, 0x00000000ee600000, 0x0000000100000000)
  eden space 346112K, 100% used [0x00000000d6d80000,0x00000000ebf80000,0x00000000ebf80000)
  from space 17920K, 85% used [0x00000000ed280000,0x00000000ee178708,0x00000000ee400000)
  to   space 19456K, 0% used [0x00000000ebf80000,0x00000000ebf80000,0x00000000ed280000)
 ParOldGen       total 120320K, used 38406K [0x0000000084800000, 0x000000008bd80000, 0x00000000d6d80000)
  object space 120320K, 31% used [0x0000000084800000,0x0000000086d81b60,0x000000008bd80000)
 Metaspace       used 35708K, capacity 37126K, committed 37464K, reserved 1081344K
  class space    used 4390K, capacity 4905K, committed 4992K, reserved 1048576K
Event: 16,589 GC heap after
Heap after GC invocations=13 (full 2):
 PSYoungGen      total 365568K, used 3986K [0x00000000d6d80000, 0x00000000f8600000, 0x0000000100000000)
  eden space 346112K, 0% used [0x00000000d6d80000,0x00000000d6d80000,0x00000000ebf80000)
  from space 19456K, 20% used [0x00000000ebf80000,0x00000000ec364b18,0x00000000ed280000)
  to   space 19456K, 0% used [0x00000000f7300000,0x00000000f7300000,0x00000000f8600000)
 ParOldGen       total 120320K, used 54227K [0x0000000084800000, 0x000000008bd80000, 0x00000000d6d80000)
  object space 120320K, 45% used [0x0000000084800000,0x0000000087cf4e48,0x000000008bd80000)
 Metaspace       used 35708K, capacity 37126K, committed 37464K, reserved 1081344K
  class space    used 4390K, capacity 4905K, committed 4992K, reserved 1048576K
}
Event: 26,889 GC heap before
{Heap before GC invocations=14 (full 2):
 PSYoungGen      total 365568K, used 350098K [0x00000000d6d80000, 0x00000000f8600000, 0x0000000100000000)
  eden space 346112K, 100% used [0x00000000d6d80000,0x00000000ebf80000,0x00000000ebf80000)
  from space 19456K, 20% used [0x00000000ebf80000,0x00000000ec364b18,0x00000000ed280000)
  to   space 19456K, 0% used [0x00000000f7300000,0x00000000f7300000,0x00000000f8600000)
 ParOldGen       total 120320K, used 54227K [0x0000000084800000, 0x000000008bd80000, 0x00000000d6d80000)
  object space 120320K, 45% used [0x0000000084800000,0x0000000087cf4e48,0x000000008bd80000)
 Metaspace       used 36419K, capacity 38034K, committed 38232K, reserved 1083392K
  class space    used 4438K, capacity 4945K, committed 4992K, reserved 1048576K
Event: 26,895 GC heap after
Heap after GC invocations=14 (full 2):
 PSYoungGen      total 508416K, used 4336K [0x00000000d6d80000, 0x00000000f7b80000, 0x0000000100000000)
  eden space 499712K, 0% used [0x00000000d6d80000,0x00000000d6d80000,0x00000000f5580000)
  from space 8704K, 49% used [0x00000000f7300000,0x00000000f773c1e0,0x00000000f7b80000)
  to   space 19456K, 0% used [0x00000000f5580000,0x00000000f5580000,0x00000000f6880000)
 ParOldGen       total 120320K, used 55331K [0x0000000084800000, 0x000000008bd80000, 0x00000000d6d80000)
  object space 120320K, 45% used [0x0000000084800000,0x0000000087e08df8,0x000000008bd80000)
 Metaspace       used 36419K, capacity 38034K, committed 38232K, reserved 1083392K
  class space    used 4438K, capacity 4945K, committed 4992K, reserved 1048576K
}

