# JRE version: Java(TM) SE Runtime Environment (8.0_131-b11) (build 1.8.0_131-b11)
# Java VM: Java HotSpot(TM) 64-Bit Server VM (25.131-b11 mixed mode linux-amd64 compressed oops)
Heap:
 PSYoungGen      total 979968K, used 259156K [0x0000000782180000, 0x00000007bfe80000, 0x00000007c0000000)
  eden space 949248K, 27% used [0x0000000782180000,0x0000000791e529d8,0x00000007bc080000)
  from space 30720K, 0% used [0x00000007bc080000,0x00000007bc0c2670,0x00000007bde80000)
  to   space 29184K, 0% used [0x00000007be200000,0x00000007be200000,0x00000007bfe80000)
 ParOldGen       total 201728K, used 79579K [0x0000000706400000, 0x0000000712900000, 0x0000000782180000)
  object space 201728K, 39% used [0x0000000706400000,0x000000070b1b6f38,0x0000000712900000)
 Metaspace       used 34563K, capacity 36050K, committed 36312K, reserved 1081344K
  class space    used 4277K, capacity 4743K, committed 4824K, reserved 1048576K
GC Heap History (10 events):
Event: 5,461 GC heap before
{Heap before GC invocations=19 (full 2):
 PSYoungGen      total 957440K, used 943616K [0x0000000782180000, 0x00000007c0000000, 0x00000007c0000000)
  eden space 943616K, 100% used [0x0000000782180000,0x00000007bbb00000,0x00000007bbb00000)
  from space 13824K, 0% used [0x00000007bf280000,0x00000007bf280000,0x00000007c0000000)
  to   space 35328K, 0% used [0x00000007bbb00000,0x00000007bbb00000,0x00000007bdd80000)
 ParOldGen       total 201728K, used 76614K [0x0000000706400000, 0x0000000712900000, 0x0000000782180000)
  object space 201728K, 37% used [0x0000000706400000,0x000000070aed1bd0,0x0000000712900000)
 Metaspace       used 34298K, capacity 35788K, committed 36056K, reserved 1081344K
  class space    used 4253K, capacity 4742K, committed 4824K, reserved 1048576K
Event: 5,463 GC heap after
Heap after GC invocations=19 (full 2):
 PSYoungGen      total 978944K, used 986K [0x0000000782180000, 0x00000007c0000000, 0x00000007c0000000)
  eden space 943616K, 0% used [0x0000000782180000,0x0000000782180000,0x00000007bbb00000)
  from space 35328K, 2% used [0x00000007bbb00000,0x00000007bbbf69e8,0x00000007bdd80000)
  to   space 34304K, 0% used [0x00000007bde80000,0x00000007bde80000,0x00000007c0000000)
 ParOldGen       total 201728K, used 76622K [0x0000000706400000, 0x0000000712900000, 0x0000000782180000)
  object space 201728K, 37% used [0x0000000706400000,0x000000070aed3bd0,0x0000000712900000)
 Metaspace       used 34298K, capacity 35788K, committed 36056K, reserved 1081344K
  class space    used 4253K, capacity 4742K, committed 4824K, reserved 1048576K
}
Event: 5,681 GC heap before
{Heap before GC invocations=20 (full 2):
 PSYoungGen      total 978944K, used 944602K [0x0000000782180000, 0x00000007c0000000, 0x00000007c0000000)
  eden space 943616K, 100% used [0x0000000782180000,0x00000007bbb00000,0x00000007bbb00000)
  from space 35328K, 2% used [0x00000007bbb00000,0x00000007bbbf69e8,0x00000007bdd80000)
  to   space 34304K, 0% used [0x00000007bde80000,0x00000007bde80000,0x00000007c0000000)
 ParOldGen       total 201728K, used 76622K [0x0000000706400000, 0x0000000712900000, 0x0000000782180000)
  object space 201728K, 37% used [0x0000000706400000,0x000000070aed3bd0,0x0000000712900000)
 Metaspace       used 34486K, capacity 35986K, committed 36312K, reserved 1081344K
  class space    used 4275K, capacity 4743K, committed 4824K, reserved 1048576K
Event: 5,683 GC heap after
Heap after GC invocations=20 (full 2):
 PSYoungGen      total 975872K, used 625K [0x0000000782180000, 0x00000007bfd00000, 0x00000007c0000000)
  eden space 944640K, 0% used [0x0000000782180000,0x0000000782180000,0x00000007bbc00000)
  from space 31232K, 2% used [0x00000007bde80000,0x00000007bdf1c710,0x00000007bfd00000)
  to   space 33280K, 0% used [0x00000007bbc00000,0x00000007bbc00000,0x00000007bdc80000)
 ParOldGen       total 201728K, used 77084K [0x0000000706400000, 0x0000000712900000, 0x0000000782180000)
  object space 201728K, 38% used [0x0000000706400000,0x000000070af470c8,0x0000000712900000)
 Metaspace       used 34486K, capacity 35986K, committed 36312K, reserved 1081344K
  class space    used 4275K, capacity 4743K, committed 4824K, reserved 1048576K
}
Event: 5,955 GC heap before
{Heap before GC invocations=21 (full 2):
 PSYoungGen      total 975872K, used 945265K [0x0000000782180000, 0x00000007bfd00000, 0x00000007c0000000)
  eden space 944640K, 100% used [0x0000000782180000,0x00000007bbc00000,0x00000007bbc00000)
  from space 31232K, 2% used [0x00000007bde80000,0x00000007bdf1c710,0x00000007bfd00000)
  to   space 33280K, 0% used [0x00000007bbc00000,0x00000007bbc00000,0x00000007bdc80000)
 ParOldGen       total 201728K, used 77084K [0x0000000706400000, 0x0000000712900000, 0x0000000782180000)
  object space 201728K, 38% used [0x0000000706400000,0x000000070af470c8,0x0000000712900000)
 Metaspace       used 34540K, capacity 36050K, committed 36312K, reserved 1081344K
  class space    used 4275K, capacity 4743K, committed 4824K, reserved 1048576K
Event: 5,960 GC heap after
Heap after GC invocations=21 (full 2):
 PSYoungGen      total 977920K, used 2218K [0x0000000782180000, 0x00000007bff00000, 0x00000007c0000000)
  eden space 944640K, 0% used [0x0000000782180000,0x0000000782180000,0x00000007bbc00000)
  from space 33280K, 6% used [0x00000007bbc00000,0x00000007bbe2aaf8,0x00000007bdc80000)
  to   space 31744K, 0% used [0x00000007be000000,0x00000007be000000,0x00000007bff00000)
 ParOldGen       total 201728K, used 77462K [0x0000000706400000, 0x0000000712900000, 0x0000000782180000)
  object space 201728K, 38% used [0x0000000706400000,0x000000070afa5810,0x0000000712900000)
 Metaspace       used 34540K, capacity 36050K, committed 36312K, reserved 1081344K
  class space    used 4275K, capacity 4743K, committed 4824K, reserved 1048576K
}
Event: 6,131 GC heap before
{Heap before GC invocations=22 (full 2):
 PSYoungGen      total 977920K, used 946858K [0x0000000782180000, 0x00000007bff00000, 0x00000007c0000000)
  eden space 944640K, 100% used [0x0000000782180000,0x00000007bbc00000,0x00000007bbc00000)
  from space 33280K, 6% used [0x00000007bbc00000,0x00000007bbe2aaf8,0x00000007bdc80000)
  to   space 31744K, 0% used [0x00000007be000000,0x00000007be000000,0x00000007bff00000)
 ParOldGen       total 201728K, used 77462K [0x0000000706400000, 0x0000000712900000, 0x0000000782180000)
  object space 201728K, 38% used [0x0000000706400000,0x000000070afa5810,0x0000000712900000)
 Metaspace       used 34540K, capacity 36050K, committed 36312K, reserved 1081344K
  class space    used 4275K, capacity 4743K, committed 4824K, reserved 1048576K
Event: 6,135 GC heap after
Heap after GC invocations=22 (full 2):
 PSYoungGen      total 978432K, used 164K [0x0000000782180000, 0x00000007bfc80000, 0x00000007c0000000)
  eden space 949248K, 0% used [0x0000000782180000,0x0000000782180000,0x00000007bc080000)
  from space 29184K, 0% used [0x00000007be000000,0x00000007be029168,0x00000007bfc80000)
  to   space 30720K, 0% used [0x00000007bc080000,0x00000007bc080000,0x00000007bde80000)
 ParOldGen       total 201728K, used 79579K [0x0000000706400000, 0x0000000712900000, 0x0000000782180000)
  object space 201728K, 39% used [0x0000000706400000,0x000000070b1b6f38,0x0000000712900000)
 Metaspace       used 34540K, capacity 36050K, committed 36312K, reserved 1081344K
  class space    used 4275K, capacity 4743K, committed 4824K, reserved 1048576K
}
Event: 6,276 GC heap before
{Heap before GC invocations=23 (full 2):
 PSYoungGen      total 978432K, used 949412K [0x0000000782180000, 0x00000007bfc80000, 0x00000007c0000000)
  eden space 949248K, 100% used [0x0000000782180000,0x00000007bc080000,0x00000007bc080000)
  from space 29184K, 0% used [0x00000007be000000,0x00000007be029168,0x00000007bfc80000)
  to   space 30720K, 0% used [0x00000007bc080000,0x00000007bc080000,0x00000007bde80000)
 ParOldGen       total 201728K, used 79579K [0x0000000706400000, 0x0000000712900000, 0x0000000782180000)
  object space 201728K, 39% used [0x0000000706400000,0x000000070b1b6f38,0x0000000712900000)
 Metaspace       used 34561K, capacity 36050K, committed 36312K, reserved 1081344K
  class space    used 4277K, capacity 4743K, committed 4824K, reserved 1048576K
Event: 6,278 GC heap after
Heap after GC invocations=23 (full 2):
 PSYoungGen      total 979968K, used 265K [0x0000000782180000, 0x00000007bfe80000, 0x00000007c0000000)
  eden space 949248K, 0% used [0x0000000782180000,0x0000000782180000,0x00000007bc080000)
  from space 30720K, 0% used [0x00000007bc080000,0x00000007bc0c2670,0x00000007bde80000)
  to   space 29184K, 0% used [0x00000007be200000,0x00000007be200000,0x00000007bfe80000)
 ParOldGen       total 201728K, used 79579K [0x0000000706400000, 0x0000000712900000, 0x0000000782180000)
  object space 201728K, 39% used [0x0000000706400000,0x000000070b1b6f38,0x0000000712900000)
 Metaspace       used 34561K, capacity 36050K, committed 36312K, reserved 1081344K
  class space    used 4277K, capacity 4743K, committed 4824K, reserved 1048576K
}

