# JRE version: Java(TM) SE Runtime Environment (8.0_121-b13) (build 1.8.0_121-b13)
# Java VM: Java HotSpot(TM) 64-Bit Server VM (25.121-b13 mixed mode linux-amd64 compressed oops)
Heap:
 PSYoungGen      total 643584K, used 272279K [0x00000000d6d80000, 0x0000000100000000, 0x0000000100000000)
  eden space 642560K, 42% used [0x00000000d6d80000,0x00000000e770e028,0x00000000fe100000)
  from space 1024K, 34% used [0x00000000fe100000,0x00000000fe157e80,0x00000000fe200000)
  to   space 1024K, 0% used [0x00000000fff00000,0x00000000fff00000,0x0000000100000000)
 ParOldGen       total 308736K, used 250592K [0x0000000084800000, 0x0000000097580000, 0x00000000d6d80000)
  object space 308736K, 81% used [0x0000000084800000,0x0000000093cb8160,0x0000000097580000)
 Metaspace       used 38219K, capacity 39814K, committed 40152K, reserved 1085440K
  class space    used 4479K, capacity 4973K, committed 5080K, reserved 1048576K
GC Heap History (10 events):
Event: 10519,053 GC heap before
{Heap before GC invocations=12520 (full 17):
 PSYoungGen      total 341504K, used 341236K [0x00000000d6d80000, 0x00000000fe380000, 0x0000000100000000)
  eden space 340992K, 100% used [0x00000000d6d80000,0x00000000eba80000,0x00000000eba80000)
  from space 512K, 47% used [0x00000000fe300000,0x00000000fe33d320,0x00000000fe380000)
  to   space 1024K, 0% used [0x00000000fe180000,0x00000000fe180000,0x00000000fe280000)
 ParOldGen       total 308736K, used 250470K [0x0000000084800000, 0x0000000097580000, 0x00000000d6d80000)
  object space 308736K, 81% used [0x0000000084800000,0x0000000093c99828,0x0000000097580000)
 Metaspace       used 38219K, capacity 39814K, committed 40152K, reserved 1085440K
  class space    used 4479K, capacity 4973K, committed 5080K, reserved 1048576K
Event: 10519,055 GC heap after
Heap after GC invocations=12520 (full 17):
 PSYoungGen      total 409088K, used 160K [0x00000000d6d80000, 0x00000000fe380000, 0x0000000100000000)
  eden space 408064K, 0% used [0x00000000d6d80000,0x00000000d6d80000,0x00000000efc00000)
  from space 1024K, 15% used [0x00000000fe180000,0x00000000fe1a8000,0x00000000fe280000)
  to   space 1024K, 0% used [0x00000000fe280000,0x00000000fe280000,0x00000000fe380000)
 ParOldGen       total 308736K, used 250552K [0x0000000084800000, 0x0000000097580000, 0x00000000d6d80000)
  object space 308736K, 81% used [0x0000000084800000,0x0000000093cae160,0x0000000097580000)
 Metaspace       used 38219K, capacity 39814K, committed 40152K, reserved 1085440K
  class space    used 4479K, capacity 4973K, committed 5080K, reserved 1048576K
}
Event: 10519,149 GC heap before
{Heap before GC invocations=12521 (full 17):
 PSYoungGen      total 409088K, used 408224K [0x00000000d6d80000, 0x00000000fe380000, 0x0000000100000000)
  eden space 408064K, 100% used [0x00000000d6d80000,0x00000000efc00000,0x00000000efc00000)
  from space 1024K, 15% used [0x00000000fe180000,0x00000000fe1a8000,0x00000000fe280000)
  to   space 1024K, 0% used [0x00000000fe280000,0x00000000fe280000,0x00000000fe380000)
 ParOldGen       total 308736K, used 250552K [0x0000000084800000, 0x0000000097580000, 0x00000000d6d80000)
  object space 308736K, 81% used [0x0000000084800000,0x0000000093cae160,0x0000000097580000)
 Metaspace       used 38219K, capacity 39814K, committed 40152K, reserved 1085440K
  class space    used 4479K, capacity 4973K, committed 5080K, reserved 1048576K
Event: 10519,151 GC heap after
Heap after GC invocations=12521 (full 17):
 PSYoungGen      total 488448K, used 271K [0x00000000d6d80000, 0x00000000fe300000, 0x0000000100000000)
  eden space 487936K, 0% used [0x00000000d6d80000,0x00000000d6d80000,0x00000000f4a00000)
  from space 512K, 53% used [0x00000000fe280000,0x00000000fe2c3e58,0x00000000fe300000)
  to   space 1024K, 0% used [0x00000000fe100000,0x00000000fe100000,0x00000000fe200000)
 ParOldGen       total 308736K, used 250568K [0x0000000084800000, 0x0000000097580000, 0x00000000d6d80000)
  object space 308736K, 81% used [0x0000000084800000,0x0000000093cb2160,0x0000000097580000)
 Metaspace       used 38219K, capacity 39814K, committed 40152K, reserved 1085440K
  class space    used 4479K, capacity 4973K, committed 5080K, reserved 1048576K
}
Event: 10519,257 GC heap before
{Heap before GC invocations=12522 (full 17):
 PSYoungGen      total 488448K, used 488207K [0x00000000d6d80000, 0x00000000fe300000, 0x0000000100000000)
  eden space 487936K, 100% used [0x00000000d6d80000,0x00000000f4a00000,0x00000000f4a00000)
  from space 512K, 53% used [0x00000000fe280000,0x00000000fe2c3e58,0x00000000fe300000)
  to   space 1024K, 0% used [0x00000000fe100000,0x00000000fe100000,0x00000000fe200000)
 ParOldGen       total 308736K, used 250568K [0x0000000084800000, 0x0000000097580000, 0x00000000d6d80000)
  object space 308736K, 81% used [0x0000000084800000,0x0000000093cb2160,0x0000000097580000)
 Metaspace       used 38219K, capacity 39814K, committed 40152K, reserved 1085440K
  class space    used 4479K, capacity 4973K, committed 5080K, reserved 1048576K
Event: 10519,259 GC heap after
Heap after GC invocations=12522 (full 17):
 PSYoungGen      total 583680K, used 222K [0x00000000d6d80000, 0x00000000fe300000, 0x0000000100000000)
  eden space 582656K, 0% used [0x00000000d6d80000,0x00000000d6d80000,0x00000000fa680000)
  from space 1024K, 21% used [0x00000000fe100000,0x00000000fe137b20,0x00000000fe200000)
  to   space 1024K, 0% used [0x00000000fe200000,0x00000000fe200000,0x00000000fe300000)
 ParOldGen       total 308736K, used 250576K [0x0000000084800000, 0x0000000097580000, 0x00000000d6d80000)
  object space 308736K, 81% used [0x0000000084800000,0x0000000093cb4160,0x0000000097580000)
 Metaspace       used 38219K, capacity 39814K, committed 40152K, reserved 1085440K
  class space    used 4479K, capacity 4973K, committed 5080K, reserved 1048576K
}
Event: 10519,380 GC heap before
{Heap before GC invocations=12523 (full 17):
 PSYoungGen      total 583680K, used 582878K [0x00000000d6d80000, 0x00000000fe300000, 0x0000000100000000)
  eden space 582656K, 100% used [0x00000000d6d80000,0x00000000fa680000,0x00000000fa680000)
  from space 1024K, 21% used [0x00000000fe100000,0x00000000fe137b20,0x00000000fe200000)
  to   space 1024K, 0% used [0x00000000fe200000,0x00000000fe200000,0x00000000fe300000)
 ParOldGen       total 308736K, used 250576K [0x0000000084800000, 0x0000000097580000, 0x00000000d6d80000)
  object space 308736K, 81% used [0x0000000084800000,0x0000000093cb4160,0x0000000097580000)
 Metaspace       used 38219K, capacity 39814K, committed 40152K, reserved 1085440K
  class space    used 4479K, capacity 4973K, committed 5080K, reserved 1048576K
Event: 10519,382 GC heap after
Heap after GC invocations=12523 (full 17):
 PSYoungGen      total 643584K, used 271K [0x00000000d6d80000, 0x0000000100000000, 0x0000000100000000)
  eden space 642560K, 0% used [0x00000000d6d80000,0x00000000d6d80000,0x00000000fe100000)
  from space 1024K, 26% used [0x00000000fe200000,0x00000000fe243cb0,0x00000000fe300000)
  to   space 1024K, 0% used [0x00000000fe100000,0x00000000fe100000,0x00000000fe200000)
 ParOldGen       total 308736K, used 250592K [0x0000000084800000, 0x0000000097580000, 0x00000000d6d80000)
  object space 308736K, 81% used [0x0000000084800000,0x0000000093cb8160,0x0000000097580000)
 Metaspace       used 38219K, capacity 39814K, committed 40152K, reserved 1085440K
  class space    used 4479K, capacity 4973K, committed 5080K, reserved 1048576K
}
Event: 10519,530 GC heap before
{Heap before GC invocations=12524 (full 17):
 PSYoungGen      total 643584K, used 642831K [0x00000000d6d80000, 0x0000000100000000, 0x0000000100000000)
  eden space 642560K, 100% used [0x00000000d6d80000,0x00000000fe100000,0x00000000fe100000)
  from space 1024K, 26% used [0x00000000fe200000,0x00000000fe243cb0,0x00000000fe300000)
  to   space 1024K, 0% used [0x00000000fe100000,0x00000000fe100000,0x00000000fe200000)
 ParOldGen       total 308736K, used 250592K [0x0000000084800000, 0x0000000097580000, 0x00000000d6d80000)
  object space 308736K, 81% used [0x0000000084800000,0x0000000093cb8160,0x0000000097580000)
 Metaspace       used 38219K, capacity 39814K, committed 40152K, reserved 1085440K
  class space    used 4479K, capacity 4973K, committed 5080K, reserved 1048576K
Event: 10519,534 GC heap after
Heap after GC invocations=12524 (full 17):
 PSYoungGen      total 643584K, used 351K [0x00000000d6d80000, 0x0000000100000000, 0x0000000100000000)
  eden space 642560K, 0% used [0x00000000d6d80000,0x00000000d6d80000,0x00000000fe100000)
  from space 1024K, 34% used [0x00000000fe100000,0x00000000fe157e80,0x00000000fe200000)
  to   space 1024K, 0% used [0x00000000fff00000,0x00000000fff00000,0x0000000100000000)
 ParOldGen       total 308736K, used 250592K [0x0000000084800000, 0x0000000097580000, 0x00000000d6d80000)
  object space 308736K, 81% used [0x0000000084800000,0x0000000093cb8160,0x0000000097580000)
 Metaspace       used 38219K, capacity 39814K, committed 40152K, reserved 1085440K
  class space    used 4479K, capacity 4973K, committed 5080K, reserved 1048576K
}

