# JRE version: Java(TM) SE Runtime Environment (8.0_131-b11) (build 1.8.0_131-b11)
# Java VM: Java HotSpot(TM) 64-Bit Server VM (25.131-b11 mixed mode linux-amd64 compressed oops)
Heap:
 PSYoungGen      total 969216K, used 456898K [0x0000000782180000, 0x00000007bff00000, 0x00000007c0000000)
  eden space 927232K, 49% used [0x0000000782180000,0x000000079dd749c8,0x00000007bab00000)
  from space 41984K, 5% used [0x00000007bab00000,0x00000007bad3c1f0,0x00000007bd400000)
  to   space 40448K, 0% used [0x00000007bd780000,0x00000007bd780000,0x00000007bff00000)
 ParOldGen       total 203776K, used 77930K [0x0000000706400000, 0x0000000712b00000, 0x0000000782180000)
  object space 203776K, 38% used [0x0000000706400000,0x000000070b01a9c0,0x0000000712b00000)
 Metaspace       used 36599K, capacity 38274K, committed 38488K, reserved 1083392K
  class space    used 4455K, capacity 4945K, committed 4952K, reserved 1048576K
GC Heap History (10 events):
Event: 17,256 GC heap before
{Heap before GC invocations=18 (full 2):
 PSYoungGen      total 759296K, used 757325K [0x0000000782180000, 0x00000007c0000000, 0x00000007c0000000)
  eden space 737280K, 100% used [0x0000000782180000,0x00000007af180000,0x00000007af180000)
  from space 22016K, 91% used [0x00000007af180000,0x00000007b0513740,0x00000007b0700000)
  to   space 25600K, 0% used [0x00000007be700000,0x00000007be700000,0x00000007c0000000)
 ParOldGen       total 128000K, used 40752K [0x0000000706400000, 0x000000070e100000, 0x0000000782180000)
  object space 128000K, 31% used [0x0000000706400000,0x0000000708bcc338,0x000000070e100000)
 Metaspace       used 36312K, capacity 37978K, committed 38232K, reserved 1083392K
  class space    used 4424K, capacity 4913K, committed 4952K, reserved 1048576K
Event: 17,290 GC heap after
Heap after GC invocations=18 (full 2):
 PSYoungGen      total 951808K, used 25599K [0x0000000782180000, 0x00000007c0000000, 0x00000007c0000000)
  eden space 926208K, 0% used [0x0000000782180000,0x0000000782180000,0x00000007baa00000)
  from space 25600K, 99% used [0x00000007be700000,0x00000007bffffea8,0x00000007c0000000)
  to   space 44032K, 0% used [0x00000007baa00000,0x00000007baa00000,0x00000007bd500000)
 ParOldGen       total 128000K, used 77811K [0x0000000706400000, 0x000000070e100000, 0x0000000782180000)
  object space 128000K, 60% used [0x0000000706400000,0x000000070affce30,0x000000070e100000)
 Metaspace       used 36312K, capacity 37978K, committed 38232K, reserved 1083392K
  class space    used 4424K, capacity 4913K, committed 4952K, reserved 1048576K
}
Event: 17,468 GC heap before
{Heap before GC invocations=19 (full 2):
 PSYoungGen      total 951808K, used 951807K [0x0000000782180000, 0x00000007c0000000, 0x00000007c0000000)
  eden space 926208K, 100% used [0x0000000782180000,0x00000007baa00000,0x00000007baa00000)
  from space 25600K, 99% used [0x00000007be700000,0x00000007bffffea8,0x00000007c0000000)
  to   space 44032K, 0% used [0x00000007baa00000,0x00000007baa00000,0x00000007bd500000)
 ParOldGen       total 128000K, used 77811K [0x0000000706400000, 0x000000070e100000, 0x0000000782180000)
  object space 128000K, 60% used [0x0000000706400000,0x000000070affce30,0x000000070e100000)
 Metaspace       used 36425K, capacity 38074K, committed 38232K, reserved 1083392K
  class space    used 4437K, capacity 4945K, committed 4952K, reserved 1048576K
Event: 17,491 GC heap after
Heap after GC invocations=19 (full 2):
 PSYoungGen      total 970240K, used 1338K [0x0000000782180000, 0x00000007c0000000, 0x00000007c0000000)
  eden space 926208K, 0% used [0x0000000782180000,0x0000000782180000,0x00000007baa00000)
  from space 44032K, 3% used [0x00000007baa00000,0x00000007bab4e9b0,0x00000007bd500000)
  to   space 43008K, 0% used [0x00000007bd600000,0x00000007bd600000,0x00000007c0000000)
 ParOldGen       total 128000K, used 105163K [0x0000000706400000, 0x000000070e100000, 0x0000000782180000)
  object space 128000K, 82% used [0x0000000706400000,0x000000070cab2d38,0x000000070e100000)
 Metaspace       used 36425K, capacity 38074K, committed 38232K, reserved 1083392K
  class space    used 4437K, capacity 4945K, committed 4952K, reserved 1048576K
}
Event: 17,491 GC heap before
{Heap before GC invocations=20 (full 3):
 PSYoungGen      total 970240K, used 1338K [0x0000000782180000, 0x00000007c0000000, 0x00000007c0000000)
  eden space 926208K, 0% used [0x0000000782180000,0x0000000782180000,0x00000007baa00000)
  from space 44032K, 3% used [0x00000007baa00000,0x00000007bab4e9b0,0x00000007bd500000)
  to   space 43008K, 0% used [0x00000007bd600000,0x00000007bd600000,0x00000007c0000000)
 ParOldGen       total 128000K, used 105163K [0x0000000706400000, 0x000000070e100000, 0x0000000782180000)
  object space 128000K, 82% used [0x0000000706400000,0x000000070cab2d38,0x000000070e100000)
 Metaspace       used 36425K, capacity 38074K, committed 38232K, reserved 1083392K
  class space    used 4437K, capacity 4945K, committed 4952K, reserved 1048576K
Event: 17,576 GC heap after
Heap after GC invocations=20 (full 3):
 PSYoungGen      total 970240K, used 0K [0x0000000782180000, 0x00000007c0000000, 0x00000007c0000000)
  eden space 926208K, 0% used [0x0000000782180000,0x0000000782180000,0x00000007baa00000)
  from space 44032K, 0% used [0x00000007baa00000,0x00000007baa00000,0x00000007bd500000)
  to   space 43008K, 0% used [0x00000007bd600000,0x00000007bd600000,0x00000007c0000000)
 ParOldGen       total 203776K, used 77858K [0x0000000706400000, 0x0000000712b00000, 0x0000000782180000)
  object space 203776K, 38% used [0x0000000706400000,0x000000070b0088b8,0x0000000712b00000)
 Metaspace       used 36425K, capacity 38074K, committed 38232K, reserved 1083392K
  class space    used 4437K, capacity 4945K, committed 4952K, reserved 1048576K
}
Event: 17,747 GC heap before
{Heap before GC invocations=21 (full 3):
 PSYoungGen      total 970240K, used 926208K [0x0000000782180000, 0x00000007c0000000, 0x00000007c0000000)
  eden space 926208K, 100% used [0x0000000782180000,0x00000007baa00000,0x00000007baa00000)
  from space 44032K, 0% used [0x00000007baa00000,0x00000007baa00000,0x00000007bd500000)
  to   space 43008K, 0% used [0x00000007bd600000,0x00000007bd600000,0x00000007c0000000)
 ParOldGen       total 203776K, used 77858K [0x0000000706400000, 0x0000000712b00000, 0x0000000782180000)
  object space 203776K, 38% used [0x0000000706400000,0x000000070b0088b8,0x0000000712b00000)
 Metaspace       used 36464K, capacity 38202K, committed 38488K, reserved 1083392K
  class space    used 4444K, capacity 4945K, committed 4952K, reserved 1048576K
Event: 17,749 GC heap after
Heap after GC invocations=21 (full 3):
 PSYoungGen      total 967168K, used 281K [0x0000000782180000, 0x00000007bfd00000, 0x00000007c0000000)
  eden space 927232K, 0% used [0x0000000782180000,0x0000000782180000,0x00000007bab00000)
  from space 39936K, 0% used [0x00000007bd600000,0x00000007bd646528,0x00000007bfd00000)
  to   space 41984K, 0% used [0x00000007bab00000,0x00000007bab00000,0x00000007bd400000)
 ParOldGen       total 203776K, used 77858K [0x0000000706400000, 0x0000000712b00000, 0x0000000782180000)
  object space 203776K, 38% used [0x0000000706400000,0x000000070b0088b8,0x0000000712b00000)
 Metaspace       used 36464K, capacity 38202K, committed 38488K, reserved 1083392K
  class space    used 4444K, capacity 4945K, committed 4952K, reserved 1048576K
}
Event: 18,132 GC heap before
{Heap before GC invocations=22 (full 3):
 PSYoungGen      total 967168K, used 927513K [0x0000000782180000, 0x00000007bfd00000, 0x00000007c0000000)
  eden space 927232K, 100% used [0x0000000782180000,0x00000007bab00000,0x00000007bab00000)
  from space 39936K, 0% used [0x00000007bd600000,0x00000007bd646528,0x00000007bfd00000)
  to   space 41984K, 0% used [0x00000007bab00000,0x00000007bab00000,0x00000007bd400000)
 ParOldGen       total 203776K, used 77858K [0x0000000706400000, 0x0000000712b00000, 0x0000000782180000)
  object space 203776K, 38% used [0x0000000706400000,0x000000070b0088b8,0x0000000712b00000)
 Metaspace       used 36533K, capacity 38274K, committed 38488K, reserved 1083392K
  class space    used 4444K, capacity 4945K, committed 4952K, reserved 1048576K
Event: 18,149 GC heap after
Heap after GC invocations=22 (full 3):
 PSYoungGen      total 969216K, used 2288K [0x0000000782180000, 0x00000007bff00000, 0x00000007c0000000)
  eden space 927232K, 0% used [0x0000000782180000,0x0000000782180000,0x00000007bab00000)
  from space 41984K, 5% used [0x00000007bab00000,0x00000007bad3c1f0,0x00000007bd400000)
  to   space 40448K, 0% used [0x00000007bd780000,0x00000007bd780000,0x00000007bff00000)
 ParOldGen       total 203776K, used 77930K [0x0000000706400000, 0x0000000712b00000, 0x0000000782180000)
  object space 203776K, 38% used [0x0000000706400000,0x000000070b01a9c0,0x0000000712b00000)
 Metaspace       used 36533K, capacity 38274K, committed 38488K, reserved 1083392K
  class space    used 4444K, capacity 4945K, committed 4952K, reserved 1048576K
}

