# JRE version: Java(TM) SE Runtime Environment (8.0_45-b14) (build 1.8.0_45-b14)
# Java VM: Java HotSpot(TM) 64-Bit Server VM (25.45-b02 mixed mode bsd-amd64 compressed oops)
Heap:
 PSYoungGen      total 694784K, used 128404K [0x0000000795580000, 0x00000007c0000000, 0x00000007c0000000)
  eden space 690688K, 18% used [0x0000000795580000,0x000000079cf64380,0x00000007bf800000)
  from space 4096K, 87% used [0x00000007bfc00000,0x00000007bff80d58,0x00000007c0000000)
  to   space 4096K, 0% used [0x00000007bf800000,0x00000007bf800000,0x00000007bfc00000)
 ParOldGen       total 184832K, used 103511K [0x0000000740000000, 0x000000074b480000, 0x0000000795580000)
  object space 184832K, 56% used [0x0000000740000000,0x0000000746515c08,0x000000074b480000)
 Metaspace       used 36714K, capacity 38530K, committed 38704K, reserved 1083392K
  class space    used 4492K, capacity 5089K, committed 5168K, reserved 1048576K
GC Heap History (10 events):
Event: 646.267 GC heap before
{Heap before GC invocations=300 (full 4):
 PSYoungGen      total 694784K, used 694137K [0x0000000795580000, 0x00000007c0000000, 0x00000007c0000000)
  eden space 690688K, 100% used [0x0000000795580000,0x00000007bf800000,0x00000007bf800000)
  from space 4096K, 84% used [0x00000007bf800000,0x00000007bfb5e478,0x00000007bfc00000)
  to   space 4096K, 0% used [0x00000007bfc00000,0x00000007bfc00000,0x00000007c0000000)
 ParOldGen       total 184832K, used 103431K [0x0000000740000000, 0x000000074b480000, 0x0000000795580000)
  object space 184832K, 55% used [0x0000000740000000,0x0000000746501c08,0x000000074b480000)
 Metaspace       used 36710K, capacity 38530K, committed 38704K, reserved 1083392K
  class space    used 4492K, capacity 5089K, committed 5168K, reserved 1048576K
Event: 646.269 GC heap after
Heap after GC invocations=300 (full 4):
 PSYoungGen      total 694784K, used 3528K [0x0000000795580000, 0x00000007c0000000, 0x00000007c0000000)
  eden space 690688K, 0% used [0x0000000795580000,0x0000000795580000,0x00000007bf800000)
  from space 4096K, 86% used [0x00000007bfc00000,0x00000007bff72070,0x00000007c0000000)
  to   space 4096K, 0% used [0x00000007bf800000,0x00000007bf800000,0x00000007bfc00000)
 ParOldGen       total 184832K, used 103455K [0x0000000740000000, 0x000000074b480000, 0x0000000795580000)
  object space 184832K, 55% used [0x0000000740000000,0x0000000746507c08,0x000000074b480000)
 Metaspace       used 36710K, capacity 38530K, committed 38704K, reserved 1083392K
  class space    used 4492K, capacity 5089K, committed 5168K, reserved 1048576K
}
Event: 646.496 GC heap before
{Heap before GC invocations=301 (full 4):
 PSYoungGen      total 694784K, used 692182K [0x0000000795580000, 0x00000007c0000000, 0x00000007c0000000)
  eden space 690688K, 99% used [0x0000000795580000,0x00000007bf603820,0x00000007bf800000)
  from space 4096K, 86% used [0x00000007bfc00000,0x00000007bff72070,0x00000007c0000000)
  to   space 4096K, 0% used [0x00000007bf800000,0x00000007bf800000,0x00000007bfc00000)
 ParOldGen       total 184832K, used 103455K [0x0000000740000000, 0x000000074b480000, 0x0000000795580000)
  object space 184832K, 55% used [0x0000000740000000,0x0000000746507c08,0x000000074b480000)
 Metaspace       used 36710K, capacity 38530K, committed 38704K, reserved 1083392K
  class space    used 4492K, capacity 5089K, committed 5168K, reserved 1048576K
Event: 646.498 GC heap after
Heap after GC invocations=301 (full 4):
 PSYoungGen      total 694784K, used 3510K [0x0000000795580000, 0x00000007c0000000, 0x00000007c0000000)
  eden space 690688K, 0% used [0x0000000795580000,0x0000000795580000,0x00000007bf800000)
  from space 4096K, 85% used [0x00000007bf800000,0x00000007bfb6dbd0,0x00000007bfc00000)
  to   space 4096K, 0% used [0x00000007bfc00000,0x00000007bfc00000,0x00000007c0000000)
 ParOldGen       total 184832K, used 103463K [0x0000000740000000, 0x000000074b480000, 0x0000000795580000)
  object space 184832K, 55% used [0x0000000740000000,0x0000000746509c08,0x000000074b480000)
 Metaspace       used 36710K, capacity 38530K, committed 38704K, reserved 1083392K
  class space    used 4492K, capacity 5089K, committed 5168K, reserved 1048576K
}
Event: 646.707 GC heap before
{Heap before GC invocations=302 (full 4):
 PSYoungGen      total 694784K, used 692728K [0x0000000795580000, 0x00000007c0000000, 0x00000007c0000000)
  eden space 690688K, 99% used [0x0000000795580000,0x00000007bf690768,0x00000007bf800000)
  from space 4096K, 85% used [0x00000007bf800000,0x00000007bfb6dbd0,0x00000007bfc00000)
  to   space 4096K, 0% used [0x00000007bfc00000,0x00000007bfc00000,0x00000007c0000000)
 ParOldGen       total 184832K, used 103463K [0x0000000740000000, 0x000000074b480000, 0x0000000795580000)
  object space 184832K, 55% used [0x0000000740000000,0x0000000746509c08,0x000000074b480000)
 Metaspace       used 36710K, capacity 38530K, committed 38704K, reserved 1083392K
  class space    used 4492K, capacity 5089K, committed 5168K, reserved 1048576K
Event: 646.709 GC heap after
Heap after GC invocations=302 (full 4):
 PSYoungGen      total 694784K, used 3557K [0x0000000795580000, 0x00000007c0000000, 0x00000007c0000000)
  eden space 690688K, 0% used [0x0000000795580000,0x0000000795580000,0x00000007bf800000)
  from space 4096K, 86% used [0x00000007bfc00000,0x00000007bff79730,0x00000007c0000000)
  to   space 4096K, 0% used [0x00000007bf800000,0x00000007bf800000,0x00000007bfc00000)
 ParOldGen       total 184832K, used 103487K [0x0000000740000000, 0x000000074b480000, 0x0000000795580000)
  object space 184832K, 55% used [0x0000000740000000,0x000000074650fc08,0x000000074b480000)
 Metaspace       used 36710K, capacity 38530K, committed 38704K, reserved 1083392K
  class space    used 4492K, capacity 5089K, committed 5168K, reserved 1048576K
}
Event: 646.948 GC heap before
{Heap before GC invocations=303 (full 4):
 PSYoungGen      total 694784K, used 692219K [0x0000000795580000, 0x00000007c0000000, 0x00000007c0000000)
  eden space 690688K, 99% used [0x0000000795580000,0x00000007bf6057c0,0x00000007bf800000)
  from space 4096K, 86% used [0x00000007bfc00000,0x00000007bff79730,0x00000007c0000000)
  to   space 4096K, 0% used [0x00000007bf800000,0x00000007bf800000,0x00000007bfc00000)
 ParOldGen       total 184832K, used 103487K [0x0000000740000000, 0x000000074b480000, 0x0000000795580000)
  object space 184832K, 55% used [0x0000000740000000,0x000000074650fc08,0x000000074b480000)
 Metaspace       used 36710K, capacity 38530K, committed 38704K, reserved 1083392K
  class space    used 4492K, capacity 5089K, committed 5168K, reserved 1048576K
Event: 646.950 GC heap after
Heap after GC invocations=303 (full 4):
 PSYoungGen      total 694784K, used 3508K [0x0000000795580000, 0x00000007c0000000, 0x00000007c0000000)
  eden space 690688K, 0% used [0x0000000795580000,0x0000000795580000,0x00000007bf800000)
  from space 4096K, 85% used [0x00000007bf800000,0x00000007bfb6d240,0x00000007bfc00000)
  to   space 4096K, 0% used [0x00000007bfc00000,0x00000007bfc00000,0x00000007c0000000)
 ParOldGen       total 184832K, used 103495K [0x0000000740000000, 0x000000074b480000, 0x0000000795580000)
  object space 184832K, 55% used [0x0000000740000000,0x0000000746511c08,0x000000074b480000)
 Metaspace       used 36710K, capacity 38530K, committed 38704K, reserved 1083392K
  class space    used 4492K, capacity 5089K, committed 5168K, reserved 1048576K
}
Event: 647.160 GC heap before
{Heap before GC invocations=304 (full 4):
 PSYoungGen      total 694784K, used 693821K [0x0000000795580000, 0x00000007c0000000, 0x00000007c0000000)
  eden space 690688K, 99% used [0x0000000795580000,0x00000007bf7a2388,0x00000007bf800000)
  from space 4096K, 85% used [0x00000007bf800000,0x00000007bfb6d240,0x00000007bfc00000)
  to   space 4096K, 0% used [0x00000007bfc00000,0x00000007bfc00000,0x00000007c0000000)
 ParOldGen       total 184832K, used 103495K [0x0000000740000000, 0x000000074b480000, 0x0000000795580000)
  object space 184832K, 55% used [0x0000000740000000,0x0000000746511c08,0x000000074b480000)
 Metaspace       used 36710K, capacity 38530K, committed 38704K, reserved 1083392K
  class space    used 4492K, capacity 5089K, committed 5168K, reserved 1048576K
Event: 647.162 GC heap after
Heap after GC invocations=304 (full 4):
 PSYoungGen      total 694784K, used 3587K [0x0000000795580000, 0x00000007c0000000, 0x00000007c0000000)
  eden space 690688K, 0% used [0x0000000795580000,0x0000000795580000,0x00000007bf800000)
  from space 4096K, 87% used [0x00000007bfc00000,0x00000007bff80d58,0x00000007c0000000)
  to   space 4096K, 0% used [0x00000007bf800000,0x00000007bf800000,0x00000007bfc00000)
 ParOldGen       total 184832K, used 103511K [0x0000000740000000, 0x000000074b480000, 0x0000000795580000)
  object space 184832K, 56% used [0x0000000740000000,0x0000000746515c08,0x000000074b480000)
 Metaspace       used 36710K, capacity 38530K, committed 38704K, reserved 1083392K
  class space    used 4492K, capacity 5089K, committed 5168K, reserved 1048576K
}

