# JRE version: Java(TM) SE Runtime Environment (8.0_121-b13) (build 1.8.0_121-b13)
# Java VM: Java HotSpot(TM) 64-Bit Server VM (25.121-b13 mixed mode linux-amd64 compressed oops)
Heap:
 PSYoungGen      total 672256K, used 595333K [0x00000000d6d80000, 0x0000000100000000, 0x0000000100000000)
  eden space 670208K, 88% used [0x00000000d6d80000,0x00000000fb1c8690,0x00000000ffc00000)
  from space 2048K, 54% used [0x00000000ffc00000,0x00000000ffd18ef8,0x00000000ffe00000)
  to   space 2048K, 0% used [0x00000000ffe00000,0x00000000ffe00000,0x0000000100000000)
 ParOldGen       total 219648K, used 153672K [0x0000000084800000, 0x0000000091e80000, 0x00000000d6d80000)
  object space 219648K, 69% used [0x0000000084800000,0x000000008de121d8,0x0000000091e80000)
 Metaspace       used 36856K, capacity 38434K, committed 38696K, reserved 1083392K
  class space    used 4409K, capacity 4887K, committed 4912K, reserved 1048576K
GC Heap History (10 events):
Event: 786,487 GC heap before
{Heap before GC invocations=1286 (full 5):
 PSYoungGen      total 507392K, used 507388K [0x00000000d6d80000, 0x00000000ffe80000, 0x0000000100000000)
  eden space 506368K, 100% used [0x00000000d6d80000,0x00000000f5c00000,0x00000000f5c00000)
  from space 1024K, 99% used [0x00000000ffd80000,0x00000000ffe7f280,0x00000000ffe80000)
  to   space 1536K, 0% used [0x00000000ffb80000,0x00000000ffb80000,0x00000000ffd00000)
 ParOldGen       total 219648K, used 153584K [0x0000000084800000, 0x0000000091e80000, 0x00000000d6d80000)
  object space 219648K, 69% used [0x0000000084800000,0x000000008ddfc1d8,0x0000000091e80000)
 Metaspace       used 36855K, capacity 38434K, committed 38696K, reserved 1083392K
  class space    used 4409K, capacity 4887K, committed 4912K, reserved 1048576K
Event: 786,489 GC heap after
Heap after GC invocations=1286 (full 5):
 PSYoungGen      total 546816K, used 1077K [0x00000000d6d80000, 0x00000000ffe00000, 0x0000000100000000)
  eden space 545280K, 0% used [0x00000000d6d80000,0x00000000d6d80000,0x00000000f8200000)
  from space 1536K, 70% used [0x00000000ffb80000,0x00000000ffc8d608,0x00000000ffd00000)
  to   space 1024K, 0% used [0x00000000ffd00000,0x00000000ffd00000,0x00000000ffe00000)
 ParOldGen       total 219648K, used 153584K [0x0000000084800000, 0x0000000091e80000, 0x00000000d6d80000)
  object space 219648K, 69% used [0x0000000084800000,0x000000008ddfc1d8,0x0000000091e80000)
 Metaspace       used 36855K, capacity 38434K, committed 38696K, reserved 1083392K
  class space    used 4409K, capacity 4887K, committed 4912K, reserved 1048576K
}
Event: 786,597 GC heap before
{Heap before GC invocations=1287 (full 5):
 PSYoungGen      total 546816K, used 546357K [0x00000000d6d80000, 0x00000000ffe00000, 0x0000000100000000)
  eden space 545280K, 100% used [0x00000000d6d80000,0x00000000f8200000,0x00000000f8200000)
  from space 1536K, 70% used [0x00000000ffb80000,0x00000000ffc8d608,0x00000000ffd00000)
  to   space 1024K, 0% used [0x00000000ffd00000,0x00000000ffd00000,0x00000000ffe00000)
 ParOldGen       total 219648K, used 153584K [0x0000000084800000, 0x0000000091e80000, 0x00000000d6d80000)
  object space 219648K, 69% used [0x0000000084800000,0x000000008ddfc1d8,0x0000000091e80000)
 Metaspace       used 36855K, capacity 38434K, committed 38696K, reserved 1083392K
  class space    used 4409K, capacity 4887K, committed 4912K, reserved 1048576K
Event: 786,600 GC heap after
Heap after GC invocations=1287 (full 5):
 PSYoungGen      total 604672K, used 1009K [0x00000000d6d80000, 0x00000000ffe00000, 0x0000000100000000)
  eden space 603648K, 0% used [0x00000000d6d80000,0x00000000d6d80000,0x00000000fbb00000)
  from space 1024K, 98% used [0x00000000ffd00000,0x00000000ffdfc530,0x00000000ffe00000)
  to   space 2048K, 0% used [0x00000000ffa00000,0x00000000ffa00000,0x00000000ffc00000)
 ParOldGen       total 219648K, used 153672K [0x0000000084800000, 0x0000000091e80000, 0x00000000d6d80000)
  object space 219648K, 69% used [0x0000000084800000,0x000000008de121d8,0x0000000091e80000)
 Metaspace       used 36855K, capacity 38434K, committed 38696K, reserved 1083392K
  class space    used 4409K, capacity 4887K, committed 4912K, reserved 1048576K
}
Event: 786,726 GC heap before
{Heap before GC invocations=1288 (full 5):
 PSYoungGen      total 604672K, used 604657K [0x00000000d6d80000, 0x00000000ffe00000, 0x0000000100000000)
  eden space 603648K, 100% used [0x00000000d6d80000,0x00000000fbb00000,0x00000000fbb00000)
  from space 1024K, 98% used [0x00000000ffd00000,0x00000000ffdfc530,0x00000000ffe00000)
  to   space 2048K, 0% used [0x00000000ffa00000,0x00000000ffa00000,0x00000000ffc00000)
 ParOldGen       total 219648K, used 153672K [0x0000000084800000, 0x0000000091e80000, 0x00000000d6d80000)
  object space 219648K, 69% used [0x0000000084800000,0x000000008de121d8,0x0000000091e80000)
 Metaspace       used 36855K, capacity 38434K, committed 38696K, reserved 1083392K
  class space    used 4409K, capacity 4887K, committed 4912K, reserved 1048576K
Event: 786,728 GC heap after
Heap after GC invocations=1288 (full 5):
 PSYoungGen      total 670208K, used 1129K [0x00000000d6d80000, 0x0000000100000000, 0x0000000100000000)
  eden space 668160K, 0% used [0x00000000d6d80000,0x00000000d6d80000,0x00000000ffa00000)
  from space 2048K, 55% used [0x00000000ffa00000,0x00000000ffb1a550,0x00000000ffc00000)
  to   space 2048K, 0% used [0x00000000ffe00000,0x00000000ffe00000,0x0000000100000000)
 ParOldGen       total 219648K, used 153672K [0x0000000084800000, 0x0000000091e80000, 0x00000000d6d80000)
  object space 219648K, 69% used [0x0000000084800000,0x000000008de121d8,0x0000000091e80000)
 Metaspace       used 36855K, capacity 38434K, committed 38696K, reserved 1083392K
  class space    used 4409K, capacity 4887K, committed 4912K, reserved 1048576K
}
Event: 786,869 GC heap before
{Heap before GC invocations=1289 (full 5):
 PSYoungGen      total 670208K, used 669289K [0x00000000d6d80000, 0x0000000100000000, 0x0000000100000000)
  eden space 668160K, 100% used [0x00000000d6d80000,0x00000000ffa00000,0x00000000ffa00000)
  from space 2048K, 55% used [0x00000000ffa00000,0x00000000ffb1a550,0x00000000ffc00000)
  to   space 2048K, 0% used [0x00000000ffe00000,0x00000000ffe00000,0x0000000100000000)
 ParOldGen       total 219648K, used 153672K [0x0000000084800000, 0x0000000091e80000, 0x00000000d6d80000)
  object space 219648K, 69% used [0x0000000084800000,0x000000008de121d8,0x0000000091e80000)
 Metaspace       used 36855K, capacity 38434K, committed 38696K, reserved 1083392K
  class space    used 4409K, capacity 4887K, committed 4912K, reserved 1048576K
Event: 786,871 GC heap after
Heap after GC invocations=1289 (full 5):
 PSYoungGen      total 672256K, used 1105K [0x00000000d6d80000, 0x0000000100000000, 0x0000000100000000)
  eden space 670208K, 0% used [0x00000000d6d80000,0x00000000d6d80000,0x00000000ffc00000)
  from space 2048K, 53% used [0x00000000ffe00000,0x00000000fff146d8,0x0000000100000000)
  to   space 2048K, 0% used [0x00000000ffc00000,0x00000000ffc00000,0x00000000ffe00000)
 ParOldGen       total 219648K, used 153672K [0x0000000084800000, 0x0000000091e80000, 0x00000000d6d80000)
  object space 219648K, 69% used [0x0000000084800000,0x000000008de121d8,0x0000000091e80000)
 Metaspace       used 36855K, capacity 38434K, committed 38696K, reserved 1083392K
  class space    used 4409K, capacity 4887K, committed 4912K, reserved 1048576K
}
Event: 787,020 GC heap before
{Heap before GC invocations=1290 (full 5):
 PSYoungGen      total 672256K, used 671313K [0x00000000d6d80000, 0x0000000100000000, 0x0000000100000000)
  eden space 670208K, 100% used [0x00000000d6d80000,0x00000000ffc00000,0x00000000ffc00000)
  from space 2048K, 53% used [0x00000000ffe00000,0x00000000fff146d8,0x0000000100000000)
  to   space 2048K, 0% used [0x00000000ffc00000,0x00000000ffc00000,0x00000000ffe00000)
 ParOldGen       total 219648K, used 153672K [0x0000000084800000, 0x0000000091e80000, 0x00000000d6d80000)
  object space 219648K, 69% used [0x0000000084800000,0x000000008de121d8,0x0000000091e80000)
 Metaspace       used 36855K, capacity 38434K, committed 38696K, reserved 1083392K
  class space    used 4409K, capacity 4887K, committed 4912K, reserved 1048576K
Event: 787,023 GC heap after
Heap after GC invocations=1290 (full 5):
 PSYoungGen      total 672256K, used 1123K [0x00000000d6d80000, 0x0000000100000000, 0x0000000100000000)
  eden space 670208K, 0% used [0x00000000d6d80000,0x00000000d6d80000,0x00000000ffc00000)
  from space 2048K, 54% used [0x00000000ffc00000,0x00000000ffd18ef8,0x00000000ffe00000)
  to   space 2048K, 0% used [0x00000000ffe00000,0x00000000ffe00000,0x0000000100000000)
 ParOldGen       total 219648K, used 153672K [0x0000000084800000, 0x0000000091e80000, 0x00000000d6d80000)
  object space 219648K, 69% used [0x0000000084800000,0x000000008de121d8,0x0000000091e80000)
 Metaspace       used 36855K, capacity 38434K, committed 38696K, reserved 1083392K
  class space    used 4409K, capacity 4887K, committed 4912K, reserved 1048576K
}

