# JRE version: Java(TM) SE Runtime Environment (8.0_91-b15) (build 1.8.0_91-b15)
# Java VM: Java HotSpot(TM) 64-Bit Server VM (25.91-b15 mixed mode windows-amd64 compressed oops)
Heap:
 PSYoungGen      total 676864K, used 190593K [0x00000000d6180000, 0x00000000fff00000, 0x0000000100000000)
  eden space 669184K, 28% used [0x00000000d6180000,0x00000000e1b40c48,0x00000000fef00000)
  from space 7680K, 4% used [0x00000000ff780000,0x00000000ff7dfb28,0x00000000fff00000)
  to   space 8192K, 0% used [0x00000000fef00000,0x00000000fef00000,0x00000000ff700000)
 ParOldGen       total 102912K, used 42205K [0x0000000082400000, 0x0000000088880000, 0x00000000d6180000)
  object space 102912K, 41% used [0x0000000082400000,0x0000000084d377c8,0x0000000088880000)
 Metaspace       used 34028K, capacity 35746K, committed 35968K, reserved 1081344K
  class space    used 4171K, capacity 4643K, committed 4736K, reserved 1048576K
GC Heap History (10 events):
Event: 43.621 GC heap before
{Heap before GC invocations=44 (full 2):
 PSYoungGen      total 674816K, used 664401K [0x00000000d6180000, 0x00000000fff80000, 0x0000000100000000)
  eden space 664064K, 100% used [0x00000000d6180000,0x00000000fea00000,0x00000000fea00000)
  from space 10752K, 3% used [0x00000000fea00000,0x00000000fea54638,0x00000000ff480000)
  to   space 10240K, 0% used [0x00000000ff580000,0x00000000ff580000,0x00000000fff80000)
 ParOldGen       total 102912K, used 37847K [0x0000000082400000, 0x0000000088880000, 0x00000000d6180000)
  object space 102912K, 36% used [0x0000000082400000,0x00000000848f5fa8,0x0000000088880000)
 Metaspace       used 33991K, capacity 35682K, committed 35968K, reserved 1081344K
  class space    used 4171K, capacity 4643K, committed 4736K, reserved 1048576K
Event: 43.623 GC heap after
Heap after GC invocations=44 (full 2):
 PSYoungGen      total 674816K, used 2138K [0x00000000d6180000, 0x00000000ffe80000, 0x0000000100000000)
  eden space 665600K, 0% used [0x00000000d6180000,0x00000000d6180000,0x00000000feb80000)
  from space 9216K, 23% used [0x00000000ff580000,0x00000000ff796ba8,0x00000000ffe80000)
  to   space 9728K, 0% used [0x00000000feb80000,0x00000000feb80000,0x00000000ff500000)
 ParOldGen       total 102912K, used 37847K [0x0000000082400000, 0x0000000088880000, 0x00000000d6180000)
  object space 102912K, 36% used [0x0000000082400000,0x00000000848f5fa8,0x0000000088880000)
 Metaspace       used 33991K, capacity 35682K, committed 35968K, reserved 1081344K
  class space    used 4171K, capacity 4643K, committed 4736K, reserved 1048576K
}
Event: 46.470 GC heap before
{Heap before GC invocations=45 (full 2):
 PSYoungGen      total 674816K, used 667738K [0x00000000d6180000, 0x00000000ffe80000, 0x0000000100000000)
  eden space 665600K, 100% used [0x00000000d6180000,0x00000000feb80000,0x00000000feb80000)
  from space 9216K, 23% used [0x00000000ff580000,0x00000000ff796ba8,0x00000000ffe80000)
  to   space 9728K, 0% used [0x00000000feb80000,0x00000000feb80000,0x00000000ff500000)
 ParOldGen       total 102912K, used 37847K [0x0000000082400000, 0x0000000088880000, 0x00000000d6180000)
  object space 102912K, 36% used [0x0000000082400000,0x00000000848f5fa8,0x0000000088880000)
 Metaspace       used 34027K, capacity 35746K, committed 35968K, reserved 1081344K
  class space    used 4171K, capacity 4643K, committed 4736K, reserved 1048576K
Event: 46.473 GC heap after
Heap after GC invocations=45 (full 2):
 PSYoungGen      total 675328K, used 2583K [0x00000000d6180000, 0x00000000fff80000, 0x0000000100000000)
  eden space 665600K, 0% used [0x00000000d6180000,0x00000000d6180000,0x00000000feb80000)
  from space 9728K, 26% used [0x00000000feb80000,0x00000000fee05c70,0x00000000ff500000)
  to   space 9216K, 0% used [0x00000000ff680000,0x00000000ff680000,0x00000000fff80000)
 ParOldGen       total 102912K, used 39678K [0x0000000082400000, 0x0000000088880000, 0x00000000d6180000)
  object space 102912K, 38% used [0x0000000082400000,0x0000000084abf8a8,0x0000000088880000)
 Metaspace       used 34027K, capacity 35746K, committed 35968K, reserved 1081344K
  class space    used 4171K, capacity 4643K, committed 4736K, reserved 1048576K
}
Event: 46.591 GC heap before
{Heap before GC invocations=46 (full 2):
 PSYoungGen      total 675328K, used 668183K [0x00000000d6180000, 0x00000000fff80000, 0x0000000100000000)
  eden space 665600K, 100% used [0x00000000d6180000,0x00000000feb80000,0x00000000feb80000)
  from space 9728K, 26% used [0x00000000feb80000,0x00000000fee05c70,0x00000000ff500000)
  to   space 9216K, 0% used [0x00000000ff680000,0x00000000ff680000,0x00000000fff80000)
 ParOldGen       total 102912K, used 39678K [0x0000000082400000, 0x0000000088880000, 0x00000000d6180000)
  object space 102912K, 38% used [0x0000000082400000,0x0000000084abf8a8,0x0000000088880000)
 Metaspace       used 34027K, capacity 35746K, committed 35968K, reserved 1081344K
  class space    used 4171K, capacity 4643K, committed 4736K, reserved 1048576K
Event: 46.593 GC heap after
Heap after GC invocations=46 (full 2):
 PSYoungGen      total 675840K, used 334K [0x00000000d6180000, 0x00000000ffe80000, 0x0000000100000000)
  eden space 667648K, 0% used [0x00000000d6180000,0x00000000d6180000,0x00000000fed80000)
  from space 8192K, 4% used [0x00000000ff680000,0x00000000ff6d3af0,0x00000000ffe80000)
  to   space 8704K, 0% used [0x00000000fed80000,0x00000000fed80000,0x00000000ff600000)
 ParOldGen       total 102912K, used 42018K [0x0000000082400000, 0x0000000088880000, 0x00000000d6180000)
  object space 102912K, 40% used [0x0000000082400000,0x0000000084d08968,0x0000000088880000)
 Metaspace       used 34027K, capacity 35746K, committed 35968K, reserved 1081344K
  class space    used 4171K, capacity 4643K, committed 4736K, reserved 1048576K
}
Event: 46.702 GC heap before
{Heap before GC invocations=47 (full 2):
 PSYoungGen      total 675840K, used 667982K [0x00000000d6180000, 0x00000000ffe80000, 0x0000000100000000)
  eden space 667648K, 100% used [0x00000000d6180000,0x00000000fed80000,0x00000000fed80000)
  from space 8192K, 4% used [0x00000000ff680000,0x00000000ff6d3af0,0x00000000ffe80000)
  to   space 8704K, 0% used [0x00000000fed80000,0x00000000fed80000,0x00000000ff600000)
 ParOldGen       total 102912K, used 42018K [0x0000000082400000, 0x0000000088880000, 0x00000000d6180000)
  object space 102912K, 40% used [0x0000000082400000,0x0000000084d08968,0x0000000088880000)
 Metaspace       used 34027K, capacity 35746K, committed 35968K, reserved 1081344K
  class space    used 4171K, capacity 4643K, committed 4736K, reserved 1048576K
Event: 46.704 GC heap after
Heap after GC invocations=47 (full 2):
 PSYoungGen      total 676352K, used 328K [0x00000000d6180000, 0x0000000100000000, 0x0000000100000000)
  eden space 667648K, 0% used [0x00000000d6180000,0x00000000d6180000,0x00000000fed80000)
  from space 8704K, 3% used [0x00000000fed80000,0x00000000fedd23a8,0x00000000ff600000)
  to   space 8704K, 0% used [0x00000000ff780000,0x00000000ff780000,0x0000000100000000)
 ParOldGen       total 102912K, used 42197K [0x0000000082400000, 0x0000000088880000, 0x00000000d6180000)
  object space 102912K, 41% used [0x0000000082400000,0x0000000084d357c8,0x0000000088880000)
 Metaspace       used 34027K, capacity 35746K, committed 35968K, reserved 1081344K
  class space    used 4171K, capacity 4643K, committed 4736K, reserved 1048576K
}
Event: 46.809 GC heap before
{Heap before GC invocations=48 (full 2):
 PSYoungGen      total 676352K, used 667976K [0x00000000d6180000, 0x0000000100000000, 0x0000000100000000)
  eden space 667648K, 100% used [0x00000000d6180000,0x00000000fed80000,0x00000000fed80000)
  from space 8704K, 3% used [0x00000000fed80000,0x00000000fedd23a8,0x00000000ff600000)
  to   space 8704K, 0% used [0x00000000ff780000,0x00000000ff780000,0x0000000100000000)
 ParOldGen       total 102912K, used 42197K [0x0000000082400000, 0x0000000088880000, 0x00000000d6180000)
  object space 102912K, 41% used [0x0000000082400000,0x0000000084d357c8,0x0000000088880000)
 Metaspace       used 34028K, capacity 35746K, committed 35968K, reserved 1081344K
  class space    used 4171K, capacity 4643K, committed 4736K, reserved 1048576K
Event: 46.811 GC heap after
Heap after GC invocations=48 (full 2):
 PSYoungGen      total 676864K, used 382K [0x00000000d6180000, 0x00000000fff00000, 0x0000000100000000)
  eden space 669184K, 0% used [0x00000000d6180000,0x00000000d6180000,0x00000000fef00000)
  from space 7680K, 4% used [0x00000000ff780000,0x00000000ff7dfb28,0x00000000fff00000)
  to   space 8192K, 0% used [0x00000000fef00000,0x00000000fef00000,0x00000000ff700000)
 ParOldGen       total 102912K, used 42205K [0x0000000082400000, 0x0000000088880000, 0x00000000d6180000)
  object space 102912K, 41% used [0x0000000082400000,0x0000000084d377c8,0x0000000088880000)
 Metaspace       used 34028K, capacity 35746K, committed 35968K, reserved 1081344K
  class space    used 4171K, capacity 4643K, committed 4736K, reserved 1048576K
}

