# JRE version: Java(TM) SE Runtime Environment (8.0_91-b15) (build 1.8.0_91-b15)
# Java VM: Java HotSpot(TM) 64-Bit Server VM (25.91-b15 mixed mode windows-amd64 compressed oops)
Heap:
 PSYoungGen      total 72192K, used 54867K [0x00000000d6180000, 0x00000000dce00000, 0x0000000100000000)
  eden space 57344K, 81% used [0x00000000d6180000,0x00000000d8f06a10,0x00000000d9980000)
  from space 14848K, 55% used [0x00000000d9980000,0x00000000da18e5a8,0x00000000da800000)
  to   space 14336K, 0% used [0x00000000dc000000,0x00000000dc000000,0x00000000dce00000)
 ParOldGen       total 65536K, used 22843K [0x0000000082400000, 0x0000000086400000, 0x00000000d6180000)
  object space 65536K, 34% used [0x0000000082400000,0x0000000083a4ee78,0x0000000086400000)
 Metaspace       used 32291K, capacity 33968K, committed 34304K, reserved 1079296K
  class space    used 4035K, capacity 4570K, committed 4608K, reserved 1048576K
GC Heap History (10 events):
Event: 3.056 GC heap before
{Heap before GC invocations=6 (full 1):
 PSYoungGen      total 37888K, used 37873K [0x00000000d6180000, 0x00000000d9700000, 0x0000000100000000)
  eden space 32768K, 100% used [0x00000000d6180000,0x00000000d8180000,0x00000000d8180000)
  from space 5120K, 99% used [0x00000000d8680000,0x00000000d8b7c5c0,0x00000000d8b80000)
  to   space 5120K, 0% used [0x00000000d8180000,0x00000000d8180000,0x00000000d8680000)
 ParOldGen       total 65536K, used 8341K [0x0000000082400000, 0x0000000086400000, 0x00000000d6180000)
  object space 65536K, 12% used [0x0000000082400000,0x0000000082c254b0,0x0000000086400000)
 Metaspace       used 28240K, capacity 29706K, committed 29824K, reserved 1075200K
  class space    used 3495K, capacity 3940K, committed 3968K, reserved 1048576K
Event: 3.064 GC heap after
Heap after GC invocations=6 (full 1):
 PSYoungGen      total 37888K, used 5109K [0x00000000d6180000, 0x00000000daf00000, 0x0000000100000000)
  eden space 32768K, 0% used [0x00000000d6180000,0x00000000d6180000,0x00000000d8180000)
  from space 5120K, 99% used [0x00000000d8180000,0x00000000d867d4f8,0x00000000d8680000)
  to   space 17408K, 0% used [0x00000000d9e00000,0x00000000d9e00000,0x00000000daf00000)
 ParOldGen       total 65536K, used 22811K [0x0000000082400000, 0x0000000086400000, 0x00000000d6180000)
  object space 65536K, 34% used [0x0000000082400000,0x0000000083a46e78,0x0000000086400000)
 Metaspace       used 28240K, capacity 29706K, committed 29824K, reserved 1075200K
  class space    used 3495K, capacity 3940K, committed 3968K, reserved 1048576K
}
Event: 3.947 GC heap before
{Heap before GC invocations=7 (full 1):
 PSYoungGen      total 37888K, used 37877K [0x00000000d6180000, 0x00000000daf00000, 0x0000000100000000)
  eden space 32768K, 100% used [0x00000000d6180000,0x00000000d8180000,0x00000000d8180000)
  from space 5120K, 99% used [0x00000000d8180000,0x00000000d867d4f8,0x00000000d8680000)
  to   space 17408K, 0% used [0x00000000d9e00000,0x00000000d9e00000,0x00000000daf00000)
 ParOldGen       total 65536K, used 22811K [0x0000000082400000, 0x0000000086400000, 0x00000000d6180000)
  object space 65536K, 34% used [0x0000000082400000,0x0000000083a46e78,0x0000000086400000)
 Metaspace       used 29916K, capacity 31590K, committed 31744K, reserved 1077248K
  class space    used 3781K, capacity 4259K, committed 4352K, reserved 1048576K
Event: 3.952 GC heap after
Heap after GC invocations=7 (full 1):
 PSYoungGen      total 58880K, used 6367K [0x00000000d6180000, 0x00000000dad00000, 0x0000000100000000)
  eden space 43520K, 0% used [0x00000000d6180000,0x00000000d6180000,0x00000000d8c00000)
  from space 15360K, 41% used [0x00000000d9e00000,0x00000000da437df0,0x00000000dad00000)
  to   space 16896K, 0% used [0x00000000d8c00000,0x00000000d8c00000,0x00000000d9c80000)
 ParOldGen       total 65536K, used 22819K [0x0000000082400000, 0x0000000086400000, 0x00000000d6180000)
  object space 65536K, 34% used [0x0000000082400000,0x0000000083a48e78,0x0000000086400000)
 Metaspace       used 29916K, capacity 31590K, committed 31744K, reserved 1077248K
  class space    used 3781K, capacity 4259K, committed 4352K, reserved 1048576K
}
Event: 5.900 GC heap before
{Heap before GC invocations=8 (full 1):
 PSYoungGen      total 58880K, used 49887K [0x00000000d6180000, 0x00000000dad00000, 0x0000000100000000)
  eden space 43520K, 100% used [0x00000000d6180000,0x00000000d8c00000,0x00000000d8c00000)
  from space 15360K, 41% used [0x00000000d9e00000,0x00000000da437df0,0x00000000dad00000)
  to   space 16896K, 0% used [0x00000000d8c00000,0x00000000d8c00000,0x00000000d9c80000)
 ParOldGen       total 65536K, used 22819K [0x0000000082400000, 0x0000000086400000, 0x00000000d6180000)
  object space 65536K, 34% used [0x0000000082400000,0x0000000083a48e78,0x0000000086400000)
 Metaspace       used 31848K, capacity 33480K, committed 33792K, reserved 1079296K
  class space    used 4019K, capacity 4538K, committed 4608K, reserved 1048576K
Event: 5.906 GC heap after
Heap after GC invocations=8 (full 1):
 PSYoungGen      total 60416K, used 7882K [0x00000000d6180000, 0x00000000db780000, 0x0000000100000000)
  eden space 43520K, 0% used [0x00000000d6180000,0x00000000d6180000,0x00000000d8c00000)
  from space 16896K, 46% used [0x00000000d8c00000,0x00000000d93b28f0,0x00000000d9c80000)
  to   space 15872K, 0% used [0x00000000da800000,0x00000000da800000,0x00000000db780000)
 ParOldGen       total 65536K, used 22827K [0x0000000082400000, 0x0000000086400000, 0x00000000d6180000)
  object space 65536K, 34% used [0x0000000082400000,0x0000000083a4ae78,0x0000000086400000)
 Metaspace       used 31848K, capacity 33480K, committed 33792K, reserved 1079296K
  class space    used 4019K, capacity 4538K, committed 4608K, reserved 1048576K
}
Event: 5.930 GC heap before
{Heap before GC invocations=9 (full 1):
 PSYoungGen      total 60416K, used 51402K [0x00000000d6180000, 0x00000000db780000, 0x0000000100000000)
  eden space 43520K, 100% used [0x00000000d6180000,0x00000000d8c00000,0x00000000d8c00000)
  from space 16896K, 46% used [0x00000000d8c00000,0x00000000d93b28f0,0x00000000d9c80000)
  to   space 15872K, 0% used [0x00000000da800000,0x00000000da800000,0x00000000db780000)
 ParOldGen       total 65536K, used 22827K [0x0000000082400000, 0x0000000086400000, 0x00000000d6180000)
  object space 65536K, 34% used [0x0000000082400000,0x0000000083a4ae78,0x0000000086400000)
 Metaspace       used 31853K, capacity 33544K, committed 33792K, reserved 1079296K
  class space    used 4019K, capacity 4538K, committed 4608K, reserved 1048576K
Event: 5.936 GC heap after
Heap after GC invocations=9 (full 1):
 PSYoungGen      total 73216K, used 7978K [0x00000000d6180000, 0x00000000dc900000, 0x0000000100000000)
  eden space 57344K, 0% used [0x00000000d6180000,0x00000000d6180000,0x00000000d9980000)
  from space 15872K, 50% used [0x00000000da800000,0x00000000dafca8f0,0x00000000db780000)
  to   space 14848K, 0% used [0x00000000d9980000,0x00000000d9980000,0x00000000da800000)
 ParOldGen       total 65536K, used 22835K [0x0000000082400000, 0x0000000086400000, 0x00000000d6180000)
  object space 65536K, 34% used [0x0000000082400000,0x0000000083a4ce78,0x0000000086400000)
 Metaspace       used 31853K, capacity 33544K, committed 33792K, reserved 1079296K
  class space    used 4019K, capacity 4538K, committed 4608K, reserved 1048576K
}
Event: 6.236 GC heap before
{Heap before GC invocations=10 (full 1):
 PSYoungGen      total 73216K, used 65322K [0x00000000d6180000, 0x00000000dc900000, 0x0000000100000000)
  eden space 57344K, 100% used [0x00000000d6180000,0x00000000d9980000,0x00000000d9980000)
  from space 15872K, 50% used [0x00000000da800000,0x00000000dafca8f0,0x00000000db780000)
  to   space 14848K, 0% used [0x00000000d9980000,0x00000000d9980000,0x00000000da800000)
 ParOldGen       total 65536K, used 22835K [0x0000000082400000, 0x0000000086400000, 0x00000000d6180000)
  object space 65536K, 34% used [0x0000000082400000,0x0000000083a4ce78,0x0000000086400000)
 Metaspace       used 32095K, capacity 33736K, committed 34048K, reserved 1079296K
  class space    used 4021K, capacity 4538K, committed 4608K, reserved 1048576K
Event: 6.244 GC heap after
Heap after GC invocations=10 (full 1):
 PSYoungGen      total 72192K, used 8249K [0x00000000d6180000, 0x00000000dce00000, 0x0000000100000000)
  eden space 57344K, 0% used [0x00000000d6180000,0x00000000d6180000,0x00000000d9980000)
  from space 14848K, 55% used [0x00000000d9980000,0x00000000da18e5a8,0x00000000da800000)
  to   space 14336K, 0% used [0x00000000dc000000,0x00000000dc000000,0x00000000dce00000)
 ParOldGen       total 65536K, used 22843K [0x0000000082400000, 0x0000000086400000, 0x00000000d6180000)
  object space 65536K, 34% used [0x0000000082400000,0x0000000083a4ee78,0x0000000086400000)
 Metaspace       used 32095K, capacity 33736K, committed 34048K, reserved 1079296K
  class space    used 4021K, capacity 4538K, committed 4608K, reserved 1048576K
}

