# JRE version: Java(TM) SE Runtime Environment (8.0_91-b15) (build 1.8.0_91-b15)
# Java VM: Java HotSpot(TM) 64-Bit Server VM (25.91-b15 mixed mode windows-amd64 compressed oops)
Heap:
 PSYoungGen      total 677888K, used 322286K [0x00000000d6180000, 0x0000000100000000, 0x0000000100000000)
  eden space 669696K, 48% used [0x00000000d6180000,0x00000000e9bd4d68,0x00000000fef80000)
  from space 8192K, 5% used [0x00000000ff700000,0x00000000ff766ba0,0x00000000fff00000)
  to   space 7680K, 0% used [0x00000000fef80000,0x00000000fef80000,0x00000000ff700000)
 ParOldGen       total 118272K, used 32885K [0x0000000082400000, 0x0000000089780000, 0x00000000d6180000)
  object space 118272K, 27% used [0x0000000082400000,0x000000008441d588,0x0000000089780000)
 Metaspace       used 34957K, capacity 36650K, committed 36736K, reserved 1081344K
  class space    used 4232K, capacity 4711K, committed 4736K, reserved 1048576K
GC Heap History (10 events):
Event: 261.564 GC heap before
{Heap before GC invocations=103 (full 3):
 PSYoungGen      total 676352K, used 666956K [0x00000000d6180000, 0x00000000fff80000, 0x0000000100000000)
  eden space 666624K, 100% used [0x00000000d6180000,0x00000000fec80000,0x00000000fec80000)
  from space 9728K, 3% used [0x00000000fec80000,0x00000000fecd33a8,0x00000000ff600000)
  to   space 9216K, 0% used [0x00000000ff680000,0x00000000ff680000,0x00000000fff80000)
 ParOldGen       total 118272K, used 28771K [0x0000000082400000, 0x0000000089780000, 0x00000000d6180000)
  object space 118272K, 24% used [0x0000000082400000,0x0000000084018c70,0x0000000089780000)
 Metaspace       used 34950K, capacity 36650K, committed 36736K, reserved 1081344K
  class space    used 4232K, capacity 4711K, committed 4736K, reserved 1048576K
Event: 261.565 GC heap after
Heap after GC invocations=103 (full 3):
 PSYoungGen      total 675840K, used 322K [0x00000000d6180000, 0x00000000ffe80000, 0x0000000100000000)
  eden space 667648K, 0% used [0x00000000d6180000,0x00000000d6180000,0x00000000fed80000)
  from space 8192K, 3% used [0x00000000ff680000,0x00000000ff6d0848,0x00000000ffe80000)
  to   space 8704K, 0% used [0x00000000fed80000,0x00000000fed80000,0x00000000ff600000)
 ParOldGen       total 118272K, used 28771K [0x0000000082400000, 0x0000000089780000, 0x00000000d6180000)
  object space 118272K, 24% used [0x0000000082400000,0x0000000084018c70,0x0000000089780000)
 Metaspace       used 34950K, capacity 36650K, committed 36736K, reserved 1081344K
  class space    used 4232K, capacity 4711K, committed 4736K, reserved 1048576K
}
Event: 264.604 GC heap before
{Heap before GC invocations=104 (full 3):
 PSYoungGen      total 675840K, used 667970K [0x00000000d6180000, 0x00000000ffe80000, 0x0000000100000000)
  eden space 667648K, 100% used [0x00000000d6180000,0x00000000fed80000,0x00000000fed80000)
  from space 8192K, 3% used [0x00000000ff680000,0x00000000ff6d0848,0x00000000ffe80000)
  to   space 8704K, 0% used [0x00000000fed80000,0x00000000fed80000,0x00000000ff600000)
 ParOldGen       total 118272K, used 28771K [0x0000000082400000, 0x0000000089780000, 0x00000000d6180000)
  object space 118272K, 24% used [0x0000000082400000,0x0000000084018c70,0x0000000089780000)
 Metaspace       used 34957K, capacity 36650K, committed 36736K, reserved 1081344K
  class space    used 4232K, capacity 4711K, committed 4736K, reserved 1048576K
Event: 264.608 GC heap after
Heap after GC invocations=104 (full 3):
 PSYoungGen      total 676352K, used 4100K [0x00000000d6180000, 0x0000000100000000, 0x0000000100000000)
  eden space 667648K, 0% used [0x00000000d6180000,0x00000000d6180000,0x00000000fed80000)
  from space 8704K, 47% used [0x00000000fed80000,0x00000000ff181068,0x00000000ff600000)
  to   space 8704K, 0% used [0x00000000ff780000,0x00000000ff780000,0x0000000100000000)
 ParOldGen       total 118272K, used 28771K [0x0000000082400000, 0x0000000089780000, 0x00000000d6180000)
  object space 118272K, 24% used [0x0000000082400000,0x0000000084018c70,0x0000000089780000)
 Metaspace       used 34957K, capacity 36650K, committed 36736K, reserved 1081344K
  class space    used 4232K, capacity 4711K, committed 4736K, reserved 1048576K
}
Event: 264.718 GC heap before
{Heap before GC invocations=105 (full 3):
 PSYoungGen      total 676352K, used 671748K [0x00000000d6180000, 0x0000000100000000, 0x0000000100000000)
  eden space 667648K, 100% used [0x00000000d6180000,0x00000000fed80000,0x00000000fed80000)
  from space 8704K, 47% used [0x00000000fed80000,0x00000000ff181068,0x00000000ff600000)
  to   space 8704K, 0% used [0x00000000ff780000,0x00000000ff780000,0x0000000100000000)
 ParOldGen       total 118272K, used 28771K [0x0000000082400000, 0x0000000089780000, 0x00000000d6180000)
  object space 118272K, 24% used [0x0000000082400000,0x0000000084018c70,0x0000000089780000)
 Metaspace       used 34957K, capacity 36650K, committed 36736K, reserved 1081344K
  class space    used 4232K, capacity 4711K, committed 4736K, reserved 1048576K
Event: 264.721 GC heap after
Heap after GC invocations=105 (full 3):
 PSYoungGen      total 677888K, used 264K [0x00000000d6180000, 0x0000000100000000, 0x0000000100000000)
  eden space 669184K, 0% used [0x00000000d6180000,0x00000000d6180000,0x00000000fef00000)
  from space 8704K, 3% used [0x00000000ff780000,0x00000000ff7c23b8,0x0000000100000000)
  to   space 8704K, 0% used [0x00000000fef00000,0x00000000fef00000,0x00000000ff780000)
 ParOldGen       total 118272K, used 32762K [0x0000000082400000, 0x0000000089780000, 0x00000000d6180000)
  object space 118272K, 27% used [0x0000000082400000,0x00000000843fe9c0,0x0000000089780000)
 Metaspace       used 34957K, capacity 36650K, committed 36736K, reserved 1081344K
  class space    used 4232K, capacity 4711K, committed 4736K, reserved 1048576K
}
Event: 264.830 GC heap before
{Heap before GC invocations=106 (full 3):
 PSYoungGen      total 677888K, used 669448K [0x00000000d6180000, 0x0000000100000000, 0x0000000100000000)
  eden space 669184K, 100% used [0x00000000d6180000,0x00000000fef00000,0x00000000fef00000)
  from space 8704K, 3% used [0x00000000ff780000,0x00000000ff7c23b8,0x0000000100000000)
  to   space 8704K, 0% used [0x00000000fef00000,0x00000000fef00000,0x00000000ff780000)
 ParOldGen       total 118272K, used 32762K [0x0000000082400000, 0x0000000089780000, 0x00000000d6180000)
  object space 118272K, 27% used [0x0000000082400000,0x00000000843fe9c0,0x0000000089780000)
 Metaspace       used 34957K, capacity 36650K, committed 36736K, reserved 1081344K
  class space    used 4232K, capacity 4711K, committed 4736K, reserved 1048576K
Event: 264.832 GC heap after
Heap after GC invocations=106 (full 3):
 PSYoungGen      total 669696K, used 324K [0x00000000d6180000, 0x00000000fff00000, 0x0000000100000000)
  eden space 669184K, 0% used [0x00000000d6180000,0x00000000d6180000,0x00000000fef00000)
  from space 512K, 63% used [0x00000000fef00000,0x00000000fef51140,0x00000000fef80000)
  to   space 8192K, 0% used [0x00000000ff700000,0x00000000ff700000,0x00000000fff00000)
 ParOldGen       total 118272K, used 32786K [0x0000000082400000, 0x0000000089780000, 0x00000000d6180000)
  object space 118272K, 27% used [0x0000000082400000,0x00000000844049c0,0x0000000089780000)
 Metaspace       used 34957K, capacity 36650K, committed 36736K, reserved 1081344K
  class space    used 4232K, capacity 4711K, committed 4736K, reserved 1048576K
}
Event: 264.936 GC heap before
{Heap before GC invocations=107 (full 3):
 PSYoungGen      total 669696K, used 669508K [0x00000000d6180000, 0x00000000fff00000, 0x0000000100000000)
  eden space 669184K, 100% used [0x00000000d6180000,0x00000000fef00000,0x00000000fef00000)
  from space 512K, 63% used [0x00000000fef00000,0x00000000fef51140,0x00000000fef80000)
  to   space 8192K, 0% used [0x00000000ff700000,0x00000000ff700000,0x00000000fff00000)
 ParOldGen       total 118272K, used 32786K [0x0000000082400000, 0x0000000089780000, 0x00000000d6180000)
  object space 118272K, 27% used [0x0000000082400000,0x00000000844049c0,0x0000000089780000)
 Metaspace       used 34957K, capacity 36650K, committed 36736K, reserved 1081344K
  class space    used 4232K, capacity 4711K, committed 4736K, reserved 1048576K
Event: 264.938 GC heap after
Heap after GC invocations=107 (full 3):
 PSYoungGen      total 677888K, used 410K [0x00000000d6180000, 0x0000000100000000, 0x0000000100000000)
  eden space 669696K, 0% used [0x00000000d6180000,0x00000000d6180000,0x00000000fef80000)
  from space 8192K, 5% used [0x00000000ff700000,0x00000000ff766ba0,0x00000000fff00000)
  to   space 7680K, 0% used [0x00000000fef80000,0x00000000fef80000,0x00000000ff700000)
 ParOldGen       total 118272K, used 32885K [0x0000000082400000, 0x0000000089780000, 0x00000000d6180000)
  object space 118272K, 27% used [0x0000000082400000,0x000000008441d588,0x0000000089780000)
 Metaspace       used 34957K, capacity 36650K, committed 36736K, reserved 1081344K
  class space    used 4232K, capacity 4711K, committed 4736K, reserved 1048576K
}

