# JRE version: Java(TM) SE Runtime Environment (8.0_91-b15) (build 1.8.0_91-b15)
# Java VM: Java HotSpot(TM) 64-Bit Server VM (25.91-b15 mixed mode windows-amd64 compressed oops)
Heap:
 PSYoungGen      total 672256K, used 370469K [0x00000000d6180000, 0x00000000ffe80000, 0x0000000100000000)
  eden space 660480K, 56% used [0x00000000d6180000,0x00000000ecaeaeb8,0x00000000fe680000)
  from space 11776K, 3% used [0x00000000ff300000,0x00000000ff35e658,0x00000000ffe80000)
  to   space 12288K, 0% used [0x00000000fe680000,0x00000000fe680000,0x00000000ff280000)
 ParOldGen       total 99840K, used 52558K [0x0000000082400000, 0x0000000088580000, 0x00000000d6180000)
  object space 99840K, 52% used [0x0000000082400000,0x00000000857539f0,0x0000000088580000)
 Metaspace       used 34731K, capacity 36432K, committed 36736K, reserved 1081344K
  class space    used 4210K, capacity 4678K, committed 4736K, reserved 1048576K
GC Heap History (10 events):
Event: 155.990 GC heap before
{Heap before GC invocations=44 (full 2):
 PSYoungGen      total 669184K, used 653613K [0x00000000d6180000, 0x0000000100000000, 0x0000000100000000)
  eden space 653312K, 100% used [0x00000000d6180000,0x00000000fdf80000,0x00000000fdf80000)
  from space 15872K, 1% used [0x00000000fdf80000,0x00000000fdfcb698,0x00000000fef00000)
  to   space 15360K, 0% used [0x00000000ff100000,0x00000000ff100000,0x0000000100000000)
 ParOldGen       total 99840K, used 48293K [0x0000000082400000, 0x0000000088580000, 0x00000000d6180000)
  object space 99840K, 48% used [0x0000000082400000,0x00000000853296d8,0x0000000088580000)
 Metaspace       used 34688K, capacity 36432K, committed 36736K, reserved 1081344K
  class space    used 4206K, capacity 4678K, committed 4736K, reserved 1048576K
Event: 155.992 GC heap after
Heap after GC invocations=44 (full 2):
 PSYoungGen      total 669184K, used 354K [0x00000000d6180000, 0x00000000ffe80000, 0x0000000100000000)
  eden space 655360K, 0% used [0x00000000d6180000,0x00000000d6180000,0x00000000fe180000)
  from space 13824K, 2% used [0x00000000ff100000,0x00000000ff158918,0x00000000ffe80000)
  to   space 14848K, 0% used [0x00000000fe180000,0x00000000fe180000,0x00000000ff000000)
 ParOldGen       total 99840K, used 48309K [0x0000000082400000, 0x0000000088580000, 0x00000000d6180000)
  object space 99840K, 48% used [0x0000000082400000,0x000000008532d6d8,0x0000000088580000)
 Metaspace       used 34688K, capacity 36432K, committed 36736K, reserved 1081344K
  class space    used 4206K, capacity 4678K, committed 4736K, reserved 1048576K
}
Event: 158.820 GC heap before
{Heap before GC invocations=45 (full 2):
 PSYoungGen      total 669184K, used 655714K [0x00000000d6180000, 0x00000000ffe80000, 0x0000000100000000)
  eden space 655360K, 100% used [0x00000000d6180000,0x00000000fe180000,0x00000000fe180000)
  from space 13824K, 2% used [0x00000000ff100000,0x00000000ff158918,0x00000000ffe80000)
  to   space 14848K, 0% used [0x00000000fe180000,0x00000000fe180000,0x00000000ff000000)
 ParOldGen       total 99840K, used 48309K [0x0000000082400000, 0x0000000088580000, 0x00000000d6180000)
  object space 99840K, 48% used [0x0000000082400000,0x000000008532d6d8,0x0000000088580000)
 Metaspace       used 34725K, capacity 36432K, committed 36736K, reserved 1081344K
  class space    used 4210K, capacity 4678K, committed 4736K, reserved 1048576K
Event: 158.824 GC heap after
Heap after GC invocations=45 (full 2):
 PSYoungGen      total 670208K, used 4304K [0x00000000d6180000, 0x00000000fff00000, 0x0000000100000000)
  eden space 655360K, 0% used [0x00000000d6180000,0x00000000d6180000,0x00000000fe180000)
  from space 14848K, 28% used [0x00000000fe180000,0x00000000fe5b42d8,0x00000000ff000000)
  to   space 13824K, 0% used [0x00000000ff180000,0x00000000ff180000,0x00000000fff00000)
 ParOldGen       total 99840K, used 48309K [0x0000000082400000, 0x0000000088580000, 0x00000000d6180000)
  object space 99840K, 48% used [0x0000000082400000,0x000000008532d6d8,0x0000000088580000)
 Metaspace       used 34725K, capacity 36432K, committed 36736K, reserved 1081344K
  class space    used 4210K, capacity 4678K, committed 4736K, reserved 1048576K
}
Event: 158.936 GC heap before
{Heap before GC invocations=46 (full 2):
 PSYoungGen      total 670208K, used 659664K [0x00000000d6180000, 0x00000000fff00000, 0x0000000100000000)
  eden space 655360K, 100% used [0x00000000d6180000,0x00000000fe180000,0x00000000fe180000)
  from space 14848K, 28% used [0x00000000fe180000,0x00000000fe5b42d8,0x00000000ff000000)
  to   space 13824K, 0% used [0x00000000ff180000,0x00000000ff180000,0x00000000fff00000)
 ParOldGen       total 99840K, used 48309K [0x0000000082400000, 0x0000000088580000, 0x00000000d6180000)
  object space 99840K, 48% used [0x0000000082400000,0x000000008532d6d8,0x0000000088580000)
 Metaspace       used 34726K, capacity 36432K, committed 36736K, reserved 1081344K
  class space    used 4210K, capacity 4678K, committed 4736K, reserved 1048576K
Event: 158.939 GC heap after
Heap after GC invocations=46 (full 2):
 PSYoungGen      total 670720K, used 4341K [0x00000000d6180000, 0x00000000ffe00000, 0x0000000100000000)
  eden space 657920K, 0% used [0x00000000d6180000,0x00000000d6180000,0x00000000fe400000)
  from space 12800K, 33% used [0x00000000ff180000,0x00000000ff5bd700,0x00000000ffe00000)
  to   space 13312K, 0% used [0x00000000fe400000,0x00000000fe400000,0x00000000ff100000)
 ParOldGen       total 99840K, used 48309K [0x0000000082400000, 0x0000000088580000, 0x00000000d6180000)
  object space 99840K, 48% used [0x0000000082400000,0x000000008532d6d8,0x0000000088580000)
 Metaspace       used 34726K, capacity 36432K, committed 36736K, reserved 1081344K
  class space    used 4210K, capacity 4678K, committed 4736K, reserved 1048576K
}
Event: 159.048 GC heap before
{Heap before GC invocations=47 (full 2):
 PSYoungGen      total 670720K, used 662261K [0x00000000d6180000, 0x00000000ffe00000, 0x0000000100000000)
  eden space 657920K, 100% used [0x00000000d6180000,0x00000000fe400000,0x00000000fe400000)
  from space 12800K, 33% used [0x00000000ff180000,0x00000000ff5bd700,0x00000000ffe00000)
  to   space 13312K, 0% used [0x00000000fe400000,0x00000000fe400000,0x00000000ff100000)
 ParOldGen       total 99840K, used 48309K [0x0000000082400000, 0x0000000088580000, 0x00000000d6180000)
  object space 99840K, 48% used [0x0000000082400000,0x000000008532d6d8,0x0000000088580000)
 Metaspace       used 34726K, capacity 36432K, committed 36736K, reserved 1081344K
  class space    used 4210K, capacity 4678K, committed 4736K, reserved 1048576K
Event: 159.051 GC heap after
Heap after GC invocations=47 (full 2):
 PSYoungGen      total 671232K, used 291K [0x00000000d6180000, 0x00000000fff80000, 0x0000000100000000)
  eden space 657920K, 0% used [0x00000000d6180000,0x00000000d6180000,0x00000000fe400000)
  from space 13312K, 2% used [0x00000000fe400000,0x00000000fe448cd0,0x00000000ff100000)
  to   space 12800K, 0% used [0x00000000ff300000,0x00000000ff300000,0x00000000fff80000)
 ParOldGen       total 99840K, used 52401K [0x0000000082400000, 0x0000000088580000, 0x00000000d6180000)
  object space 99840K, 52% used [0x0000000082400000,0x000000008572c540,0x0000000088580000)
 Metaspace       used 34726K, capacity 36432K, committed 36736K, reserved 1081344K
  class space    used 4210K, capacity 4678K, committed 4736K, reserved 1048576K
}
Event: 159.160 GC heap before
{Heap before GC invocations=48 (full 2):
 PSYoungGen      total 671232K, used 658211K [0x00000000d6180000, 0x00000000fff80000, 0x0000000100000000)
  eden space 657920K, 100% used [0x00000000d6180000,0x00000000fe400000,0x00000000fe400000)
  from space 13312K, 2% used [0x00000000fe400000,0x00000000fe448cd0,0x00000000ff100000)
  to   space 12800K, 0% used [0x00000000ff300000,0x00000000ff300000,0x00000000fff80000)
 ParOldGen       total 99840K, used 52401K [0x0000000082400000, 0x0000000088580000, 0x00000000d6180000)
  object space 99840K, 52% used [0x0000000082400000,0x000000008572c540,0x0000000088580000)
 Metaspace       used 34726K, capacity 36432K, committed 36736K, reserved 1081344K
  class space    used 4210K, capacity 4678K, committed 4736K, reserved 1048576K
Event: 159.162 GC heap after
Heap after GC invocations=48 (full 2):
 PSYoungGen      total 672256K, used 377K [0x00000000d6180000, 0x00000000ffe80000, 0x0000000100000000)
  eden space 660480K, 0% used [0x00000000d6180000,0x00000000d6180000,0x00000000fe680000)
  from space 11776K, 3% used [0x00000000ff300000,0x00000000ff35e658,0x00000000ffe80000)
  to   space 12288K, 0% used [0x00000000fe680000,0x00000000fe680000,0x00000000ff280000)
 ParOldGen       total 99840K, used 52558K [0x0000000082400000, 0x0000000088580000, 0x00000000d6180000)
  object space 99840K, 52% used [0x0000000082400000,0x00000000857539f0,0x0000000088580000)
 Metaspace       used 34726K, capacity 36432K, committed 36736K, reserved 1081344K
  class space    used 4210K, capacity 4678K, committed 4736K, reserved 1048576K
}

