# JRE version: Java(TM) SE Runtime Environment (8.0_91-b15) (build 1.8.0_91-b15)
# Java VM: Java HotSpot(TM) 64-Bit Server VM (25.91-b15 mixed mode windows-amd64 compressed oops)
Heap:
 PSYoungGen      total 675840K, used 582046K [0x00000000d6180000, 0x00000000ffe80000, 0x0000000100000000)
  eden space 666624K, 87% used [0x00000000d6180000,0x00000000f98f51d8,0x00000000fec80000)
  from space 9216K, 10% used [0x00000000ff580000,0x00000000ff6727d8,0x00000000ffe80000)
  to   space 9216K, 0% used [0x00000000fec80000,0x00000000fec80000,0x00000000ff580000)
 ParOldGen       total 67072K, used 27895K [0x0000000082400000, 0x0000000086580000, 0x00000000d6180000)
  object space 67072K, 41% used [0x0000000082400000,0x0000000083f3de10,0x0000000086580000)
 Metaspace       used 32577K, capacity 34130K, committed 34304K, reserved 1079296K
  class space    used 4046K, capacity 4537K, committed 4608K, reserved 1048576K
GC Heap History (10 events):
Event: 7.773 GC heap before
{Heap before GC invocations=21 (full 1):
 PSYoungGen      total 495616K, used 486176K [0x00000000d6180000, 0x00000000fac80000, 0x0000000100000000)
  eden space 485888K, 100% used [0x00000000d6180000,0x00000000f3c00000,0x00000000f3c00000)
  from space 9728K, 2% used [0x00000000f3c00000,0x00000000f3c48330,0x00000000f4580000)
  to   space 9728K, 0% used [0x00000000fa300000,0x00000000fa300000,0x00000000fac80000)
 ParOldGen       total 67072K, used 20869K [0x0000000082400000, 0x0000000086580000, 0x00000000d6180000)
  object space 67072K, 31% used [0x0000000082400000,0x0000000083861420,0x0000000086580000)
 Metaspace       used 31127K, capacity 32630K, committed 32896K, reserved 1077248K
  class space    used 3863K, capacity 4363K, committed 4480K, reserved 1048576K
Event: 7.778 GC heap after
Heap after GC invocations=21 (full 1):
 PSYoungGen      total 580608K, used 5354K [0x00000000d6180000, 0x00000000fa880000, 0x0000000100000000)
  eden space 574976K, 0% used [0x00000000d6180000,0x00000000d6180000,0x00000000f9300000)
  from space 5632K, 95% used [0x00000000fa300000,0x00000000fa83a860,0x00000000fa880000)
  to   space 10240K, 0% used [0x00000000f9480000,0x00000000f9480000,0x00000000f9e80000)
 ParOldGen       total 67072K, used 20877K [0x0000000082400000, 0x0000000086580000, 0x00000000d6180000)
  object space 67072K, 31% used [0x0000000082400000,0x0000000083863420,0x0000000086580000)
 Metaspace       used 31127K, capacity 32630K, committed 32896K, reserved 1077248K
  class space    used 3863K, capacity 4363K, committed 4480K, reserved 1048576K
}
Event: 7.933 GC heap before
{Heap before GC invocations=22 (full 1):
 PSYoungGen      total 580608K, used 580330K [0x00000000d6180000, 0x00000000fa880000, 0x0000000100000000)
  eden space 574976K, 100% used [0x00000000d6180000,0x00000000f9300000,0x00000000f9300000)
  from space 5632K, 95% used [0x00000000fa300000,0x00000000fa83a860,0x00000000fa880000)
  to   space 10240K, 0% used [0x00000000f9480000,0x00000000f9480000,0x00000000f9e80000)
 ParOldGen       total 67072K, used 20877K [0x0000000082400000, 0x0000000086580000, 0x00000000d6180000)
  object space 67072K, 31% used [0x0000000082400000,0x0000000083863420,0x0000000086580000)
 Metaspace       used 31218K, capacity 32694K, committed 32896K, reserved 1077248K
  class space    used 3868K, capacity 4363K, committed 4480K, reserved 1048576K
Event: 7.939 GC heap after
Heap after GC invocations=22 (full 1):
 PSYoungGen      total 586752K, used 6351K [0x00000000d6180000, 0x0000000100000000, 0x0000000100000000)
  eden space 576512K, 0% used [0x00000000d6180000,0x00000000d6180000,0x00000000f9480000)
  from space 10240K, 62% used [0x00000000f9480000,0x00000000f9ab3d88,0x00000000f9e80000)
  to   space 10752K, 0% used [0x00000000ff580000,0x00000000ff580000,0x0000000100000000)
 ParOldGen       total 67072K, used 20885K [0x0000000082400000, 0x0000000086580000, 0x00000000d6180000)
  object space 67072K, 31% used [0x0000000082400000,0x0000000083865420,0x0000000086580000)
 Metaspace       used 31218K, capacity 32694K, committed 32896K, reserved 1077248K
  class space    used 3868K, capacity 4363K, committed 4480K, reserved 1048576K
}
Event: 8.093 GC heap before
{Heap before GC invocations=23 (full 1):
 PSYoungGen      total 586752K, used 582863K [0x00000000d6180000, 0x0000000100000000, 0x0000000100000000)
  eden space 576512K, 100% used [0x00000000d6180000,0x00000000f9480000,0x00000000f9480000)
  from space 10240K, 62% used [0x00000000f9480000,0x00000000f9ab3d88,0x00000000f9e80000)
  to   space 10752K, 0% used [0x00000000ff580000,0x00000000ff580000,0x0000000100000000)
 ParOldGen       total 67072K, used 20885K [0x0000000082400000, 0x0000000086580000, 0x00000000d6180000)
  object space 67072K, 31% used [0x0000000082400000,0x0000000083865420,0x0000000086580000)
 Metaspace       used 31624K, capacity 33230K, committed 33408K, reserved 1079296K
  class space    used 3914K, capacity 4435K, committed 4480K, reserved 1048576K
Event: 8.101 GC heap after
Heap after GC invocations=23 (full 1):
 PSYoungGen      total 675840K, used 1790K [0x00000000d6180000, 0x00000000fff80000, 0x0000000100000000)
  eden space 665600K, 0% used [0x00000000d6180000,0x00000000d6180000,0x00000000feb80000)
  from space 10240K, 17% used [0x00000000ff580000,0x00000000ff73f948,0x00000000fff80000)
  to   space 10240K, 0% used [0x00000000feb80000,0x00000000feb80000,0x00000000ff580000)
 ParOldGen       total 67072K, used 25911K [0x0000000082400000, 0x0000000086580000, 0x00000000d6180000)
  object space 67072K, 38% used [0x0000000082400000,0x0000000083d4de78,0x0000000086580000)
 Metaspace       used 31624K, capacity 33230K, committed 33408K, reserved 1079296K
  class space    used 3914K, capacity 4435K, committed 4480K, reserved 1048576K
}
Event: 8.276 GC heap before
{Heap before GC invocations=24 (full 1):
 PSYoungGen      total 675840K, used 667390K [0x00000000d6180000, 0x00000000fff80000, 0x0000000100000000)
  eden space 665600K, 100% used [0x00000000d6180000,0x00000000feb80000,0x00000000feb80000)
  from space 10240K, 17% used [0x00000000ff580000,0x00000000ff73f948,0x00000000fff80000)
  to   space 10240K, 0% used [0x00000000feb80000,0x00000000feb80000,0x00000000ff580000)
 ParOldGen       total 67072K, used 25911K [0x0000000082400000, 0x0000000086580000, 0x00000000d6180000)
  object space 67072K, 38% used [0x0000000082400000,0x0000000083d4de78,0x0000000086580000)
 Metaspace       used 31945K, capacity 33536K, committed 33664K, reserved 1079296K
  class space    used 3978K, capacity 4470K, committed 4480K, reserved 1048576K
Event: 8.278 GC heap after
Heap after GC invocations=24 (full 1):
 PSYoungGen      total 675840K, used 649K [0x00000000d6180000, 0x00000000fff00000, 0x0000000100000000)
  eden space 665600K, 0% used [0x00000000d6180000,0x00000000d6180000,0x00000000feb80000)
  from space 10240K, 6% used [0x00000000feb80000,0x00000000fec226b0,0x00000000ff580000)
  to   space 9728K, 0% used [0x00000000ff580000,0x00000000ff580000,0x00000000fff00000)
 ParOldGen       total 67072K, used 27495K [0x0000000082400000, 0x0000000086580000, 0x00000000d6180000)
  object space 67072K, 40% used [0x0000000082400000,0x0000000083ed9e10,0x0000000086580000)
 Metaspace       used 31945K, capacity 33536K, committed 33664K, reserved 1079296K
  class space    used 3978K, capacity 4470K, committed 4480K, reserved 1048576K
}
Event: 8.442 GC heap before
{Heap before GC invocations=25 (full 1):
 PSYoungGen      total 675840K, used 666249K [0x00000000d6180000, 0x00000000fff00000, 0x0000000100000000)
  eden space 665600K, 100% used [0x00000000d6180000,0x00000000feb80000,0x00000000feb80000)
  from space 10240K, 6% used [0x00000000feb80000,0x00000000fec226b0,0x00000000ff580000)
  to   space 9728K, 0% used [0x00000000ff580000,0x00000000ff580000,0x00000000fff00000)
 ParOldGen       total 67072K, used 27495K [0x0000000082400000, 0x0000000086580000, 0x00000000d6180000)
  object space 67072K, 40% used [0x0000000082400000,0x0000000083ed9e10,0x0000000086580000)
 Metaspace       used 32314K, capacity 33926K, committed 34048K, reserved 1079296K
  class space    used 4024K, capacity 4535K, committed 4608K, reserved 1048576K
Event: 8.445 GC heap after
Heap after GC invocations=25 (full 1):
 PSYoungGen      total 675840K, used 969K [0x00000000d6180000, 0x00000000ffe80000, 0x0000000100000000)
  eden space 666624K, 0% used [0x00000000d6180000,0x00000000d6180000,0x00000000fec80000)
  from space 9216K, 10% used [0x00000000ff580000,0x00000000ff6727d8,0x00000000ffe80000)
  to   space 9216K, 0% used [0x00000000fec80000,0x00000000fec80000,0x00000000ff580000)
 ParOldGen       total 67072K, used 27895K [0x0000000082400000, 0x0000000086580000, 0x00000000d6180000)
  object space 67072K, 41% used [0x0000000082400000,0x0000000083f3de10,0x0000000086580000)
 Metaspace       used 32314K, capacity 33926K, committed 34048K, reserved 1079296K
  class space    used 4024K, capacity 4535K, committed 4608K, reserved 1048576K
}

