# JRE version: Java(TM) SE Runtime Environment (8.0_91-b15) (build 1.8.0_91-b15)
# Java VM: Java HotSpot(TM) 64-Bit Server VM (25.91-b15 mixed mode windows-amd64 compressed oops)
Heap:
 PSYoungGen      total 670208K, used 183999K [0x00000000d6180000, 0x00000000fff00000, 0x0000000100000000)
  eden space 667136K, 27% used [0x00000000d6180000,0x00000000e127d918,0x00000000fed00000)
  from space 3072K, 89% used [0x00000000fed00000,0x00000000fefb25b0,0x00000000ff000000)
  to   space 9216K, 0% used [0x00000000ff600000,0x00000000ff600000,0x00000000fff00000)
 ParOldGen       total 66048K, used 37096K [0x0000000082400000, 0x0000000086480000, 0x00000000d6180000)
  object space 66048K, 56% used [0x0000000082400000,0x000000008483a070,0x0000000086480000)
 Metaspace       used 32755K, capacity 34330K, committed 34560K, reserved 1079296K
  class space    used 4095K, capacity 4569K, committed 4608K, reserved 1048576K
GC Heap History (10 events):
Event: 9.870 GC heap before
{Heap before GC invocations=28 (full 1):
 PSYoungGen      total 675328K, used 664917K [0x00000000d6180000, 0x00000000fff00000, 0x0000000100000000)
  eden space 664576K, 100% used [0x00000000d6180000,0x00000000fea80000,0x00000000fea80000)
  from space 10752K, 3% used [0x00000000ff480000,0x00000000ff4d5500,0x00000000fff00000)
  to   space 10240K, 0% used [0x00000000fea80000,0x00000000fea80000,0x00000000ff480000)
 ParOldGen       total 66048K, used 35017K [0x0000000082400000, 0x0000000086480000, 0x00000000d6180000)
  object space 66048K, 53% used [0x0000000082400000,0x0000000084632688,0x0000000086480000)
 Metaspace       used 32252K, capacity 33818K, committed 34048K, reserved 1079296K
  class space    used 4031K, capacity 4505K, committed 4608K, reserved 1048576K
Event: 9.872 GC heap after
Heap after GC invocations=28 (full 1):
 PSYoungGen      total 674816K, used 2308K [0x00000000d6180000, 0x00000000ffd80000, 0x0000000100000000)
  eden space 664576K, 0% used [0x00000000d6180000,0x00000000d6180000,0x00000000fea80000)
  from space 10240K, 22% used [0x00000000fea80000,0x00000000fecc1328,0x00000000ff480000)
  to   space 9216K, 0% used [0x00000000ff480000,0x00000000ff480000,0x00000000ffd80000)
 ParOldGen       total 66048K, used 35041K [0x0000000082400000, 0x0000000086480000, 0x00000000d6180000)
  object space 66048K, 53% used [0x0000000082400000,0x0000000084638688,0x0000000086480000)
 Metaspace       used 32252K, capacity 33818K, committed 34048K, reserved 1079296K
  class space    used 4031K, capacity 4505K, committed 4608K, reserved 1048576K
}
Event: 12.879 GC heap before
{Heap before GC invocations=29 (full 1):
 PSYoungGen      total 674816K, used 666884K [0x00000000d6180000, 0x00000000ffd80000, 0x0000000100000000)
  eden space 664576K, 100% used [0x00000000d6180000,0x00000000fea80000,0x00000000fea80000)
  from space 10240K, 22% used [0x00000000fea80000,0x00000000fecc1328,0x00000000ff480000)
  to   space 9216K, 0% used [0x00000000ff480000,0x00000000ff480000,0x00000000ffd80000)
 ParOldGen       total 66048K, used 35041K [0x0000000082400000, 0x0000000086480000, 0x00000000d6180000)
  object space 66048K, 53% used [0x0000000082400000,0x0000000084638688,0x0000000086480000)
 Metaspace       used 32700K, capacity 34266K, committed 34560K, reserved 1079296K
  class space    used 4095K, capacity 4569K, committed 4608K, reserved 1048576K
Event: 12.883 GC heap after
Heap after GC invocations=29 (full 1):
 PSYoungGen      total 674304K, used 4618K [0x00000000d6180000, 0x0000000100000000, 0x0000000100000000)
  eden space 665088K, 0% used [0x00000000d6180000,0x00000000d6180000,0x00000000feb00000)
  from space 9216K, 50% used [0x00000000ff480000,0x00000000ff902850,0x00000000ffd80000)
  to   space 9728K, 0% used [0x00000000feb00000,0x00000000feb00000,0x00000000ff480000)
 ParOldGen       total 66048K, used 35049K [0x0000000082400000, 0x0000000086480000, 0x00000000d6180000)
  object space 66048K, 53% used [0x0000000082400000,0x000000008463a688,0x0000000086480000)
 Metaspace       used 32700K, capacity 34266K, committed 34560K, reserved 1079296K
  class space    used 4095K, capacity 4569K, committed 4608K, reserved 1048576K
}
Event: 12.993 GC heap before
{Heap before GC invocations=30 (full 1):
 PSYoungGen      total 674304K, used 669706K [0x00000000d6180000, 0x0000000100000000, 0x0000000100000000)
  eden space 665088K, 100% used [0x00000000d6180000,0x00000000feb00000,0x00000000feb00000)
  from space 9216K, 50% used [0x00000000ff480000,0x00000000ff902850,0x00000000ffd80000)
  to   space 9728K, 0% used [0x00000000feb00000,0x00000000feb00000,0x00000000ff480000)
 ParOldGen       total 66048K, used 35049K [0x0000000082400000, 0x0000000086480000, 0x00000000d6180000)
  object space 66048K, 53% used [0x0000000082400000,0x000000008463a688,0x0000000086480000)
 Metaspace       used 32701K, capacity 34266K, committed 34560K, reserved 1079296K
  class space    used 4095K, capacity 4569K, committed 4608K, reserved 1048576K
Event: 12.996 GC heap after
Heap after GC invocations=30 (full 1):
 PSYoungGen      total 674816K, used 4716K [0x00000000d6180000, 0x0000000100000000, 0x0000000100000000)
  eden space 665088K, 0% used [0x00000000d6180000,0x00000000d6180000,0x00000000feb00000)
  from space 9728K, 48% used [0x00000000feb00000,0x00000000fef9b108,0x00000000ff480000)
  to   space 9728K, 0% used [0x00000000ff680000,0x00000000ff680000,0x0000000100000000)
 ParOldGen       total 66048K, used 35049K [0x0000000082400000, 0x0000000086480000, 0x00000000d6180000)
  object space 66048K, 53% used [0x0000000082400000,0x000000008463a688,0x0000000086480000)
 Metaspace       used 32701K, capacity 34266K, committed 34560K, reserved 1079296K
  class space    used 4095K, capacity 4569K, committed 4608K, reserved 1048576K
}
Event: 13.103 GC heap before
{Heap before GC invocations=31 (full 1):
 PSYoungGen      total 674816K, used 669804K [0x00000000d6180000, 0x0000000100000000, 0x0000000100000000)
  eden space 665088K, 100% used [0x00000000d6180000,0x00000000feb00000,0x00000000feb00000)
  from space 9728K, 48% used [0x00000000feb00000,0x00000000fef9b108,0x00000000ff480000)
  to   space 9728K, 0% used [0x00000000ff680000,0x00000000ff680000,0x0000000100000000)
 ParOldGen       total 66048K, used 35049K [0x0000000082400000, 0x0000000086480000, 0x00000000d6180000)
  object space 66048K, 53% used [0x0000000082400000,0x000000008463a688,0x0000000086480000)
 Metaspace       used 32732K, capacity 34330K, committed 34560K, reserved 1079296K
  class space    used 4095K, capacity 4569K, committed 4608K, reserved 1048576K
Event: 13.106 GC heap after
Heap after GC invocations=31 (full 1):
 PSYoungGen      total 676864K, used 4694K [0x00000000d6180000, 0x0000000100000000, 0x0000000100000000)
  eden space 667136K, 0% used [0x00000000d6180000,0x00000000d6180000,0x00000000fed00000)
  from space 9728K, 48% used [0x00000000ff680000,0x00000000ffb15ab8,0x0000000100000000)
  to   space 9728K, 0% used [0x00000000fed00000,0x00000000fed00000,0x00000000ff680000)
 ParOldGen       total 66048K, used 35057K [0x0000000082400000, 0x0000000086480000, 0x00000000d6180000)
  object space 66048K, 53% used [0x0000000082400000,0x000000008463c688,0x0000000086480000)
 Metaspace       used 32732K, capacity 34330K, committed 34560K, reserved 1079296K
  class space    used 4095K, capacity 4569K, committed 4608K, reserved 1048576K
}
Event: 13.212 GC heap before
{Heap before GC invocations=32 (full 1):
 PSYoungGen      total 676864K, used 671830K [0x00000000d6180000, 0x0000000100000000, 0x0000000100000000)
  eden space 667136K, 100% used [0x00000000d6180000,0x00000000fed00000,0x00000000fed00000)
  from space 9728K, 48% used [0x00000000ff680000,0x00000000ffb15ab8,0x0000000100000000)
  to   space 9728K, 0% used [0x00000000fed00000,0x00000000fed00000,0x00000000ff680000)
 ParOldGen       total 66048K, used 35057K [0x0000000082400000, 0x0000000086480000, 0x00000000d6180000)
  object space 66048K, 53% used [0x0000000082400000,0x000000008463c688,0x0000000086480000)
 Metaspace       used 32737K, capacity 34330K, committed 34560K, reserved 1079296K
  class space    used 4095K, capacity 4569K, committed 4608K, reserved 1048576K
Event: 13.215 GC heap after
Heap after GC invocations=32 (full 1):
 PSYoungGen      total 670208K, used 2761K [0x00000000d6180000, 0x00000000fff00000, 0x0000000100000000)
  eden space 667136K, 0% used [0x00000000d6180000,0x00000000d6180000,0x00000000fed00000)
  from space 3072K, 89% used [0x00000000fed00000,0x00000000fefb25b0,0x00000000ff000000)
  to   space 9216K, 0% used [0x00000000ff600000,0x00000000ff600000,0x00000000fff00000)
 ParOldGen       total 66048K, used 37096K [0x0000000082400000, 0x0000000086480000, 0x00000000d6180000)
  object space 66048K, 56% used [0x0000000082400000,0x000000008483a070,0x0000000086480000)
 Metaspace       used 32737K, capacity 34330K, committed 34560K, reserved 1079296K
  class space    used 4095K, capacity 4569K, committed 4608K, reserved 1048576K
}

