# JRE version: Java(TM) SE Runtime Environment (8.0_91-b14) (build 1.8.0_91-b14)
# Java VM: Java HotSpot(TM) 64-Bit Server VM (25.91-b14 mixed mode bsd-amd64 compressed oops)
Heap:
 PSYoungGen      total 596992K, used 81181K [0x000000076ab00000, 0x000000079ad80000, 0x00000007c0000000)
  eden space 583680K, 13% used [0x000000076ab00000,0x000000076fa0f490,0x000000078e500000)
  from space 13312K, 1% used [0x0000000799380000,0x00000007993b8000,0x000000079a080000)
  to   space 12800K, 0% used [0x000000079a100000,0x000000079a100000,0x000000079ad80000)
 ParOldGen       total 112128K, used 24057K [0x00000006c0000000, 0x00000006c6d80000, 0x000000076ab00000)
  object space 112128K, 21% used [0x00000006c0000000,0x00000006c177e590,0x00000006c6d80000)
 Metaspace       used 33072K, capacity 34750K, committed 34864K, reserved 1079296K
  class space    used 4137K, capacity 4590K, committed 4656K, reserved 1048576K
GC Heap History (10 events):
Event: 197.669 GC heap before
{Heap before GC invocations=20 (full 1):
 PSYoungGen      total 727040K, used 726752K [0x000000076ab00000, 0x000000079c980000, 0x00000007c0000000)
  eden space 726528K, 100% used [0x000000076ab00000,0x0000000797080000,0x0000000797080000)
  from space 512K, 43% used [0x000000079c900000,0x000000079c938000,0x000000079c980000)
  to   space 16384K, 0% used [0x000000079a980000,0x000000079a980000,0x000000079b980000)
 ParOldGen       total 112128K, used 24049K [0x00000006c0000000, 0x00000006c6d80000, 0x000000076ab00000)
  object space 112128K, 21% used [0x00000006c0000000,0x00000006c177c590,0x00000006c6d80000)
 Metaspace       used 33005K, capacity 34622K, committed 34864K, reserved 1079296K
  class space    used 4137K, capacity 4590K, committed 4656K, reserved 1048576K
Event: 197.670 GC heap after
Heap after GC invocations=20 (full 1):
 PSYoungGen      total 711168K, used 224K [0x000000076ab00000, 0x000000079c980000, 0x00000007c0000000)
  eden space 694784K, 0% used [0x000000076ab00000,0x000000076ab00000,0x0000000795180000)
  from space 16384K, 1% used [0x000000079a980000,0x000000079a9b8000,0x000000079b980000)
  to   space 15360K, 0% used [0x000000079ba80000,0x000000079ba80000,0x000000079c980000)
 ParOldGen       total 112128K, used 24049K [0x00000006c0000000, 0x00000006c6d80000, 0x000000076ab00000)
  object space 112128K, 21% used [0x00000006c0000000,0x00000006c177c590,0x00000006c6d80000)
 Metaspace       used 33005K, capacity 34622K, committed 34864K, reserved 1079296K
  class space    used 4137K, capacity 4590K, committed 4656K, reserved 1048576K
}
Event: 209.222 GC heap before
{Heap before GC invocations=21 (full 1):
 PSYoungGen      total 711168K, used 695008K [0x000000076ab00000, 0x000000079c980000, 0x00000007c0000000)
  eden space 694784K, 100% used [0x000000076ab00000,0x0000000795180000,0x0000000795180000)
  from space 16384K, 1% used [0x000000079a980000,0x000000079a9b8000,0x000000079b980000)
  to   space 15360K, 0% used [0x000000079ba80000,0x000000079ba80000,0x000000079c980000)
 ParOldGen       total 112128K, used 24049K [0x00000006c0000000, 0x00000006c6d80000, 0x000000076ab00000)
  object space 112128K, 21% used [0x00000006c0000000,0x00000006c177c590,0x00000006c6d80000)
 Metaspace       used 33005K, capacity 34622K, committed 34864K, reserved 1079296K
  class space    used 4137K, capacity 4590K, committed 4656K, reserved 1048576K
Event: 209.223 GC heap after
Heap after GC invocations=21 (full 1):
 PSYoungGen      total 665600K, used 192K [0x000000076ab00000, 0x000000079bb00000, 0x00000007c0000000)
  eden space 665088K, 0% used [0x000000076ab00000,0x000000076ab00000,0x0000000793480000)
  from space 512K, 37% used [0x000000079ba80000,0x000000079bab0000,0x000000079bb00000)
  to   space 14848K, 0% used [0x0000000799e00000,0x0000000799e00000,0x000000079ac80000)
 ParOldGen       total 112128K, used 24049K [0x00000006c0000000, 0x00000006c6d80000, 0x000000076ab00000)
  object space 112128K, 21% used [0x00000006c0000000,0x00000006c177c590,0x00000006c6d80000)
 Metaspace       used 33005K, capacity 34622K, committed 34864K, reserved 1079296K
  class space    used 4137K, capacity 4590K, committed 4656K, reserved 1048576K
}
Event: 220.659 GC heap before
{Heap before GC invocations=22 (full 1):
 PSYoungGen      total 665600K, used 665280K [0x000000076ab00000, 0x000000079bb00000, 0x00000007c0000000)
  eden space 665088K, 100% used [0x000000076ab00000,0x0000000793480000,0x0000000793480000)
  from space 512K, 37% used [0x000000079ba80000,0x000000079bab0000,0x000000079bb00000)
  to   space 14848K, 0% used [0x0000000799e00000,0x0000000799e00000,0x000000079ac80000)
 ParOldGen       total 112128K, used 24049K [0x00000006c0000000, 0x00000006c6d80000, 0x000000076ab00000)
  object space 112128K, 21% used [0x00000006c0000000,0x00000006c177c590,0x00000006c6d80000)
 Metaspace       used 33005K, capacity 34622K, committed 34864K, reserved 1079296K
  class space    used 4137K, capacity 4590K, committed 4656K, reserved 1048576K
Event: 220.660 GC heap after
Heap after GC invocations=22 (full 1):
 PSYoungGen      total 651264K, used 192K [0x000000076ab00000, 0x000000079bb00000, 0x00000007c0000000)
  eden space 636416K, 0% used [0x000000076ab00000,0x000000076ab00000,0x0000000791880000)
  from space 14848K, 1% used [0x0000000799e00000,0x0000000799e30000,0x000000079ac80000)
  to   space 14336K, 0% used [0x000000079ad00000,0x000000079ad00000,0x000000079bb00000)
 ParOldGen       total 112128K, used 24049K [0x00000006c0000000, 0x00000006c6d80000, 0x000000076ab00000)
  object space 112128K, 21% used [0x00000006c0000000,0x00000006c177c590,0x00000006c6d80000)
 Metaspace       used 33005K, capacity 34622K, committed 34864K, reserved 1079296K
  class space    used 4137K, capacity 4590K, committed 4656K, reserved 1048576K
}
Event: 231.582 GC heap before
{Heap before GC invocations=23 (full 1):
 PSYoungGen      total 651264K, used 636608K [0x000000076ab00000, 0x000000079bb00000, 0x00000007c0000000)
  eden space 636416K, 100% used [0x000000076ab00000,0x0000000791880000,0x0000000791880000)
  from space 14848K, 1% used [0x0000000799e00000,0x0000000799e30000,0x000000079ac80000)
  to   space 14336K, 0% used [0x000000079ad00000,0x000000079ad00000,0x000000079bb00000)
 ParOldGen       total 112128K, used 24049K [0x00000006c0000000, 0x00000006c6d80000, 0x000000076ab00000)
  object space 112128K, 21% used [0x00000006c0000000,0x00000006c177c590,0x00000006c6d80000)
 Metaspace       used 33005K, capacity 34622K, committed 34864K, reserved 1079296K
  class space    used 4137K, capacity 4590K, committed 4656K, reserved 1048576K
Event: 231.584 GC heap after
Heap after GC invocations=23 (full 1):
 PSYoungGen      total 609792K, used 224K [0x000000076ab00000, 0x000000079ad80000, 0x00000007c0000000)
  eden space 609280K, 0% used [0x000000076ab00000,0x000000076ab00000,0x000000078fe00000)
  from space 512K, 43% used [0x000000079ad00000,0x000000079ad38000,0x000000079ad80000)
  to   space 13312K, 0% used [0x0000000799380000,0x0000000799380000,0x000000079a080000)
 ParOldGen       total 112128K, used 24049K [0x00000006c0000000, 0x00000006c6d80000, 0x000000076ab00000)
  object space 112128K, 21% used [0x00000006c0000000,0x00000006c177c590,0x00000006c6d80000)
 Metaspace       used 33005K, capacity 34622K, committed 34864K, reserved 1079296K
  class space    used 4137K, capacity 4590K, committed 4656K, reserved 1048576K
}
Event: 241.814 GC heap before
{Heap before GC invocations=24 (full 1):
 PSYoungGen      total 609792K, used 609504K [0x000000076ab00000, 0x000000079ad80000, 0x00000007c0000000)
  eden space 609280K, 100% used [0x000000076ab00000,0x000000078fe00000,0x000000078fe00000)
  from space 512K, 43% used [0x000000079ad00000,0x000000079ad38000,0x000000079ad80000)
  to   space 13312K, 0% used [0x0000000799380000,0x0000000799380000,0x000000079a080000)
 ParOldGen       total 112128K, used 24049K [0x00000006c0000000, 0x00000006c6d80000, 0x000000076ab00000)
  object space 112128K, 21% used [0x00000006c0000000,0x00000006c177c590,0x00000006c6d80000)
 Metaspace       used 33028K, capacity 34686K, committed 34864K, reserved 1079296K
  class space    used 4137K, capacity 4590K, committed 4656K, reserved 1048576K
Event: 241.818 GC heap after
Heap after GC invocations=24 (full 1):
 PSYoungGen      total 596992K, used 224K [0x000000076ab00000, 0x000000079ad80000, 0x00000007c0000000)
  eden space 583680K, 0% used [0x000000076ab00000,0x000000076ab00000,0x000000078e500000)
  from space 13312K, 1% used [0x0000000799380000,0x00000007993b8000,0x000000079a080000)
  to   space 12800K, 0% used [0x000000079a100000,0x000000079a100000,0x000000079ad80000)
 ParOldGen       total 112128K, used 24057K [0x00000006c0000000, 0x00000006c6d80000, 0x000000076ab00000)
  object space 112128K, 21% used [0x00000006c0000000,0x00000006c177e590,0x00000006c6d80000)
 Metaspace       used 33028K, capacity 34686K, committed 34864K, reserved 1079296K
  class space    used 4137K, capacity 4590K, committed 4656K, reserved 1048576K
}

