# JRE version: Java(TM) SE Runtime Environment (8.0_91-b14) (build 1.8.0_91-b14)
# Java VM: Java HotSpot(TM) 64-Bit Server VM (25.91-b14 mixed mode bsd-amd64 compressed oops)
Heap:
 PSYoungGen      total 535552K, used 12130K [0x000000076ab00000, 0x0000000796d00000, 0x00000007c0000000)
  eden space 519168K, 2% used [0x000000076ab00000,0x000000076b6d8a00,0x000000078a600000)
  from space 16384K, 0% used [0x000000078a600000,0x000000078a600000,0x000000078b600000)
  to   space 15872K, 0% used [0x0000000795d80000,0x0000000795d80000,0x0000000796d00000)
 ParOldGen       total 161792K, used 21768K [0x00000006c0000000, 0x00000006c9e00000, 0x000000076ab00000)
  object space 161792K, 13% used [0x00000006c0000000,0x00000006c1542068,0x00000006c9e00000)
 Metaspace       used 34005K, capacity 35712K, committed 35752K, reserved 1081344K
  class space    used 4249K, capacity 4760K, committed 4784K, reserved 1048576K
GC Heap History (10 events):
Event: 88.169 GC heap before
{Heap before GC invocations=11 (full 1):
 PSYoungGen      total 286720K, used 273804K [0x000000076ab00000, 0x0000000784c00000, 0x00000007c0000000)
  eden space 271360K, 100% used [0x000000076ab00000,0x000000077b400000,0x000000077b400000)
  from space 15360K, 15% used [0x000000077b400000,0x000000077b6631c0,0x000000077c300000)
  to   space 15872K, 0% used [0x0000000783c80000,0x0000000783c80000,0x0000000784c00000)
 ParOldGen       total 111104K, used 20758K [0x00000006c0000000, 0x00000006c6c80000, 0x000000076ab00000)
  object space 111104K, 18% used [0x00000006c0000000,0x00000006c1445988,0x00000006c6c80000)
 Metaspace       used 33220K, capacity 34700K, committed 34864K, reserved 1079296K
  class space    used 4147K, capacity 4620K, committed 4656K, reserved 1048576K
Event: 88.174 GC heap after
Heap after GC invocations=11 (full 1):
 PSYoungGen      total 392704K, used 3471K [0x000000076ab00000, 0x0000000784300000, 0x00000007c0000000)
  eden space 386048K, 0% used [0x000000076ab00000,0x000000076ab00000,0x0000000782400000)
  from space 6656K, 52% used [0x0000000783c80000,0x0000000783fe3cc8,0x0000000784300000)
  to   space 15872K, 0% used [0x0000000782400000,0x0000000782400000,0x0000000783380000)
 ParOldGen       total 111104K, used 22464K [0x00000006c0000000, 0x00000006c6c80000, 0x000000076ab00000)
  object space 111104K, 20% used [0x00000006c0000000,0x00000006c15f01e8,0x00000006c6c80000)
 Metaspace       used 33220K, capacity 34700K, committed 34864K, reserved 1079296K
  class space    used 4147K, capacity 4620K, committed 4656K, reserved 1048576K
}
Event: 95.884 GC heap before
{Heap before GC invocations=12 (full 1):
 PSYoungGen      total 392704K, used 389519K [0x000000076ab00000, 0x0000000784300000, 0x00000007c0000000)
  eden space 386048K, 100% used [0x000000076ab00000,0x0000000782400000,0x0000000782400000)
  from space 6656K, 52% used [0x0000000783c80000,0x0000000783fe3cc8,0x0000000784300000)
  to   space 15872K, 0% used [0x0000000782400000,0x0000000782400000,0x0000000783380000)
 ParOldGen       total 111104K, used 22464K [0x00000006c0000000, 0x00000006c6c80000, 0x000000076ab00000)
  object space 111104K, 20% used [0x00000006c0000000,0x00000006c15f01e8,0x00000006c6c80000)
 Metaspace       used 33315K, capacity 34772K, committed 34864K, reserved 1079296K
  class space    used 4147K, capacity 4620K, committed 4656K, reserved 1048576K
Event: 95.890 GC heap after
Heap after GC invocations=12 (full 1):
 PSYoungGen      total 401920K, used 3122K [0x000000076ab00000, 0x000000078d400000, 0x00000007c0000000)
  eden space 386048K, 0% used [0x000000076ab00000,0x000000076ab00000,0x0000000782400000)
  from space 15872K, 19% used [0x0000000782400000,0x000000078270ca00,0x0000000783380000)
  to   space 15872K, 0% used [0x000000078c480000,0x000000078c480000,0x000000078d400000)
 ParOldGen       total 111104K, used 25642K [0x00000006c0000000, 0x00000006c6c80000, 0x000000076ab00000)
  object space 111104K, 23% used [0x00000006c0000000,0x00000006c190a8d0,0x00000006c6c80000)
 Metaspace       used 33315K, capacity 34772K, committed 34864K, reserved 1079296K
  class space    used 4147K, capacity 4620K, committed 4656K, reserved 1048576K
}
Event: 103.521 GC heap before
{Heap before GC invocations=13 (full 1):
 PSYoungGen      total 401920K, used 389170K [0x000000076ab00000, 0x000000078d400000, 0x00000007c0000000)
  eden space 386048K, 100% used [0x000000076ab00000,0x0000000782400000,0x0000000782400000)
  from space 15872K, 19% used [0x0000000782400000,0x000000078270ca00,0x0000000783380000)
  to   space 15872K, 0% used [0x000000078c480000,0x000000078c480000,0x000000078d400000)
 ParOldGen       total 111104K, used 25642K [0x00000006c0000000, 0x00000006c6c80000, 0x000000076ab00000)
  object space 111104K, 23% used [0x00000006c0000000,0x00000006c190a8d0,0x00000006c6c80000)
 Metaspace       used 33327K, capacity 34836K, committed 35120K, reserved 1079296K
  class space    used 4147K, capacity 4620K, committed 4656K, reserved 1048576K
Event: 103.525 GC heap after
Heap after GC invocations=13 (full 1):
 PSYoungGen      total 520704K, used 192K [0x000000076ab00000, 0x000000078c600000, 0x00000007c0000000)
  eden space 519168K, 0% used [0x000000076ab00000,0x000000076ab00000,0x000000078a600000)
  from space 1536K, 12% used [0x000000078c480000,0x000000078c4b0000,0x000000078c600000)
  to   space 16384K, 0% used [0x000000078a600000,0x000000078a600000,0x000000078b600000)
 ParOldGen       total 111104K, used 28798K [0x00000006c0000000, 0x00000006c6c80000, 0x000000076ab00000)
  object space 111104K, 25% used [0x00000006c0000000,0x00000006c1c1faf0,0x00000006c6c80000)
 Metaspace       used 33327K, capacity 34836K, committed 35120K, reserved 1079296K
  class space    used 4147K, capacity 4620K, committed 4656K, reserved 1048576K
}
Event: 103.966 GC heap before
{Heap before GC invocations=14 (full 1):
 PSYoungGen      total 520704K, used 23816K [0x000000076ab00000, 0x000000078c600000, 0x00000007c0000000)
  eden space 519168K, 4% used [0x000000076ab00000,0x000000076c212228,0x000000078a600000)
  from space 1536K, 12% used [0x000000078c480000,0x000000078c4b0000,0x000000078c600000)
  to   space 16384K, 0% used [0x000000078a600000,0x000000078a600000,0x000000078b600000)
 ParOldGen       total 111104K, used 28798K [0x00000006c0000000, 0x00000006c6c80000, 0x000000076ab00000)
  object space 111104K, 25% used [0x00000006c0000000,0x00000006c1c1faf0,0x00000006c6c80000)
 Metaspace       used 33814K, capacity 35414K, committed 35496K, reserved 1079296K
  class space    used 4231K, capacity 4725K, committed 4784K, reserved 1048576K
Event: 103.974 GC heap after
Heap after GC invocations=14 (full 1):
 PSYoungGen      total 535552K, used 4417K [0x000000076ab00000, 0x0000000796d00000, 0x00000007c0000000)
  eden space 519168K, 0% used [0x000000076ab00000,0x000000076ab00000,0x000000078a600000)
  from space 16384K, 26% used [0x000000078a600000,0x000000078aa50770,0x000000078b600000)
  to   space 15872K, 0% used [0x0000000795d80000,0x0000000795d80000,0x0000000796d00000)
 ParOldGen       total 111104K, used 28814K [0x00000006c0000000, 0x00000006c6c80000, 0x000000076ab00000)
  object space 111104K, 25% used [0x00000006c0000000,0x00000006c1c23af0,0x00000006c6c80000)
 Metaspace       used 33814K, capacity 35414K, committed 35496K, reserved 1079296K
  class space    used 4231K, capacity 4725K, committed 4784K, reserved 1048576K
}
Event: 103.974 GC heap before
{Heap before GC invocations=15 (full 2):
 PSYoungGen      total 535552K, used 4417K [0x000000076ab00000, 0x0000000796d00000, 0x00000007c0000000)
  eden space 519168K, 0% used [0x000000076ab00000,0x000000076ab00000,0x000000078a600000)
  from space 16384K, 26% used [0x000000078a600000,0x000000078aa50770,0x000000078b600000)
  to   space 15872K, 0% used [0x0000000795d80000,0x0000000795d80000,0x0000000796d00000)
 ParOldGen       total 111104K, used 28814K [0x00000006c0000000, 0x00000006c6c80000, 0x000000076ab00000)
  object space 111104K, 25% used [0x00000006c0000000,0x00000006c1c23af0,0x00000006c6c80000)
 Metaspace       used 33814K, capacity 35414K, committed 35496K, reserved 1079296K
  class space    used 4231K, capacity 4725K, committed 4784K, reserved 1048576K
Event: 104.043 GC heap after
Heap after GC invocations=15 (full 2):
 PSYoungGen      total 535552K, used 0K [0x000000076ab00000, 0x0000000796d00000, 0x00000007c0000000)
  eden space 519168K, 0% used [0x000000076ab00000,0x000000076ab00000,0x000000078a600000)
  from space 16384K, 0% used [0x000000078a600000,0x000000078a600000,0x000000078b600000)
  to   space 15872K, 0% used [0x0000000795d80000,0x0000000795d80000,0x0000000796d00000)
 ParOldGen       total 161792K, used 21768K [0x00000006c0000000, 0x00000006c9e00000, 0x000000076ab00000)
  object space 161792K, 13% used [0x00000006c0000000,0x00000006c1542068,0x00000006c9e00000)
 Metaspace       used 33814K, capacity 35414K, committed 35496K, reserved 1079296K
  class space    used 4231K, capacity 4725K, committed 4784K, reserved 1048576K
}

