# JRE version: Java(TM) SE Runtime Environment (8.0_91-b15) (build 1.8.0_91-b15)
# Java VM: Java HotSpot(TM) 64-Bit Server VM (25.91-b15 mixed mode windows-amd64 compressed oops)
Heap:
 PSYoungGen      total 675328K, used 168144K [0x00000000d6180000, 0x00000000fff80000, 0x0000000100000000)
  eden space 665600K, 25% used [0x00000000d6180000,0x00000000e054bad8,0x00000000feb80000)
  from space 9728K, 4% used [0x00000000feb80000,0x00000000febe8818,0x00000000ff500000)
  to   space 9216K, 0% used [0x00000000ff680000,0x00000000ff680000,0x00000000fff80000)
 ParOldGen       total 67072K, used 47398K [0x0000000082400000, 0x0000000086580000, 0x00000000d6180000)
  object space 67072K, 70% used [0x0000000082400000,0x0000000085249b48,0x0000000086580000)
 Metaspace       used 32644K, capacity 34224K, committed 34560K, reserved 1079296K
  class space    used 4047K, capacity 4506K, committed 4608K, reserved 1048576K
GC Heap History (10 events):
Event: 10.644 GC heap before
{Heap before GC invocations=26 (full 1):
 PSYoungGen      total 672768K, used 663216K [0x00000000d6180000, 0x00000000ffe80000, 0x0000000100000000)
  eden space 662528K, 100% used [0x00000000d6180000,0x00000000fe880000,0x00000000fe880000)
  from space 10240K, 6% used [0x00000000ff480000,0x00000000ff52c250,0x00000000ffe80000)
  to   space 11264K, 0% used [0x00000000fe880000,0x00000000fe880000,0x00000000ff380000)
 ParOldGen       total 67072K, used 41854K [0x0000000082400000, 0x0000000086580000, 0x00000000d6180000)
  object space 67072K, 62% used [0x0000000082400000,0x0000000084cdf940,0x0000000086580000)
 Metaspace       used 32489K, capacity 34096K, committed 34304K, reserved 1079296K
  class space    used 4040K, capacity 4506K, committed 4608K, reserved 1048576K
Event: 10.650 GC heap after
Heap after GC invocations=26 (full 1):
 PSYoungGen      total 673792K, used 4521K [0x00000000d6180000, 0x0000000100000000, 0x0000000100000000)
  eden space 662528K, 0% used [0x00000000d6180000,0x00000000d6180000,0x00000000fe880000)
  from space 11264K, 40% used [0x00000000fe880000,0x00000000fecea420,0x00000000ff380000)
  to   space 11264K, 0% used [0x00000000ff500000,0x00000000ff500000,0x0000000100000000)
 ParOldGen       total 67072K, used 42288K [0x0000000082400000, 0x0000000086580000, 0x00000000d6180000)
  object space 67072K, 63% used [0x0000000082400000,0x0000000084d4c170,0x0000000086580000)
 Metaspace       used 32489K, capacity 34096K, committed 34304K, reserved 1079296K
  class space    used 4040K, capacity 4506K, committed 4608K, reserved 1048576K
}
Event: 10.838 GC heap before
{Heap before GC invocations=27 (full 1):
 PSYoungGen      total 673792K, used 667049K [0x00000000d6180000, 0x0000000100000000, 0x0000000100000000)
  eden space 662528K, 100% used [0x00000000d6180000,0x00000000fe880000,0x00000000fe880000)
  from space 11264K, 40% used [0x00000000fe880000,0x00000000fecea420,0x00000000ff380000)
  to   space 11264K, 0% used [0x00000000ff500000,0x00000000ff500000,0x0000000100000000)
 ParOldGen       total 67072K, used 42288K [0x0000000082400000, 0x0000000086580000, 0x00000000d6180000)
  object space 67072K, 63% used [0x0000000082400000,0x0000000084d4c170,0x0000000086580000)
 Metaspace       used 32574K, capacity 34160K, committed 34304K, reserved 1079296K
  class space    used 4047K, capacity 4506K, committed 4608K, reserved 1048576K
Event: 10.841 GC heap after
Heap after GC invocations=27 (full 1):
 PSYoungGen      total 674304K, used 897K [0x00000000d6180000, 0x00000000fff00000, 0x0000000100000000)
  eden space 664064K, 0% used [0x00000000d6180000,0x00000000d6180000,0x00000000fea00000)
  from space 10240K, 8% used [0x00000000ff500000,0x00000000ff5e0568,0x00000000fff00000)
  to   space 10752K, 0% used [0x00000000fea00000,0x00000000fea00000,0x00000000ff480000)
 ParOldGen       total 67072K, used 46593K [0x0000000082400000, 0x0000000086580000, 0x00000000d6180000)
  object space 67072K, 69% used [0x0000000082400000,0x0000000085180780,0x0000000086580000)
 Metaspace       used 32574K, capacity 34160K, committed 34304K, reserved 1079296K
  class space    used 4047K, capacity 4506K, committed 4608K, reserved 1048576K
}
Event: 10.958 GC heap before
{Heap before GC invocations=28 (full 1):
 PSYoungGen      total 674304K, used 664961K [0x00000000d6180000, 0x00000000fff00000, 0x0000000100000000)
  eden space 664064K, 100% used [0x00000000d6180000,0x00000000fea00000,0x00000000fea00000)
  from space 10240K, 8% used [0x00000000ff500000,0x00000000ff5e0568,0x00000000fff00000)
  to   space 10752K, 0% used [0x00000000fea00000,0x00000000fea00000,0x00000000ff480000)
 ParOldGen       total 67072K, used 46593K [0x0000000082400000, 0x0000000086580000, 0x00000000d6180000)
  object space 67072K, 69% used [0x0000000082400000,0x0000000085180780,0x0000000086580000)
 Metaspace       used 32574K, capacity 34160K, committed 34304K, reserved 1079296K
  class space    used 4047K, capacity 4506K, committed 4608K, reserved 1048576K
Event: 10.960 GC heap after
Heap after GC invocations=28 (full 1):
 PSYoungGen      total 674816K, used 242K [0x00000000d6180000, 0x00000000fff80000, 0x0000000100000000)
  eden space 664064K, 0% used [0x00000000d6180000,0x00000000d6180000,0x00000000fea00000)
  from space 10752K, 2% used [0x00000000fea00000,0x00000000fea3c878,0x00000000ff480000)
  to   space 10240K, 0% used [0x00000000ff580000,0x00000000ff580000,0x00000000fff80000)
 ParOldGen       total 67072K, used 47323K [0x0000000082400000, 0x0000000086580000, 0x00000000d6180000)
  object space 67072K, 70% used [0x0000000082400000,0x0000000085236dd0,0x0000000086580000)
 Metaspace       used 32574K, capacity 34160K, committed 34304K, reserved 1079296K
  class space    used 4047K, capacity 4506K, committed 4608K, reserved 1048576K
}
Event: 11.095 GC heap before
{Heap before GC invocations=29 (full 1):
 PSYoungGen      total 674816K, used 664306K [0x00000000d6180000, 0x00000000fff80000, 0x0000000100000000)
  eden space 664064K, 100% used [0x00000000d6180000,0x00000000fea00000,0x00000000fea00000)
  from space 10752K, 2% used [0x00000000fea00000,0x00000000fea3c878,0x00000000ff480000)
  to   space 10240K, 0% used [0x00000000ff580000,0x00000000ff580000,0x00000000fff80000)
 ParOldGen       total 67072K, used 47323K [0x0000000082400000, 0x0000000086580000, 0x00000000d6180000)
  object space 67072K, 70% used [0x0000000082400000,0x0000000085236dd0,0x0000000086580000)
 Metaspace       used 32618K, capacity 34224K, committed 34560K, reserved 1079296K
  class space    used 4047K, capacity 4506K, committed 4608K, reserved 1048576K
Event: 11.096 GC heap after
Heap after GC invocations=29 (full 1):
 PSYoungGen      total 674816K, used 268K [0x00000000d6180000, 0x00000000ffe80000, 0x0000000100000000)
  eden space 665600K, 0% used [0x00000000d6180000,0x00000000d6180000,0x00000000feb80000)
  from space 9216K, 2% used [0x00000000ff580000,0x00000000ff5c3060,0x00000000ffe80000)
  to   space 9728K, 0% used [0x00000000feb80000,0x00000000feb80000,0x00000000ff500000)
 ParOldGen       total 67072K, used 47390K [0x0000000082400000, 0x0000000086580000, 0x00000000d6180000)
  object space 67072K, 70% used [0x0000000082400000,0x0000000085247b48,0x0000000086580000)
 Metaspace       used 32618K, capacity 34224K, committed 34560K, reserved 1079296K
  class space    used 4047K, capacity 4506K, committed 4608K, reserved 1048576K
}
Event: 11.241 GC heap before
{Heap before GC invocations=30 (full 1):
 PSYoungGen      total 674816K, used 665868K [0x00000000d6180000, 0x00000000ffe80000, 0x0000000100000000)
  eden space 665600K, 100% used [0x00000000d6180000,0x00000000feb80000,0x00000000feb80000)
  from space 9216K, 2% used [0x00000000ff580000,0x00000000ff5c3060,0x00000000ffe80000)
  to   space 9728K, 0% used [0x00000000feb80000,0x00000000feb80000,0x00000000ff500000)
 ParOldGen       total 67072K, used 47390K [0x0000000082400000, 0x0000000086580000, 0x00000000d6180000)
  object space 67072K, 70% used [0x0000000082400000,0x0000000085247b48,0x0000000086580000)
 Metaspace       used 32639K, capacity 34224K, committed 34560K, reserved 1079296K
  class space    used 4047K, capacity 4506K, committed 4608K, reserved 1048576K
Event: 11.243 GC heap after
Heap after GC invocations=30 (full 1):
 PSYoungGen      total 675328K, used 418K [0x00000000d6180000, 0x00000000fff80000, 0x0000000100000000)
  eden space 665600K, 0% used [0x00000000d6180000,0x00000000d6180000,0x00000000feb80000)
  from space 9728K, 4% used [0x00000000feb80000,0x00000000febe8818,0x00000000ff500000)
  to   space 9216K, 0% used [0x00000000ff680000,0x00000000ff680000,0x00000000fff80000)
 ParOldGen       total 67072K, used 47398K [0x0000000082400000, 0x0000000086580000, 0x00000000d6180000)
  object space 67072K, 70% used [0x0000000082400000,0x0000000085249b48,0x0000000086580000)
 Metaspace       used 32639K, capacity 34224K, committed 34560K, reserved 1079296K
  class space    used 4047K, capacity 4506K, committed 4608K, reserved 1048576K
}

