# JRE version: Java(TM) SE Runtime Environment (8.0_91-b14) (build 1.8.0_91-b14)
# Java VM: Java HotSpot(TM) 64-Bit Server VM (25.91-b14 mixed mode bsd-amd64 compressed oops)
Heap:
 PSYoungGen      total 1392640K, used 183803K [0x000000076ab00000, 0x00000007c0000000, 0x00000007c0000000)
  eden space 1387520K, 13% used [0x000000076ab00000,0x0000000775cb1260,0x00000007bf600000)
  from space 5120K, 36% used [0x00000007bfb00000,0x00000007bfccdc28,0x00000007c0000000)
  to   space 5120K, 0% used [0x00000007bf600000,0x00000007bf600000,0x00000007bfb00000)
 ParOldGen       total 561664K, used 526820K [0x00000006c0000000, 0x00000006e2480000, 0x000000076ab00000)
  object space 561664K, 93% used [0x00000006c0000000,0x00000006e0279010,0x00000006e2480000)
 Metaspace       used 36134K, capacity 37790K, committed 38064K, reserved 1083392K
  class space    used 4311K, capacity 4784K, committed 4784K, reserved 1048576K
GC Heap History (10 events):
Event: 10572.400 GC heap before
{Heap before GC invocations=582 (full 6):
 PSYoungGen      total 1390592K, used 1390287K [0x000000076ab00000, 0x00000007bff00000, 0x00000007c0000000)
  eden space 1387520K, 100% used [0x000000076ab00000,0x00000007bf600000,0x00000007bf600000)
  from space 3072K, 90% used [0x00000007bf600000,0x00000007bf8b3ec0,0x00000007bf900000)
  to   space 4608K, 0% used [0x00000007bfa80000,0x00000007bfa80000,0x00000007bff00000)
 ParOldGen       total 561664K, used 519384K [0x00000006c0000000, 0x00000006e2480000, 0x000000076ab00000)
  object space 561664K, 92% used [0x00000006c0000000,0x00000006dfb362a0,0x00000006e2480000)
 Metaspace       used 36134K, capacity 37790K, committed 38064K, reserved 1083392K
  class space    used 4311K, capacity 4784K, committed 4784K, reserved 1048576K
Event: 10572.410 GC heap after
Heap after GC invocations=582 (full 6):
 PSYoungGen      total 1392128K, used 2850K [0x000000076ab00000, 0x00000007c0000000, 0x00000007c0000000)
  eden space 1387520K, 0% used [0x000000076ab00000,0x000000076ab00000,0x00000007bf600000)
  from space 4608K, 61% used [0x00000007bfa80000,0x00000007bfd489e0,0x00000007bff00000)
  to   space 4608K, 0% used [0x00000007bf600000,0x00000007bf600000,0x00000007bfa80000)
 ParOldGen       total 561664K, used 519946K [0x00000006c0000000, 0x00000006e2480000, 0x000000076ab00000)
  object space 561664K, 92% used [0x00000006c0000000,0x00000006dfbc2a30,0x00000006e2480000)
 Metaspace       used 36134K, capacity 37790K, committed 38064K, reserved 1083392K
  class space    used 4311K, capacity 4784K, committed 4784K, reserved 1048576K
}
Event: 10573.085 GC heap before
{Heap before GC invocations=583 (full 6):
 PSYoungGen      total 1392128K, used 1390370K [0x000000076ab00000, 0x00000007c0000000, 0x00000007c0000000)
  eden space 1387520K, 100% used [0x000000076ab00000,0x00000007bf600000,0x00000007bf600000)
  from space 4608K, 61% used [0x00000007bfa80000,0x00000007bfd489e0,0x00000007bff00000)
  to   space 4608K, 0% used [0x00000007bf600000,0x00000007bf600000,0x00000007bfa80000)
 ParOldGen       total 561664K, used 519946K [0x00000006c0000000, 0x00000006e2480000, 0x000000076ab00000)
  object space 561664K, 92% used [0x00000006c0000000,0x00000006dfbc2a30,0x00000006e2480000)
 Metaspace       used 36134K, capacity 37790K, committed 38064K, reserved 1083392K
  class space    used 4311K, capacity 4784K, committed 4784K, reserved 1048576K
Event: 10573.093 GC heap after
Heap after GC invocations=583 (full 6):
 PSYoungGen      total 1392128K, used 2675K [0x000000076ab00000, 0x00000007c0000000, 0x00000007c0000000)
  eden space 1387520K, 0% used [0x000000076ab00000,0x000000076ab00000,0x00000007bf600000)
  from space 4608K, 58% used [0x00000007bf600000,0x00000007bf89cd90,0x00000007bfa80000)
  to   space 4608K, 0% used [0x00000007bfb80000,0x00000007bfb80000,0x00000007c0000000)
 ParOldGen       total 561664K, used 520900K [0x00000006c0000000, 0x00000006e2480000, 0x000000076ab00000)
  object space 561664K, 92% used [0x00000006c0000000,0x00000006dfcb1340,0x00000006e2480000)
 Metaspace       used 36134K, capacity 37790K, committed 38064K, reserved 1083392K
  class space    used 4311K, capacity 4784K, committed 4784K, reserved 1048576K
}
Event: 10573.848 GC heap before
{Heap before GC invocations=584 (full 6):
 PSYoungGen      total 1392128K, used 1390195K [0x000000076ab00000, 0x00000007c0000000, 0x00000007c0000000)
  eden space 1387520K, 100% used [0x000000076ab00000,0x00000007bf600000,0x00000007bf600000)
  from space 4608K, 58% used [0x00000007bf600000,0x00000007bf89cd90,0x00000007bfa80000)
  to   space 4608K, 0% used [0x00000007bfb80000,0x00000007bfb80000,0x00000007c0000000)
 ParOldGen       total 561664K, used 520900K [0x00000006c0000000, 0x00000006e2480000, 0x000000076ab00000)
  object space 561664K, 92% used [0x00000006c0000000,0x00000006dfcb1340,0x00000006e2480000)
 Metaspace       used 36134K, capacity 37790K, committed 38064K, reserved 1083392K
  class space    used 4311K, capacity 4784K, committed 4784K, reserved 1048576K
Event: 10573.856 GC heap after
Heap after GC invocations=584 (full 6):
 PSYoungGen      total 1392128K, used 624K [0x000000076ab00000, 0x00000007c0000000, 0x00000007c0000000)
  eden space 1387520K, 0% used [0x000000076ab00000,0x000000076ab00000,0x00000007bf600000)
  from space 4608K, 13% used [0x00000007bfb80000,0x00000007bfc1c2d0,0x00000007c0000000)
  to   space 5120K, 0% used [0x00000007bf600000,0x00000007bf600000,0x00000007bfb00000)
 ParOldGen       total 561664K, used 523514K [0x00000006c0000000, 0x00000006e2480000, 0x000000076ab00000)
  object space 561664K, 93% used [0x00000006c0000000,0x00000006dff3e820,0x00000006e2480000)
 Metaspace       used 36134K, capacity 37790K, committed 38064K, reserved 1083392K
  class space    used 4311K, capacity 4784K, committed 4784K, reserved 1048576K
}
Event: 10574.650 GC heap before
{Heap before GC invocations=585 (full 6):
 PSYoungGen      total 1392128K, used 1388144K [0x000000076ab00000, 0x00000007c0000000, 0x00000007c0000000)
  eden space 1387520K, 100% used [0x000000076ab00000,0x00000007bf600000,0x00000007bf600000)
  from space 4608K, 13% used [0x00000007bfb80000,0x00000007bfc1c2d0,0x00000007c0000000)
  to   space 5120K, 0% used [0x00000007bf600000,0x00000007bf600000,0x00000007bfb00000)
 ParOldGen       total 561664K, used 523514K [0x00000006c0000000, 0x00000006e2480000, 0x000000076ab00000)
  object space 561664K, 93% used [0x00000006c0000000,0x00000006dff3e820,0x00000006e2480000)
 Metaspace       used 36134K, capacity 37790K, committed 38064K, reserved 1083392K
  class space    used 4311K, capacity 4784K, committed 4784K, reserved 1048576K
Event: 10574.658 GC heap after
Heap after GC invocations=585 (full 6):
 PSYoungGen      total 1392640K, used 3899K [0x000000076ab00000, 0x00000007c0000000, 0x00000007c0000000)
  eden space 1387520K, 0% used [0x000000076ab00000,0x000000076ab00000,0x00000007bf600000)
  from space 5120K, 76% used [0x00000007bf600000,0x00000007bf9cefa0,0x00000007bfb00000)
  to   space 5120K, 0% used [0x00000007bfb00000,0x00000007bfb00000,0x00000007c0000000)
 ParOldGen       total 561664K, used 523970K [0x00000006c0000000, 0x00000006e2480000, 0x000000076ab00000)
  object space 561664K, 93% used [0x00000006c0000000,0x00000006dffb0820,0x00000006e2480000)
 Metaspace       used 36134K, capacity 37790K, committed 38064K, reserved 1083392K
  class space    used 4311K, capacity 4784K, committed 4784K, reserved 1048576K
}
Event: 10575.425 GC heap before
{Heap before GC invocations=586 (full 6):
 PSYoungGen      total 1392640K, used 1391419K [0x000000076ab00000, 0x00000007c0000000, 0x00000007c0000000)
  eden space 1387520K, 100% used [0x000000076ab00000,0x00000007bf600000,0x00000007bf600000)
  from space 5120K, 76% used [0x00000007bf600000,0x00000007bf9cefa0,0x00000007bfb00000)
  to   space 5120K, 0% used [0x00000007bfb00000,0x00000007bfb00000,0x00000007c0000000)
 ParOldGen       total 561664K, used 523970K [0x00000006c0000000, 0x00000006e2480000, 0x000000076ab00000)
  object space 561664K, 93% used [0x00000006c0000000,0x00000006dffb0820,0x00000006e2480000)
 Metaspace       used 36134K, capacity 37790K, committed 38064K, reserved 1083392K
  class space    used 4311K, capacity 4784K, committed 4784K, reserved 1048576K
Event: 10575.435 GC heap after
Heap after GC invocations=586 (full 6):
 PSYoungGen      total 1392640K, used 1847K [0x000000076ab00000, 0x00000007c0000000, 0x00000007c0000000)
  eden space 1387520K, 0% used [0x000000076ab00000,0x000000076ab00000,0x00000007bf600000)
  from space 5120K, 36% used [0x00000007bfb00000,0x00000007bfccdc28,0x00000007c0000000)
  to   space 5120K, 0% used [0x00000007bf600000,0x00000007bf600000,0x00000007bfb00000)
 ParOldGen       total 561664K, used 526820K [0x00000006c0000000, 0x00000006e2480000, 0x000000076ab00000)
  object space 561664K, 93% used [0x00000006c0000000,0x00000006e0279010,0x00000006e2480000)
 Metaspace       used 36134K, capacity 37790K, committed 38064K, reserved 1083392K
  class space    used 4311K, capacity 4784K, committed 4784K, reserved 1048576K
}

