# JRE version: Java(TM) SE Runtime Environment (8.0_91-b14) (build 1.8.0_91-b14)
# Java VM: Java HotSpot(TM) 64-Bit Server VM (25.91-b14 mixed mode bsd-amd64 compressed oops)
Heap:
 PSYoungGen      total 793600K, used 587987K [0x000000076ab00000, 0x00000007ba800000, 0x00000007c0000000)
  eden space 785920K, 73% used [0x000000076ab00000,0x000000078e20beb0,0x000000079aa80000)
  from space 7680K, 95% used [0x00000007ba080000,0x00000007ba7a8db0,0x00000007ba800000)
  to   space 14336K, 0% used [0x00000007b8c00000,0x00000007b8c00000,0x00000007b9a00000)
 ParOldGen       total 346624K, used 86927K [0x00000006c0000000, 0x00000006d5280000, 0x000000076ab00000)
  object space 346624K, 25% used [0x00000006c0000000,0x00000006c54e3e18,0x00000006d5280000)
 Metaspace       used 37070K, capacity 38838K, committed 39080K, reserved 1083392K
  class space    used 4484K, capacity 5012K, committed 5040K, reserved 1048576K
GC Heap History (10 events):
Event: 2571.640 GC heap before
{Heap before GC invocations=580 (full 4):
 PSYoungGen      total 955904K, used 955653K [0x000000076ab00000, 0x00000007bd080000, 0x00000007c0000000)
  eden space 950272K, 100% used [0x000000076ab00000,0x00000007a4b00000,0x00000007a4b00000)
  from space 5632K, 95% used [0x00000007baf80000,0x00000007bb4c1480,0x00000007bb500000)
  to   space 18432K, 0% used [0x00000007bbe80000,0x00000007bbe80000,0x00000007bd080000)
 ParOldGen       total 346624K, used 86919K [0x00000006c0000000, 0x00000006d5280000, 0x000000076ab00000)
  object space 346624K, 25% used [0x00000006c0000000,0x00000006c54e1e18,0x00000006d5280000)
 Metaspace       used 37064K, capacity 38774K, committed 39080K, reserved 1083392K
  class space    used 4484K, capacity 5012K, committed 5040K, reserved 1048576K
Event: 2571.645 GC heap after
Heap after GC invocations=580 (full 4):
 PSYoungGen      total 920576K, used 6228K [0x000000076ab00000, 0x00000007bc500000, 0x00000007c0000000)
  eden space 913920K, 0% used [0x000000076ab00000,0x000000076ab00000,0x00000007a2780000)
  from space 6656K, 93% used [0x00000007bbe80000,0x00000007bc4951f8,0x00000007bc500000)
  to   space 17408K, 0% used [0x00000007ba300000,0x00000007ba300000,0x00000007bb400000)
 ParOldGen       total 346624K, used 86919K [0x00000006c0000000, 0x00000006d5280000, 0x000000076ab00000)
  object space 346624K, 25% used [0x00000006c0000000,0x00000006c54e1e18,0x00000006d5280000)
 Metaspace       used 37064K, capacity 38774K, committed 39080K, reserved 1083392K
  class space    used 4484K, capacity 5012K, committed 5040K, reserved 1048576K
}
Event: 2577.294 GC heap before
{Heap before GC invocations=581 (full 4):
 PSYoungGen      total 920576K, used 920148K [0x000000076ab00000, 0x00000007bc500000, 0x00000007c0000000)
  eden space 913920K, 100% used [0x000000076ab00000,0x00000007a2780000,0x00000007a2780000)
  from space 6656K, 93% used [0x00000007bbe80000,0x00000007bc4951f8,0x00000007bc500000)
  to   space 17408K, 0% used [0x00000007ba300000,0x00000007ba300000,0x00000007bb400000)
 ParOldGen       total 346624K, used 86919K [0x00000006c0000000, 0x00000006d5280000, 0x000000076ab00000)
  object space 346624K, 25% used [0x00000006c0000000,0x00000006c54e1e18,0x00000006d5280000)
 Metaspace       used 37065K, capacity 38774K, committed 39080K, reserved 1083392K
  class space    used 4484K, capacity 5012K, committed 5040K, reserved 1048576K
Event: 2577.302 GC heap after
Heap after GC invocations=581 (full 4):
 PSYoungGen      total 886784K, used 7109K [0x000000076ab00000, 0x00000007bbf00000, 0x00000007c0000000)
  eden space 879616K, 0% used [0x000000076ab00000,0x000000076ab00000,0x00000007a0600000)
  from space 7168K, 99% used [0x00000007ba300000,0x00000007ba9f14a8,0x00000007baa00000)
  to   space 16384K, 0% used [0x00000007baf00000,0x00000007baf00000,0x00000007bbf00000)
 ParOldGen       total 346624K, used 86919K [0x00000006c0000000, 0x00000006d5280000, 0x000000076ab00000)
  object space 346624K, 25% used [0x00000006c0000000,0x00000006c54e1e18,0x00000006d5280000)
 Metaspace       used 37065K, capacity 38774K, committed 39080K, reserved 1083392K
  class space    used 4484K, capacity 5012K, committed 5040K, reserved 1048576K
}
Event: 2578.380 GC heap before
{Heap before GC invocations=582 (full 4):
 PSYoungGen      total 886784K, used 886725K [0x000000076ab00000, 0x00000007bbf00000, 0x00000007c0000000)
  eden space 879616K, 100% used [0x000000076ab00000,0x00000007a0600000,0x00000007a0600000)
  from space 7168K, 99% used [0x00000007ba300000,0x00000007ba9f14a8,0x00000007baa00000)
  to   space 16384K, 0% used [0x00000007baf00000,0x00000007baf00000,0x00000007bbf00000)
 ParOldGen       total 346624K, used 86919K [0x00000006c0000000, 0x00000006d5280000, 0x000000076ab00000)
  object space 346624K, 25% used [0x00000006c0000000,0x00000006c54e1e18,0x00000006d5280000)
 Metaspace       used 37065K, capacity 38774K, committed 39080K, reserved 1083392K
  class space    used 4484K, capacity 5012K, committed 5040K, reserved 1048576K
Event: 2578.385 GC heap after
Heap after GC invocations=582 (full 4):
 PSYoungGen      total 853504K, used 6620K [0x000000076ab00000, 0x00000007bb580000, 0x00000007c0000000)
  eden space 846848K, 0% used [0x000000076ab00000,0x000000076ab00000,0x000000079e600000)
  from space 6656K, 99% used [0x00000007baf00000,0x00000007bb577140,0x00000007bb580000)
  to   space 15872K, 0% used [0x00000007b9680000,0x00000007b9680000,0x00000007ba600000)
 ParOldGen       total 346624K, used 86919K [0x00000006c0000000, 0x00000006d5280000, 0x000000076ab00000)
  object space 346624K, 25% used [0x00000006c0000000,0x00000006c54e1e18,0x00000006d5280000)
 Metaspace       used 37065K, capacity 38774K, committed 39080K, reserved 1083392K
  class space    used 4484K, capacity 5012K, committed 5040K, reserved 1048576K
}
Event: 2579.500 GC heap before
{Heap before GC invocations=583 (full 4):
 PSYoungGen      total 853504K, used 853468K [0x000000076ab00000, 0x00000007bb580000, 0x00000007c0000000)
  eden space 846848K, 100% used [0x000000076ab00000,0x000000079e600000,0x000000079e600000)
  from space 6656K, 99% used [0x00000007baf00000,0x00000007bb577140,0x00000007bb580000)
  to   space 15872K, 0% used [0x00000007b9680000,0x00000007b9680000,0x00000007ba600000)
 ParOldGen       total 346624K, used 86919K [0x00000006c0000000, 0x00000006d5280000, 0x000000076ab00000)
  object space 346624K, 25% used [0x00000006c0000000,0x00000006c54e1e18,0x00000006d5280000)
 Metaspace       used 37067K, capacity 38774K, committed 39080K, reserved 1083392K
  class space    used 4484K, capacity 5012K, committed 5040K, reserved 1048576K
Event: 2579.506 GC heap after
Heap after GC invocations=583 (full 4):
 PSYoungGen      total 823808K, used 7999K [0x000000076ab00000, 0x00000007baf80000, 0x00000007c0000000)
  eden space 815616K, 0% used [0x000000076ab00000,0x000000076ab00000,0x000000079c780000)
  from space 8192K, 97% used [0x00000007b9680000,0x00000007b9e4fdf0,0x00000007b9e80000)
  to   space 15360K, 0% used [0x00000007ba080000,0x00000007ba080000,0x00000007baf80000)
 ParOldGen       total 346624K, used 86927K [0x00000006c0000000, 0x00000006d5280000, 0x000000076ab00000)
  object space 346624K, 25% used [0x00000006c0000000,0x00000006c54e3e18,0x00000006d5280000)
 Metaspace       used 37067K, capacity 38774K, committed 39080K, reserved 1083392K
  class space    used 4484K, capacity 5012K, committed 5040K, reserved 1048576K
}
Event: 2582.042 GC heap before
{Heap before GC invocations=584 (full 4):
 PSYoungGen      total 823808K, used 823615K [0x000000076ab00000, 0x00000007baf80000, 0x00000007c0000000)
  eden space 815616K, 100% used [0x000000076ab00000,0x000000079c780000,0x000000079c780000)
  from space 8192K, 97% used [0x00000007b9680000,0x00000007b9e4fdf0,0x00000007b9e80000)
  to   space 15360K, 0% used [0x00000007ba080000,0x00000007ba080000,0x00000007baf80000)
 ParOldGen       total 346624K, used 86927K [0x00000006c0000000, 0x00000006d5280000, 0x000000076ab00000)
  object space 346624K, 25% used [0x00000006c0000000,0x00000006c54e3e18,0x00000006d5280000)
 Metaspace       used 37067K, capacity 38774K, committed 39080K, reserved 1083392K
  class space    used 4484K, capacity 5012K, committed 5040K, reserved 1048576K
Event: 2582.047 GC heap after
Heap after GC invocations=584 (full 4):
 PSYoungGen      total 793600K, used 7331K [0x000000076ab00000, 0x00000007ba800000, 0x00000007c0000000)
  eden space 785920K, 0% used [0x000000076ab00000,0x000000076ab00000,0x000000079aa80000)
  from space 7680K, 95% used [0x00000007ba080000,0x00000007ba7a8db0,0x00000007ba800000)
  to   space 14336K, 0% used [0x00000007b8c00000,0x00000007b8c00000,0x00000007b9a00000)
 ParOldGen       total 346624K, used 86927K [0x00000006c0000000, 0x00000006d5280000, 0x000000076ab00000)
  object space 346624K, 25% used [0x00000006c0000000,0x00000006c54e3e18,0x00000006d5280000)
 Metaspace       used 37067K, capacity 38774K, committed 39080K, reserved 1083392K
  class space    used 4484K, capacity 5012K, committed 5040K, reserved 1048576K
}

