# JRE version: Java(TM) SE Runtime Environment (8.0_91-b15) (build 1.8.0_91-b15)
# Java VM: Java HotSpot(TM) 64-Bit Server VM (25.91-b15 mixed mode windows-amd64 compressed oops)
Heap:
 PSYoungGen      total 66048K, used 33048K [0x00000000d6180000, 0x00000000dcb00000, 0x0000000100000000)
  eden space 51200K, 40% used [0x00000000d6180000,0x00000000d75c51f8,0x00000000d9380000)
  from space 14848K, 82% used [0x00000000d9380000,0x00000000d9f80e20,0x00000000da200000)
  to   space 15872K, 0% used [0x00000000dbb80000,0x00000000dbb80000,0x00000000dcb00000)
 ParOldGen       total 65024K, used 30918K [0x0000000082400000, 0x0000000086380000, 0x00000000d6180000)
  object space 65024K, 47% used [0x0000000082400000,0x0000000084231860,0x0000000086380000)
 Metaspace       used 32229K, capacity 33732K, committed 34048K, reserved 1079296K
  class space    used 4039K, capacity 4536K, committed 4608K, reserved 1048576K
GC Heap History (10 events):
Event: 3.090 GC heap before
{Heap before GC invocations=6 (full 1):
 PSYoungGen      total 37888K, used 37884K [0x00000000d6180000, 0x00000000d9580000, 0x0000000100000000)
  eden space 32768K, 100% used [0x00000000d6180000,0x00000000d8180000,0x00000000d8180000)
  from space 5120K, 99% used [0x00000000d8680000,0x00000000d8b7f3e0,0x00000000d8b80000)
  to   space 5120K, 0% used [0x00000000d8180000,0x00000000d8180000,0x00000000d8680000)
 ParOldGen       total 65024K, used 8146K [0x0000000082400000, 0x0000000086380000, 0x00000000d6180000)
  object space 65024K, 12% used [0x0000000082400000,0x0000000082bf49b0,0x0000000086380000)
 Metaspace       used 28182K, capacity 29566K, committed 29824K, reserved 1075200K
  class space    used 3495K, capacity 3938K, committed 3968K, reserved 1048576K
Event: 3.097 GC heap after
Heap after GC invocations=6 (full 1):
 PSYoungGen      total 37888K, used 5111K [0x00000000d6180000, 0x00000000da200000, 0x0000000100000000)
  eden space 32768K, 0% used [0x00000000d6180000,0x00000000d6180000,0x00000000d8180000)
  from space 5120K, 99% used [0x00000000d8180000,0x00000000d867dd00,0x00000000d8680000)
  to   space 11776K, 0% used [0x00000000d9680000,0x00000000d9680000,0x00000000da200000)
 ParOldGen       total 65024K, used 15854K [0x0000000082400000, 0x0000000086380000, 0x00000000d6180000)
  object space 65024K, 24% used [0x0000000082400000,0x000000008337bac0,0x0000000086380000)
 Metaspace       used 28182K, capacity 29566K, committed 29824K, reserved 1075200K
  class space    used 3495K, capacity 3938K, committed 3968K, reserved 1048576K
}
Event: 4.118 GC heap before
{Heap before GC invocations=7 (full 1):
 PSYoungGen      total 37888K, used 37879K [0x00000000d6180000, 0x00000000da200000, 0x0000000100000000)
  eden space 32768K, 100% used [0x00000000d6180000,0x00000000d8180000,0x00000000d8180000)
  from space 5120K, 99% used [0x00000000d8180000,0x00000000d867dd00,0x00000000d8680000)
  to   space 11776K, 0% used [0x00000000d9680000,0x00000000d9680000,0x00000000da200000)
 ParOldGen       total 65024K, used 15854K [0x0000000082400000, 0x0000000086380000, 0x00000000d6180000)
  object space 65024K, 24% used [0x0000000082400000,0x000000008337bac0,0x0000000086380000)
 Metaspace       used 30030K, capacity 31584K, committed 31744K, reserved 1077248K
  class space    used 3793K, capacity 4258K, committed 4352K, reserved 1048576K
Event: 4.124 GC heap after
Heap after GC invocations=7 (full 1):
 PSYoungGen      total 53248K, used 10637K [0x00000000d6180000, 0x00000000da380000, 0x0000000100000000)
  eden space 41472K, 0% used [0x00000000d6180000,0x00000000d6180000,0x00000000d8a00000)
  from space 11776K, 90% used [0x00000000d9680000,0x00000000da0e3798,0x00000000da200000)
  to   space 12800K, 0% used [0x00000000d8a00000,0x00000000d8a00000,0x00000000d9680000)
 ParOldGen       total 65024K, used 19624K [0x0000000082400000, 0x0000000086380000, 0x00000000d6180000)
  object space 65024K, 30% used [0x0000000082400000,0x000000008372a228,0x0000000086380000)
 Metaspace       used 30030K, capacity 31584K, committed 31744K, reserved 1077248K
  class space    used 3793K, capacity 4258K, committed 4352K, reserved 1048576K
}
Event: 5.792 GC heap before
{Heap before GC invocations=8 (full 1):
 PSYoungGen      total 53248K, used 52109K [0x00000000d6180000, 0x00000000da380000, 0x0000000100000000)
  eden space 41472K, 100% used [0x00000000d6180000,0x00000000d8a00000,0x00000000d8a00000)
  from space 11776K, 90% used [0x00000000d9680000,0x00000000da0e3798,0x00000000da200000)
  to   space 12800K, 0% used [0x00000000d8a00000,0x00000000d8a00000,0x00000000d9680000)
 ParOldGen       total 65024K, used 19624K [0x0000000082400000, 0x0000000086380000, 0x00000000d6180000)
  object space 65024K, 30% used [0x0000000082400000,0x000000008372a228,0x0000000086380000)
 Metaspace       used 31854K, capacity 33404K, committed 33536K, reserved 1079296K
  class space    used 4038K, capacity 4536K, committed 4608K, reserved 1048576K
Event: 5.798 GC heap after
Heap after GC invocations=8 (full 1):
 PSYoungGen      total 54272K, used 12083K [0x00000000d6180000, 0x00000000db000000, 0x0000000100000000)
  eden space 41472K, 0% used [0x00000000d6180000,0x00000000d6180000,0x00000000d8a00000)
  from space 12800K, 94% used [0x00000000d8a00000,0x00000000d95cce08,0x00000000d9680000)
  to   space 14336K, 0% used [0x00000000da200000,0x00000000da200000,0x00000000db000000)
 ParOldGen       total 65024K, used 23394K [0x0000000082400000, 0x0000000086380000, 0x00000000d6180000)
  object space 65024K, 35% used [0x0000000082400000,0x0000000083ad8990,0x0000000086380000)
 Metaspace       used 31854K, capacity 33404K, committed 33536K, reserved 1079296K
  class space    used 4038K, capacity 4536K, committed 4608K, reserved 1048576K
}
Event: 5.809 GC heap before
{Heap before GC invocations=9 (full 1):
 PSYoungGen      total 54272K, used 53550K [0x00000000d6180000, 0x00000000db000000, 0x0000000100000000)
  eden space 41472K, 99% used [0x00000000d6180000,0x00000000d89fed28,0x00000000d8a00000)
  from space 12800K, 94% used [0x00000000d8a00000,0x00000000d95cce08,0x00000000d9680000)
  to   space 14336K, 0% used [0x00000000da200000,0x00000000da200000,0x00000000db000000)
 ParOldGen       total 65024K, used 23394K [0x0000000082400000, 0x0000000086380000, 0x00000000d6180000)
  object space 65024K, 35% used [0x0000000082400000,0x0000000083ad8990,0x0000000086380000)
 Metaspace       used 31856K, capacity 33404K, committed 33536K, reserved 1079296K
  class space    used 4038K, capacity 4536K, committed 4608K, reserved 1048576K
Event: 5.815 GC heap after
Heap after GC invocations=9 (full 1):
 PSYoungGen      total 65536K, used 12074K [0x00000000d6180000, 0x00000000dc780000, 0x0000000100000000)
  eden space 51200K, 0% used [0x00000000d6180000,0x00000000d6180000,0x00000000d9380000)
  from space 14336K, 84% used [0x00000000da200000,0x00000000dadca9d0,0x00000000db000000)
  to   space 14848K, 0% used [0x00000000d9380000,0x00000000d9380000,0x00000000da200000)
 ParOldGen       total 65024K, used 27156K [0x0000000082400000, 0x0000000086380000, 0x00000000d6180000)
  object space 65024K, 41% used [0x0000000082400000,0x0000000083e850f8,0x0000000086380000)
 Metaspace       used 31856K, capacity 33404K, committed 33536K, reserved 1079296K
  class space    used 4038K, capacity 4536K, committed 4608K, reserved 1048576K
}
Event: 5.862 GC heap before
{Heap before GC invocations=10 (full 1):
 PSYoungGen      total 65536K, used 63274K [0x00000000d6180000, 0x00000000dc780000, 0x0000000100000000)
  eden space 51200K, 100% used [0x00000000d6180000,0x00000000d9380000,0x00000000d9380000)
  from space 14336K, 84% used [0x00000000da200000,0x00000000dadca9d0,0x00000000db000000)
  to   space 14848K, 0% used [0x00000000d9380000,0x00000000d9380000,0x00000000da200000)
 ParOldGen       total 65024K, used 27156K [0x0000000082400000, 0x0000000086380000, 0x00000000d6180000)
  object space 65024K, 41% used [0x0000000082400000,0x0000000083e850f8,0x0000000086380000)
 Metaspace       used 31912K, capacity 33468K, committed 33792K, reserved 1079296K
  class space    used 4039K, capacity 4536K, committed 4608K, reserved 1048576K
Event: 5.868 GC heap after
Heap after GC invocations=10 (full 1):
 PSYoungGen      total 66048K, used 12291K [0x00000000d6180000, 0x00000000dcb00000, 0x0000000100000000)
  eden space 51200K, 0% used [0x00000000d6180000,0x00000000d6180000,0x00000000d9380000)
  from space 14848K, 82% used [0x00000000d9380000,0x00000000d9f80e20,0x00000000da200000)
  to   space 15872K, 0% used [0x00000000dbb80000,0x00000000dbb80000,0x00000000dcb00000)
 ParOldGen       total 65024K, used 30918K [0x0000000082400000, 0x0000000086380000, 0x00000000d6180000)
  object space 65024K, 47% used [0x0000000082400000,0x0000000084231860,0x0000000086380000)
 Metaspace       used 31912K, capacity 33468K, committed 33792K, reserved 1079296K
  class space    used 4039K, capacity 4536K, committed 4608K, reserved 1048576K
}

