# JRE version: Java(TM) SE Runtime Environment (7.0_45-b18) (build 1.7.0_45-b18)
# Java VM: Java HotSpot(TM) 64-Bit Server VM (24.45-b08 mixed mode windows-amd64 compressed oops)
Heap
 PSYoungGen      total 328192K, used 216685K [0x00000000eb300000, 0x00000000fff00000, 0x0000000100000000)
  eden space 317440K, 67% used [0x00000000eb300000,0x00000000f83fa890,0x00000000fe900000)
  from space 10752K, 25% used [0x00000000ff480000,0x00000000ff720c58,0x00000000fff00000)
  to   space 11264K, 0% used [0x00000000fe900000,0x00000000fe900000,0x00000000ff400000)
 ParOldGen       total 56832K, used 28336K [0x00000000c1a00000, 0x00000000c5180000, 0x00000000eb300000)
  object space 56832K, 49% used [0x00000000c1a00000,0x00000000c35ac0e8,0x00000000c5180000)
 PSPermGen       total 61440K, used 31134K [0x00000000bc800000, 0x00000000c0400000, 0x00000000c1a00000)
  object space 61440K, 50% used [0x00000000bc800000,0x00000000be667960,0x00000000c0400000)
GC Heap History (10 events):
Event: 14.245 GC heap before
{Heap before GC invocations=11 (full 0):
 PSYoungGen      total 210944K, used 204508K [0x00000000eb300000, 0x00000000f8b00000, 0x0000000100000000)
  eden space 202240K, 100% used [0x00000000eb300000,0x00000000f7880000,0x00000000f7880000)
  from space 8704K, 26% used [0x00000000f8180000,0x00000000f83b7208,0x00000000f8a00000)
  to   space 9216K, 0% used [0x00000000f7880000,0x00000000f7880000,0x00000000f8180000)
 ParOldGen       total 42496K, used 29404K [0x00000000c1a00000, 0x00000000c4380000, 0x00000000eb300000)
  object space 42496K, 69% used [0x00000000c1a00000,0x00000000c36b7080,0x00000000c4380000)
 PSPermGen       total 30720K, used 30679K [0x00000000bc800000, 0x00000000be600000, 0x00000000c1a00000)
  object space 30720K, 99% used [0x00000000bc800000,0x00000000be5f5c60,0x00000000be600000)
Event: 14.252 GC heap after
Heap after GC invocations=11 (full 0):
 PSYoungGen      total 211456K, used 9190K [0x00000000eb300000, 0x0000000100000000, 0x0000000100000000)
  eden space 202240K, 0% used [0x00000000eb300000,0x00000000eb300000,0x00000000f7880000)
  from space 9216K, 99% used [0x00000000f7880000,0x00000000f8179ac0,0x00000000f8180000)
  to   space 11776K, 0% used [0x00000000ff480000,0x00000000ff480000,0x0000000100000000)
 ParOldGen       total 42496K, used 32792K [0x00000000c1a00000, 0x00000000c4380000, 0x00000000eb300000)
  object space 42496K, 77% used [0x00000000c1a00000,0x00000000c3a061a8,0x00000000c4380000)
 PSPermGen       total 30720K, used 30679K [0x00000000bc800000, 0x00000000be600000, 0x00000000c1a00000)
  object space 30720K, 99% used [0x00000000bc800000,0x00000000be5f5c60,0x00000000be600000)
}
Event: 14.298 GC heap before
{Heap before GC invocations=12 (full 0):
 PSYoungGen      total 211456K, used 211430K [0x00000000eb300000, 0x0000000100000000, 0x0000000100000000)
  eden space 202240K, 100% used [0x00000000eb300000,0x00000000f7880000,0x00000000f7880000)
  from space 9216K, 99% used [0x00000000f7880000,0x00000000f8179ac0,0x00000000f8180000)
  to   space 11776K, 0% used [0x00000000ff480000,0x00000000ff480000,0x0000000100000000)
 ParOldGen       total 42496K, used 32792K [0x00000000c1a00000, 0x00000000c4380000, 0x00000000eb300000)
  object space 42496K, 77% used [0x00000000c1a00000,0x00000000c3a061a8,0x00000000c4380000)
 PSPermGen       total 30720K, used 30679K [0x00000000bc800000, 0x00000000be600000, 0x00000000c1a00000)
  object space 30720K, 99% used [0x00000000bc800000,0x00000000be5f5c60,0x00000000be600000)
Event: 14.303 GC heap after
Heap after GC invocations=12 (full 0):
 PSYoungGen      total 329216K, used 192K [0x00000000eb300000, 0x0000000100000000, 0x0000000100000000)
  eden space 317440K, 0% used [0x00000000eb300000,0x00000000eb300000,0x00000000fe900000)
  from space 11776K, 1% used [0x00000000ff480000,0x00000000ff4b0000,0x0000000100000000)
  to   space 11776K, 0% used [0x00000000fe900000,0x00000000fe900000,0x00000000ff480000)
 ParOldGen       total 45568K, used 44443K [0x00000000c1a00000, 0x00000000c4680000, 0x00000000eb300000)
  object space 45568K, 97% used [0x00000000c1a00000,0x00000000c4566c48,0x00000000c4680000)
 PSPermGen       total 30720K, used 30679K [0x00000000bc800000, 0x00000000be600000, 0x00000000c1a00000)
  object space 30720K, 99% used [0x00000000bc800000,0x00000000be5f5c60,0x00000000be600000)
}
Event: 14.303 GC heap before
{Heap before GC invocations=13 (full 1):
 PSYoungGen      total 329216K, used 192K [0x00000000eb300000, 0x0000000100000000, 0x0000000100000000)
  eden space 317440K, 0% used [0x00000000eb300000,0x00000000eb300000,0x00000000fe900000)
  from space 11776K, 1% used [0x00000000ff480000,0x00000000ff4b0000,0x0000000100000000)
  to   space 11776K, 0% used [0x00000000fe900000,0x00000000fe900000,0x00000000ff480000)
 ParOldGen       total 45568K, used 44443K [0x00000000c1a00000, 0x00000000c4680000, 0x00000000eb300000)
  object space 45568K, 97% used [0x00000000c1a00000,0x00000000c4566c48,0x00000000c4680000)
 PSPermGen       total 30720K, used 30679K [0x00000000bc800000, 0x00000000be600000, 0x00000000c1a00000)
  object space 30720K, 99% used [0x00000000bc800000,0x00000000be5f5c60,0x00000000be600000)
Event: 14.458 GC heap after
Heap after GC invocations=13 (full 1):
 PSYoungGen      total 329216K, used 0K [0x00000000eb300000, 0x0000000100000000, 0x0000000100000000)
  eden space 317440K, 0% used [0x00000000eb300000,0x00000000eb300000,0x00000000fe900000)
  from space 11776K, 0% used [0x00000000ff480000,0x00000000ff480000,0x0000000100000000)
  to   space 11776K, 0% used [0x00000000fe900000,0x00000000fe900000,0x00000000ff480000)
 ParOldGen       total 56832K, used 27807K [0x00000000c1a00000, 0x00000000c5180000, 0x00000000eb300000)
  object space 56832K, 48% used [0x00000000c1a00000,0x00000000c3527f80,0x00000000c5180000)
 PSPermGen       total 61440K, used 30665K [0x00000000bc800000, 0x00000000c0400000, 0x00000000c1a00000)
  object space 61440K, 49% used [0x00000000bc800000,0x00000000be5f2580,0x00000000c0400000)
}
Event: 16.189 GC heap before
{Heap before GC invocations=14 (full 1):
 PSYoungGen      total 329216K, used 317440K [0x00000000eb300000, 0x0000000100000000, 0x0000000100000000)
  eden space 317440K, 100% used [0x00000000eb300000,0x00000000fe900000,0x00000000fe900000)
  from space 11776K, 0% used [0x00000000ff480000,0x00000000ff480000,0x0000000100000000)
  to   space 11776K, 0% used [0x00000000fe900000,0x00000000fe900000,0x00000000ff480000)
 ParOldGen       total 56832K, used 27807K [0x00000000c1a00000, 0x00000000c5180000, 0x00000000eb300000)
  object space 56832K, 48% used [0x00000000c1a00000,0x00000000c3527f80,0x00000000c5180000)
 PSPermGen       total 61440K, used 30718K [0x00000000bc800000, 0x00000000c0400000, 0x00000000c1a00000)
  object space 61440K, 49% used [0x00000000bc800000,0x00000000be5ff9e0,0x00000000c0400000)
Event: 16.191 GC heap after
Heap after GC invocations=14 (full 1):
 PSYoungGen      total 329216K, used 1405K [0x00000000eb300000, 0x0000000100000000, 0x0000000100000000)
  eden space 317440K, 0% used [0x00000000eb300000,0x00000000eb300000,0x00000000fe900000)
  from space 11776K, 11% used [0x00000000fe900000,0x00000000fea5f5d8,0x00000000ff480000)
  to   space 11776K, 0% used [0x00000000ff480000,0x00000000ff480000,0x0000000100000000)
 ParOldGen       total 56832K, used 27815K [0x00000000c1a00000, 0x00000000c5180000, 0x00000000eb300000)
  object space 56832K, 48% used [0x00000000c1a00000,0x00000000c3529f80,0x00000000c5180000)
 PSPermGen       total 61440K, used 30718K [0x00000000bc800000, 0x00000000c0400000, 0x00000000c1a00000)
  object space 61440K, 49% used [0x00000000bc800000,0x00000000be5ff9e0,0x00000000c0400000)
}
Event: 20.706 GC heap before
{Heap before GC invocations=15 (full 1):
 PSYoungGen      total 329216K, used 318845K [0x00000000eb300000, 0x0000000100000000, 0x0000000100000000)
  eden space 317440K, 100% used [0x00000000eb300000,0x00000000fe900000,0x00000000fe900000)
  from space 11776K, 11% used [0x00000000fe900000,0x00000000fea5f5d8,0x00000000ff480000)
  to   space 11776K, 0% used [0x00000000ff480000,0x00000000ff480000,0x0000000100000000)
 ParOldGen       total 56832K, used 27815K [0x00000000c1a00000, 0x00000000c5180000, 0x00000000eb300000)
  object space 56832K, 48% used [0x00000000c1a00000,0x00000000c3529f80,0x00000000c5180000)
 PSPermGen       total 61440K, used 31019K [0x00000000bc800000, 0x00000000c0400000, 0x00000000c1a00000)
  object space 61440K, 50% used [0x00000000bc800000,0x00000000be64af98,0x00000000c0400000)
Event: 20.709 GC heap after
Heap after GC invocations=15 (full 1):
 PSYoungGen      total 328192K, used 2691K [0x00000000eb300000, 0x00000000fff00000, 0x0000000100000000)
  eden space 317440K, 0% used [0x00000000eb300000,0x00000000eb300000,0x00000000fe900000)
  from space 10752K, 25% used [0x00000000ff480000,0x00000000ff720c58,0x00000000fff00000)
  to   space 11264K, 0% used [0x00000000fe900000,0x00000000fe900000,0x00000000ff400000)
 ParOldGen       total 56832K, used 28336K [0x00000000c1a00000, 0x00000000c5180000, 0x00000000eb300000)
  object space 56832K, 49% used [0x00000000c1a00000,0x00000000c35ac0e8,0x00000000c5180000)
 PSPermGen       total 61440K, used 31019K [0x00000000bc800000, 0x00000000c0400000, 0x00000000c1a00000)
  object space 61440K, 50% used [0x00000000bc800000,0x00000000be64af98,0x00000000c0400000)
}

