# JRE version: Java(TM) SE Runtime Environment (8.0_91-b14) (build 1.8.0_91-b14)
# Java VM: Java HotSpot(TM) 64-Bit Server VM (25.91-b14 mixed mode bsd-amd64 compressed oops)
Heap:
 PSYoungGen      total 1389056K, used 1228949K [0x000000076ab00000, 0x00000007c0000000, 0x00000007c0000000)
  eden space 1381376K, 88% used [0x000000076ab00000,0x00000007b5617430,0x00000007bf000000)
  from space 7680K, 67% used [0x00000007bf000000,0x00000007bf50e3a0,0x00000007bf780000)
  to   space 7680K, 0% used [0x00000007bf880000,0x00000007bf880000,0x00000007c0000000)
 ParOldGen       total 210944K, used 164708K [0x00000006c0000000, 0x00000006cce00000, 0x000000076ab00000)
  object space 210944K, 78% used [0x00000006c0000000,0x00000006ca0d9200,0x00000006cce00000)
 Metaspace       used 34172K, capacity 35796K, committed 36008K, reserved 1081344K
  class space    used 4159K, capacity 4630K, committed 4656K, reserved 1048576K
GC Heap History (10 events):
Event: 465.256 GC heap before
{Heap before GC invocations=391 (full 2):
 PSYoungGen      total 1389568K, used 1387421K [0x000000076ab00000, 0x00000007c0000000, 0x00000007c0000000)
  eden space 1381376K, 100% used [0x000000076ab00000,0x00000007bf000000,0x00000007bf000000)
  from space 8192K, 73% used [0x00000007bf800000,0x00000007bfde7788,0x00000007c0000000)
  to   space 8192K, 0% used [0x00000007bf000000,0x00000007bf000000,0x00000007bf800000)
 ParOldGen       total 210944K, used 163894K [0x00000006c0000000, 0x00000006cce00000, 0x000000076ab00000)
  object space 210944K, 77% used [0x00000006c0000000,0x00000006ca00d960,0x00000006cce00000)
 Metaspace       used 34150K, capacity 35796K, committed 36008K, reserved 1081344K
  class space    used 4159K, capacity 4630K, committed 4656K, reserved 1048576K
Event: 465.259 GC heap after
Heap after GC invocations=391 (full 2):
 PSYoungGen      total 1389568K, used 6034K [0x000000076ab00000, 0x00000007c0000000, 0x00000007c0000000)
  eden space 1381376K, 0% used [0x000000076ab00000,0x000000076ab00000,0x00000007bf000000)
  from space 8192K, 73% used [0x00000007bf000000,0x00000007bf5e48e8,0x00000007bf800000)
  to   space 8192K, 0% used [0x00000007bf800000,0x00000007bf800000,0x00000007c0000000)
 ParOldGen       total 210944K, used 164032K [0x00000006c0000000, 0x00000006cce00000, 0x000000076ab00000)
  object space 210944K, 77% used [0x00000006c0000000,0x00000006ca0301e0,0x00000006cce00000)
 Metaspace       used 34150K, capacity 35796K, committed 36008K, reserved 1081344K
  class space    used 4159K, capacity 4630K, committed 4656K, reserved 1048576K
}
Event: 465.936 GC heap before
{Heap before GC invocations=392 (full 2):
 PSYoungGen      total 1389568K, used 1387410K [0x000000076ab00000, 0x00000007c0000000, 0x00000007c0000000)
  eden space 1381376K, 100% used [0x000000076ab00000,0x00000007bf000000,0x00000007bf000000)
  from space 8192K, 73% used [0x00000007bf000000,0x00000007bf5e48e8,0x00000007bf800000)
  to   space 8192K, 0% used [0x00000007bf800000,0x00000007bf800000,0x00000007c0000000)
 ParOldGen       total 210944K, used 164032K [0x00000006c0000000, 0x00000006cce00000, 0x000000076ab00000)
  object space 210944K, 77% used [0x00000006c0000000,0x00000006ca0301e0,0x00000006cce00000)
 Metaspace       used 34152K, capacity 35796K, committed 36008K, reserved 1081344K
  class space    used 4159K, capacity 4630K, committed 4656K, reserved 1048576K
Event: 465.942 GC heap after
Heap after GC invocations=392 (full 2):
 PSYoungGen      total 1389568K, used 6106K [0x000000076ab00000, 0x00000007c0000000, 0x00000007c0000000)
  eden space 1381376K, 0% used [0x000000076ab00000,0x000000076ab00000,0x00000007bf000000)
  from space 8192K, 74% used [0x00000007bf800000,0x00000007bfdf6900,0x00000007c0000000)
  to   space 8192K, 0% used [0x00000007bf000000,0x00000007bf000000,0x00000007bf800000)
 ParOldGen       total 210944K, used 164032K [0x00000006c0000000, 0x00000006cce00000, 0x000000076ab00000)
  object space 210944K, 77% used [0x00000006c0000000,0x00000006ca0301e0,0x00000006cce00000)
 Metaspace       used 34152K, capacity 35796K, committed 36008K, reserved 1081344K
  class space    used 4159K, capacity 4630K, committed 4656K, reserved 1048576K
}
Event: 466.642 GC heap before
{Heap before GC invocations=393 (full 2):
 PSYoungGen      total 1389568K, used 1387482K [0x000000076ab00000, 0x00000007c0000000, 0x00000007c0000000)
  eden space 1381376K, 100% used [0x000000076ab00000,0x00000007bf000000,0x00000007bf000000)
  from space 8192K, 74% used [0x00000007bf800000,0x00000007bfdf6900,0x00000007c0000000)
  to   space 8192K, 0% used [0x00000007bf000000,0x00000007bf000000,0x00000007bf800000)
 ParOldGen       total 210944K, used 164032K [0x00000006c0000000, 0x00000006cce00000, 0x000000076ab00000)
  object space 210944K, 77% used [0x00000006c0000000,0x00000006ca0301e0,0x00000006cce00000)
 Metaspace       used 34154K, capacity 35796K, committed 36008K, reserved 1081344K
  class space    used 4159K, capacity 4630K, committed 4656K, reserved 1048576K
Event: 466.648 GC heap after
Heap after GC invocations=393 (full 2):
 PSYoungGen      total 1387008K, used 5251K [0x000000076ab00000, 0x00000007bff00000, 0x00000007c0000000)
  eden space 1381376K, 0% used [0x000000076ab00000,0x000000076ab00000,0x00000007bf000000)
  from space 5632K, 93% used [0x00000007bf000000,0x00000007bf520eb0,0x00000007bf580000)
  to   space 7680K, 0% used [0x00000007bf780000,0x00000007bf780000,0x00000007bff00000)
 ParOldGen       total 210944K, used 164223K [0x00000006c0000000, 0x00000006cce00000, 0x000000076ab00000)
  object space 210944K, 77% used [0x00000006c0000000,0x00000006ca05fea0,0x00000006cce00000)
 Metaspace       used 34154K, capacity 35796K, committed 36008K, reserved 1081344K
  class space    used 4159K, capacity 4630K, committed 4656K, reserved 1048576K
}
Event: 467.416 GC heap before
{Heap before GC invocations=394 (full 2):
 PSYoungGen      total 1387008K, used 1386627K [0x000000076ab00000, 0x00000007bff00000, 0x00000007c0000000)
  eden space 1381376K, 100% used [0x000000076ab00000,0x00000007bf000000,0x00000007bf000000)
  from space 5632K, 93% used [0x00000007bf000000,0x00000007bf520eb0,0x00000007bf580000)
  to   space 7680K, 0% used [0x00000007bf780000,0x00000007bf780000,0x00000007bff00000)
 ParOldGen       total 210944K, used 164223K [0x00000006c0000000, 0x00000006cce00000, 0x000000076ab00000)
  object space 210944K, 77% used [0x00000006c0000000,0x00000006ca05fea0,0x00000006cce00000)
 Metaspace       used 34156K, capacity 35796K, committed 36008K, reserved 1081344K
  class space    used 4159K, capacity 4630K, committed 4656K, reserved 1048576K
Event: 467.420 GC heap after
Heap after GC invocations=394 (full 2):
 PSYoungGen      total 1389056K, used 5659K [0x000000076ab00000, 0x00000007c0000000, 0x00000007c0000000)
  eden space 1381376K, 0% used [0x000000076ab00000,0x000000076ab00000,0x00000007bf000000)
  from space 7680K, 73% used [0x00000007bf780000,0x00000007bfd06f38,0x00000007bff00000)
  to   space 7680K, 0% used [0x00000007bf000000,0x00000007bf000000,0x00000007bf780000)
 ParOldGen       total 210944K, used 164223K [0x00000006c0000000, 0x00000006cce00000, 0x000000076ab00000)
  object space 210944K, 77% used [0x00000006c0000000,0x00000006ca05fea0,0x00000006cce00000)
 Metaspace       used 34156K, capacity 35796K, committed 36008K, reserved 1081344K
  class space    used 4159K, capacity 4630K, committed 4656K, reserved 1048576K
}
Event: 468.176 GC heap before
{Heap before GC invocations=395 (full 2):
 PSYoungGen      total 1389056K, used 1387035K [0x000000076ab00000, 0x00000007c0000000, 0x00000007c0000000)
  eden space 1381376K, 100% used [0x000000076ab00000,0x00000007bf000000,0x00000007bf000000)
  from space 7680K, 73% used [0x00000007bf780000,0x00000007bfd06f38,0x00000007bff00000)
  to   space 7680K, 0% used [0x00000007bf000000,0x00000007bf000000,0x00000007bf780000)
 ParOldGen       total 210944K, used 164223K [0x00000006c0000000, 0x00000006cce00000, 0x000000076ab00000)
  object space 210944K, 77% used [0x00000006c0000000,0x00000006ca05fea0,0x00000006cce00000)
 Metaspace       used 34163K, capacity 35796K, committed 36008K, reserved 1081344K
  class space    used 4159K, capacity 4630K, committed 4656K, reserved 1048576K
Event: 468.180 GC heap after
Heap after GC invocations=395 (full 2):
 PSYoungGen      total 1389056K, used 5176K [0x000000076ab00000, 0x00000007c0000000, 0x00000007c0000000)
  eden space 1381376K, 0% used [0x000000076ab00000,0x000000076ab00000,0x00000007bf000000)
  from space 7680K, 67% used [0x00000007bf000000,0x00000007bf50e3a0,0x00000007bf780000)
  to   space 7680K, 0% used [0x00000007bf880000,0x00000007bf880000,0x00000007c0000000)
 ParOldGen       total 210944K, used 164708K [0x00000006c0000000, 0x00000006cce00000, 0x000000076ab00000)
  object space 210944K, 78% used [0x00000006c0000000,0x00000006ca0d9200,0x00000006cce00000)
 Metaspace       used 34163K, capacity 35796K, committed 36008K, reserved 1081344K
  class space    used 4159K, capacity 4630K, committed 4656K, reserved 1048576K
}

